"Iniciando cambios para el paquete KB3055642. El estado actual es Instalado. El estado de destino es Almacenado provisionalmente. Identificador de cliente: WindowsUpdateAgent.";"1";"0";;"0";"0";"0";"-9223372036854775808";"1141";"Microsoft-Windows-Servicing";"bd12f3b8-fc40-4a61-a307-b7a013a069c1";"Setup";"920";"2316";"SCTEST04.aitsoporte.local";"S-1-5-18";"09/12/2017 06:01:58 p.m.";;;"e:\sync\scripting\powershell\visoreventos\setup.evtx";"System.UInt32[]";"System.Diagnostics.Eventing.Reader.EventBookmark";"Informaci?n";"Informaci?n";;"System.Collections.ObjectModel.ReadOnlyCollection`1[System.String]";"System.Collections.Generic.List`1[System.Diagnostics.Eventing.Reader.EventProperty]"
"Se cambi? el paquete KB3086255 correctamente al estado Almacenado provisionalmente.";"2";"0";;"0";"0";"0";"-9223372036854775808";"1140";"Microsoft-Windows-Servicing";"bd12f3b8-fc40-4a61-a307-b7a013a069c1";"Setup";"920";"2316";"SCTEST04.aitsoporte.local";"S-1-5-18";"09/12/2017 06:01:58 p.m.";;;"e:\sync\scripting\powershell\visoreventos\setup.evtx";"System.UInt32[]";"System.Diagnostics.Eventing.Reader.EventBookmark";"Informaci?n";"Informaci?n";;"System.Collections.ObjectModel.ReadOnlyCollection`1[System.String]";"System.Collections.Generic.List`1[System.Diagnostics.Eventing.Reader.EventProperty]"
"Iniciando cambios para el paquete KB3086255. El estado actual es Instalado. El estado de destino es Almacenado provisionalmente. Identificador de cliente: WindowsUpdateAgent.";"1";"0";;"0";"0";"0";"-9223372036854775808";"1139";"Microsoft-Windows-Servicing";"bd12f3b8-fc40-4a61-a307-b7a013a069c1";"Setup";"920";"2316";"SCTEST04.aitsoporte.local";"S-1-5-18";"09/12/2017 06:01:58 p.m.";;;"e:\sync\scripting\powershell\visoreventos\setup.evtx";"System.UInt32[]";"System.Diagnostics.Eventing.Reader.EventBookmark";"Informaci?n";"Informaci?n";;"System.Collections.ObjectModel.ReadOnlyCollection`1[System.String]";"System.Collections.Generic.List`1[System.Diagnostics.Eventing.Reader.EventProperty]"
"Se cambi? el paquete KB3084135 correctamente al estado Almacenado provisionalmente.";"2";"0";;"0";"0";"0";"-9223372036854775808";"1138";"Microsoft-Windows-Servicing";"bd12f3b8-fc40-4a61-a307-b7a013a069c1";"Setup";"920";"2316";"SCTEST04.aitsoporte.local";"S-1-5-18";"09/12/2017 06:01:58 p.m.";;;"e:\sync\scripting\powershell\visoreventos\setup.evtx";"System.UInt32[]";"System.Diagnostics.Eventing.Reader.EventBookmark";"Informaci?n";"Informaci?n";;"System.Collections.ObjectModel.ReadOnlyCollection`1[System.String]";"System.Collections.Generic.List`1[System.Diagnostics.Eventing.Reader.EventProperty]"
"Iniciando cambios para el paquete KB3084135. El estado actual es Instalado. El estado de destino es Almacenado provisionalmente. Identificador de cliente: WindowsUpdateAgent.";"1";"0";;"0";"0";"0";"-9223372036854775808";"1137";"Microsoft-Windows-Servicing";"bd12f3b8-fc40-4a61-a307-b7a013a069c1";"Setup";"920";"2316";"SCTEST04.aitsoporte.local";"S-1-5-18";"09/12/2017 06:01:58 p.m.";;;"e:\sync\scripting\powershell\visoreventos\setup.evtx";"System.UInt32[]";"System.Diagnostics.Eventing.Reader.EventBookmark";"Informaci?n";"Informaci?n";;"System.Collections.ObjectModel.ReadOnlyCollection`1[System.String]";"System.Collections.Generic.List`1[System.Diagnostics.Eventing.Reader.EventProperty]"
"Se cambi? el paquete KB3155178 correctamente al estado Almacenado provisionalmente.";"2";"0";;"0";"0";"0";"-9223372036854775808";"1136";"Microsoft-Windows-Servicing";"bd12f3b8-fc40-4a61-a307-b7a013a069c1";"Setup";"920";"2316";"SCTEST04.aitsoporte.local";"S-1-5-18";"09/12/2017 06:01:57 p.m.";;;"e:\sync\scripting\powershell\visoreventos\setup.evtx";"System.UInt32[]";"System.Diagnostics.Eventing.Reader.EventBookmark";"Informaci?n";"Informaci?n";;"System.Collections.ObjectModel.ReadOnlyCollection`1[System.String]";"System.Collections.Generic.List`1[System.Diagnostics.Eventing.Reader.EventProperty]"
"Iniciando cambios para el paquete KB3155178. El estado actual es Instalado. El estado de destino es Almacenado provisionalmente. Identificador de cliente: WindowsUpdateAgent.";"1";"0";;"0";"0";"0";"-9223372036854775808";"1135";"Microsoft-Windows-Servicing";"bd12f3b8-fc40-4a61-a307-b7a013a069c1";"Setup";"920";"2316";"SCTEST04.aitsoporte.local";"S-1-5-18";"09/12/2017 06:01:57 p.m.";;;"e:\sync\scripting\powershell\visoreventos\setup.evtx";"System.UInt32[]";"System.Diagnostics.Eventing.Reader.EventBookmark";"Informaci?n";"Informaci?n";;"System.Collections.ObjectModel.ReadOnlyCollection`1[System.String]";"System.Collections.Generic.List`1[System.Diagnostics.Eventing.Reader.EventProperty]"
"Se cambi? el paquete KB2978742 correctamente al estado Almacenado provisionalmente.";"2";"0";;"0";"0";"0";"-9223372036854775808";"1134";"Microsoft-Windows-Servicing";"bd12f3b8-fc40-4a61-a307-b7a013a069c1";"Setup";"920";"2316";"SCTEST04.aitsoporte.local";"S-1-5-18";"09/12/2017 06:01:57 p.m.";;;"e:\sync\scripting\powershell\visoreventos\setup.evtx";"System.UInt32[]";"System.Diagnostics.Eventing.Reader.EventBookmark";"Informaci?n";"Informaci?n";;"System.Collections.ObjectModel.ReadOnlyCollection`1[System.String]";"System.Collections.Generic.List`1[System.Diagnostics.Eventing.Reader.EventProperty]"
"Iniciando cambios para el paquete KB2978742. El estado actual es Instalado. El estado de destino es Almacenado provisionalmente. Identificador de cliente: WindowsUpdateAgent.";"1";"0";;"0";"0";"0";"-9223372036854775808";"1133";"Microsoft-Windows-Servicing";"bd12f3b8-fc40-4a61-a307-b7a013a069c1";"Setup";"920";"2316";"SCTEST04.aitsoporte.local";"S-1-5-18";"09/12/2017 06:01:56 p.m.";;;"e:\sync\scripting\powershell\visoreventos\setup.evtx";"System.UInt32[]";"System.Diagnostics.Eventing.Reader.EventBookmark";"Informaci?n";"Informaci?n";;"System.Collections.ObjectModel.ReadOnlyCollection`1[System.String]";"System.Collections.Generic.List`1[System.Diagnostics.Eventing.Reader.EventProperty]"
"Se cambi? el paquete KB3108664 correctamente al estado Almacenado provisionalmente.";"2";"0";;"0";"0";"0";"-9223372036854775808";"1132";"Microsoft-Windows-Servicing";"bd12f3b8-fc40-4a61-a307-b7a013a069c1";"Setup";"920";"2316";"SCTEST04.aitsoporte.local";"S-1-5-18";"09/12/2017 06:01:56 p.m.";;;"e:\sync\scripting\powershell\visoreventos\setup.evtx";"System.UInt32[]";"System.Diagnostics.Eventing.Reader.EventBookmark";"Informaci?n";"Informaci?n";;"System.Collections.ObjectModel.ReadOnlyCollection`1[System.String]";"System.Collections.Generic.List`1[System.Diagnostics.Eventing.Reader.EventProperty]"
"Iniciando cambios para el paquete KB3108664. El estado actual es Instalado. El estado de destino es Almacenado provisionalmente. Identificador de cliente: WindowsUpdateAgent.";"1";"0";;"0";"0";"0";"-9223372036854775808";"1131";"Microsoft-Windows-Servicing";"bd12f3b8-fc40-4a61-a307-b7a013a069c1";"Setup";"920";"2316";"SCTEST04.aitsoporte.local";"S-1-5-18";"09/12/2017 06:01:56 p.m.";;;"e:\sync\scripting\powershell\visoreventos\setup.evtx";"System.UInt32[]";"System.Diagnostics.Eventing.Reader.EventBookmark";"Informaci?n";"Informaci?n";;"System.Collections.ObjectModel.ReadOnlyCollection`1[System.String]";"System.Collections.Generic.List`1[System.Diagnostics.Eventing.Reader.EventProperty]"
"Se cambi? el paquete KB4048957 correctamente al estado Almacenado provisionalmente.";"2";"0";;"0";"0";"0";"-9223372036854775808";"1130";"Microsoft-Windows-Servicing";"bd12f3b8-fc40-4a61-a307-b7a013a069c1";"Setup";"920";"2316";"SCTEST04.aitsoporte.local";"S-1-5-18";"09/12/2017 06:01:56 p.m.";;;"e:\sync\scripting\powershell\visoreventos\setup.evtx";"System.UInt32[]";"System.Diagnostics.Eventing.Reader.EventBookmark";"Informaci?n";"Informaci?n";;"System.Collections.ObjectModel.ReadOnlyCollection`1[System.String]";"System.Collections.Generic.List`1[System.Diagnostics.Eventing.Reader.EventProperty]"
"Iniciando cambios para el paquete KB4048957. El estado actual es Instalado. El estado de destino es Almacenado provisionalmente. Identificador de cliente: WindowsUpdateAgent.";"1";"0";;"0";"0";"0";"-9223372036854775808";"1129";"Microsoft-Windows-Servicing";"bd12f3b8-fc40-4a61-a307-b7a013a069c1";"Setup";"920";"2316";"SCTEST04.aitsoporte.local";"S-1-5-18";"09/12/2017 06:01:11 p.m.";;;"e:\sync\scripting\powershell\visoreventos\setup.evtx";"System.UInt32[]";"System.Diagnostics.Eventing.Reader.EventBookmark";"Informaci?n";"Informaci?n";;"System.Collections.ObjectModel.ReadOnlyCollection`1[System.String]";"System.Collections.Generic.List`1[System.Diagnostics.Eventing.Reader.EventProperty]"
"No se pudo cambiar el paquete KB3067903 al estado Almacenado provisionalmente. Estado: 0x800f0816.";"3";"0";;"0";"0";"0";"-9223372036854775808";"1128";"Microsoft-Windows-Servicing";"bd12f3b8-fc40-4a61-a307-b7a013a069c1";"Setup";"920";"2316";"SCTEST04.aitsoporte.local";"S-1-5-18";"09/12/2017 05:59:33 p.m.";;;"e:\sync\scripting\powershell\visoreventos\setup.evtx";"System.UInt32[]";"System.Diagnostics.Eventing.Reader.EventBookmark";"Informaci?n";"Informaci?n";;"System.Collections.ObjectModel.ReadOnlyCollection`1[System.String]";"System.Collections.Generic.List`1[System.Diagnostics.Eventing.Reader.EventProperty]"
"Iniciando cambios para el paquete KB3067903. El estado actual es Resuelto. El estado de destino es Almacenado provisionalmente. Identificador de cliente: WindowsUpdateAgent.";"1";"0";;"0";"0";"0";"-9223372036854775808";"1127";"Microsoft-Windows-Servicing";"bd12f3b8-fc40-4a61-a307-b7a013a069c1";"Setup";"920";"2316";"SCTEST04.aitsoporte.local";"S-1-5-18";"09/12/2017 05:59:33 p.m.";;;"e:\sync\scripting\powershell\visoreventos\setup.evtx";"System.UInt32[]";"System.Diagnostics.Eventing.Reader.EventBookmark";"Informaci?n";"Informaci?n";;"System.Collections.ObjectModel.ReadOnlyCollection`1[System.String]";"System.Collections.Generic.List`1[System.Diagnostics.Eventing.Reader.EventProperty]"
"Se cambi? el paquete KB3019978 correctamente al estado Almacenado provisionalmente.";"2";"0";;"0";"0";"0";"-9223372036854775808";"1126";"Microsoft-Windows-Servicing";"bd12f3b8-fc40-4a61-a307-b7a013a069c1";"Setup";"920";"2316";"SCTEST04.aitsoporte.local";"S-1-5-18";"09/12/2017 05:59:32 p.m.";;;"e:\sync\scripting\powershell\visoreventos\setup.evtx";"System.UInt32[]";"System.Diagnostics.Eventing.Reader.EventBookmark";"Informaci?n";"Informaci?n";;"System.Collections.ObjectModel.ReadOnlyCollection`1[System.String]";"System.Collections.Generic.List`1[System.Diagnostics.Eventing.Reader.EventProperty]"
"Iniciando cambios para el paquete KB3019978. El estado actual es Instalado. El estado de destino es Almacenado provisionalmente. Identificador de cliente: WindowsUpdateAgent.";"1";"0";;"0";"0";"0";"-9223372036854775808";"1125";"Microsoft-Windows-Servicing";"bd12f3b8-fc40-4a61-a307-b7a013a069c1";"Setup";"920";"2316";"SCTEST04.aitsoporte.local";"S-1-5-18";"09/12/2017 05:59:31 p.m.";;;"e:\sync\scripting\powershell\visoreventos\setup.evtx";"System.UInt32[]";"System.Diagnostics.Eventing.Reader.EventBookmark";"Informaci?n";"Informaci?n";;"System.Collections.ObjectModel.ReadOnlyCollection`1[System.String]";"System.Collections.Generic.List`1[System.Diagnostics.Eventing.Reader.EventProperty]"
"Se cambi? el paquete KB2585542 correctamente al estado Almacenado provisionalmente.";"2";"0";;"0";"0";"0";"-9223372036854775808";"1124";"Microsoft-Windows-Servicing";"bd12f3b8-fc40-4a61-a307-b7a013a069c1";"Setup";"920";"2316";"SCTEST04.aitsoporte.local";"S-1-5-18";"09/12/2017 05:59:31 p.m.";;;"e:\sync\scripting\powershell\visoreventos\setup.evtx";"System.UInt32[]";"System.Diagnostics.Eventing.Reader.EventBookmark";"Informaci?n";"Informaci?n";;"System.Collections.ObjectModel.ReadOnlyCollection`1[System.String]";"System.Collections.Generic.List`1[System.Diagnostics.Eventing.Reader.EventProperty]"
"Iniciando cambios para el paquete KB2585542. El estado actual es Instalado. El estado de destino es Almacenado provisionalmente. Identificador de cliente: WindowsUpdateAgent.";"1";"0";;"0";"0";"0";"-9223372036854775808";"1123";"Microsoft-Windows-Servicing";"bd12f3b8-fc40-4a61-a307-b7a013a069c1";"Setup";"920";"2316";"SCTEST04.aitsoporte.local";"S-1-5-18";"09/12/2017 05:59:30 p.m.";;;"e:\sync\scripting\powershell\visoreventos\setup.evtx";"System.UInt32[]";"System.Diagnostics.Eventing.Reader.EventBookmark";"Informaci?n";"Informaci?n";;"System.Collections.ObjectModel.ReadOnlyCollection`1[System.String]";"System.Collections.Generic.List`1[System.Diagnostics.Eventing.Reader.EventProperty]"
"No se pudo cambiar el paquete KB2479943 al estado Almacenado provisionalmente. Estado: 0x800f0816.";"3";"0";;"0";"0";"0";"-9223372036854775808";"1122";"Microsoft-Windows-Servicing";"bd12f3b8-fc40-4a61-a307-b7a013a069c1";"Setup";"920";"2316";"SCTEST04.aitsoporte.local";"S-1-5-18";"09/12/2017 05:59:27 p.m.";;;"e:\sync\scripting\powershell\visoreventos\setup.evtx";"System.UInt32[]";"System.Diagnostics.Eventing.Reader.EventBookmark";"Informaci?n";"Informaci?n";;"System.Collections.ObjectModel.ReadOnlyCollection`1[System.String]";"System.Collections.Generic.List`1[System.Diagnostics.Eventing.Reader.EventProperty]"
"Iniciando cambios para el paquete KB2479943. El estado actual es Resuelto. El estado de destino es Almacenado provisionalmente. Identificador de cliente: WindowsUpdateAgent.";"1";"0";;"0";"0";"0";"-9223372036854775808";"1121";"Microsoft-Windows-Servicing";"bd12f3b8-fc40-4a61-a307-b7a013a069c1";"Setup";"920";"2316";"SCTEST04.aitsoporte.local";"S-1-5-18";"09/12/2017 05:59:25 p.m.";;;"e:\sync\scripting\powershell\visoreventos\setup.evtx";"System.UInt32[]";"System.Diagnostics.Eventing.Reader.EventBookmark";"Informaci?n";"Informaci?n";;"System.Collections.ObjectModel.ReadOnlyCollection`1[System.String]";"System.Collections.Generic.List`1[System.Diagnostics.Eventing.Reader.EventProperty]"
"No se pudo cambiar el paquete KB2560656 al estado Almacenado provisionalmente. Estado: 0x800f0816.";"3";"0";;"0";"0";"0";"-9223372036854775808";"1120";"Microsoft-Windows-Servicing";"bd12f3b8-fc40-4a61-a307-b7a013a069c1";"Setup";"920";"2316";"SCTEST04.aitsoporte.local";"S-1-5-18";"09/12/2017 05:59:20 p.m.";;;"e:\sync\scripting\powershell\visoreventos\setup.evtx";"System.UInt32[]";"System.Diagnostics.Eventing.Reader.EventBookmark";"Informaci?n";"Informaci?n";;"System.Collections.ObjectModel.ReadOnlyCollection`1[System.String]";"System.Collections.Generic.List`1[System.Diagnostics.Eventing.Reader.EventProperty]"
"Iniciando cambios para el paquete KB2560656. El estado actual es Resuelto. El estado de destino es Almacenado provisionalmente. Identificador de cliente: WindowsUpdateAgent.";"1";"0";;"0";"0";"0";"-9223372036854775808";"1119";"Microsoft-Windows-Servicing";"bd12f3b8-fc40-4a61-a307-b7a013a069c1";"Setup";"920";"2316";"SCTEST04.aitsoporte.local";"S-1-5-18";"09/12/2017 05:59:18 p.m.";;;"e:\sync\scripting\powershell\visoreventos\setup.evtx";"System.UInt32[]";"System.Diagnostics.Eventing.Reader.EventBookmark";"Informaci?n";"Informaci?n";;"System.Collections.ObjectModel.ReadOnlyCollection`1[System.String]";"System.Collections.Generic.List`1[System.Diagnostics.Eventing.Reader.EventProperty]"
"No se pudo cambiar el paquete KB2620704 al estado Almacenado provisionalmente. Estado: 0x800f0816.";"3";"0";;"0";"0";"0";"-9223372036854775808";"1118";"Microsoft-Windows-Servicing";"bd12f3b8-fc40-4a61-a307-b7a013a069c1";"Setup";"920";"2316";"SCTEST04.aitsoporte.local";"S-1-5-18";"09/12/2017 05:59:15 p.m.";;;"e:\sync\scripting\powershell\visoreventos\setup.evtx";"System.UInt32[]";"System.Diagnostics.Eventing.Reader.EventBookmark";"Informaci?n";"Informaci?n";;"System.Collections.ObjectModel.ReadOnlyCollection`1[System.String]";"System.Collections.Generic.List`1[System.Diagnostics.Eventing.Reader.EventProperty]"
"Iniciando cambios para el paquete KB2620704. El estado actual es Resuelto. El estado de destino es Almacenado provisionalmente. Identificador de cliente: WindowsUpdateAgent.";"1";"0";;"0";"0";"0";"-9223372036854775808";"1117";"Microsoft-Windows-Servicing";"bd12f3b8-fc40-4a61-a307-b7a013a069c1";"Setup";"920";"2316";"SCTEST04.aitsoporte.local";"S-1-5-18";"09/12/2017 05:59:14 p.m.";;;"e:\sync\scripting\powershell\visoreventos\setup.evtx";"System.UInt32[]";"System.Diagnostics.Eventing.Reader.EventBookmark";"Informaci?n";"Informaci?n";;"System.Collections.ObjectModel.ReadOnlyCollection`1[System.String]";"System.Collections.Generic.List`1[System.Diagnostics.Eventing.Reader.EventProperty]"
"Se cambi? el paquete KB3108664 correctamente al estado Instalado.";"2";"0";;"0";"0";"0";"-9223372036854775808";"1116";"Microsoft-Windows-Servicing";"bd12f3b8-fc40-4a61-a307-b7a013a069c1";"Setup";"920";"408";"SCTEST04.aitsoporte.local";"S-1-5-18";"09/12/2017 05:56:59 p.m.";;;"e:\sync\scripting\powershell\visoreventos\setup.evtx";"System.UInt32[]";"System.Diagnostics.Eventing.Reader.EventBookmark";"Informaci?n";"Informaci?n";;"System.Collections.ObjectModel.ReadOnlyCollection`1[System.String]";"System.Collections.Generic.List`1[System.Diagnostics.Eventing.Reader.EventProperty]"
"Se cambi? el paquete KB3086255 correctamente al estado Instalado.";"2";"0";;"0";"0";"0";"-9223372036854775808";"1115";"Microsoft-Windows-Servicing";"bd12f3b8-fc40-4a61-a307-b7a013a069c1";"Setup";"920";"408";"SCTEST04.aitsoporte.local";"S-1-5-18";"09/12/2017 05:56:59 p.m.";;;"e:\sync\scripting\powershell\visoreventos\setup.evtx";"System.UInt32[]";"System.Diagnostics.Eventing.Reader.EventBookmark";"Informaci?n";"Informaci?n";;"System.Collections.ObjectModel.ReadOnlyCollection`1[System.String]";"System.Collections.Generic.List`1[System.Diagnostics.Eventing.Reader.EventProperty]"
"Se cambi? el paquete KB2978742 correctamente al estado Instalado.";"2";"0";;"0";"0";"0";"-9223372036854775808";"1114";"Microsoft-Windows-Servicing";"bd12f3b8-fc40-4a61-a307-b7a013a069c1";"Setup";"920";"408";"SCTEST04.aitsoporte.local";"S-1-5-18";"09/12/2017 05:56:59 p.m.";;;"e:\sync\scripting\powershell\visoreventos\setup.evtx";"System.UInt32[]";"System.Diagnostics.Eventing.Reader.EventBookmark";"Informaci?n";"Informaci?n";;"System.Collections.ObjectModel.ReadOnlyCollection`1[System.String]";"System.Collections.Generic.List`1[System.Diagnostics.Eventing.Reader.EventProperty]"
"Se cambi? el paquete KB3055642 correctamente al estado Instalado.";"2";"0";;"0";"0";"0";"-9223372036854775808";"1113";"Microsoft-Windows-Servicing";"bd12f3b8-fc40-4a61-a307-b7a013a069c1";"Setup";"920";"408";"SCTEST04.aitsoporte.local";"S-1-5-18";"09/12/2017 05:56:59 p.m.";;;"e:\sync\scripting\powershell\visoreventos\setup.evtx";"System.UInt32[]";"System.Diagnostics.Eventing.Reader.EventBookmark";"Informaci?n";"Informaci?n";;"System.Collections.ObjectModel.ReadOnlyCollection`1[System.String]";"System.Collections.Generic.List`1[System.Diagnostics.Eventing.Reader.EventProperty]"
"Se cambi? el paquete KB3019978 correctamente al estado Instalado.";"2";"0";;"0";"0";"0";"-9223372036854775808";"1112";"Microsoft-Windows-Servicing";"bd12f3b8-fc40-4a61-a307-b7a013a069c1";"Setup";"920";"408";"SCTEST04.aitsoporte.local";"S-1-5-18";"09/12/2017 05:56:59 p.m.";;;"e:\sync\scripting\powershell\visoreventos\setup.evtx";"System.UInt32[]";"System.Diagnostics.Eventing.Reader.EventBookmark";"Informaci?n";"Informaci?n";;"System.Collections.ObjectModel.ReadOnlyCollection`1[System.String]";"System.Collections.Generic.List`1[System.Diagnostics.Eventing.Reader.EventProperty]"
"Se cambi? el paquete KB3084135 correctamente al estado Instalado.";"2";"0";;"0";"0";"0";"-9223372036854775808";"1111";"Microsoft-Windows-Servicing";"bd12f3b8-fc40-4a61-a307-b7a013a069c1";"Setup";"920";"408";"SCTEST04.aitsoporte.local";"S-1-5-18";"09/12/2017 05:56:59 p.m.";;;"e:\sync\scripting\powershell\visoreventos\setup.evtx";"System.UInt32[]";"System.Diagnostics.Eventing.Reader.EventBookmark";"Informaci?n";"Informaci?n";;"System.Collections.ObjectModel.ReadOnlyCollection`1[System.String]";"System.Collections.Generic.List`1[System.Diagnostics.Eventing.Reader.EventProperty]"
"Se cambi? el paquete KB3115858 correctamente al estado Instalado.";"2";"0";;"0";"0";"0";"-9223372036854775808";"1110";"Microsoft-Windows-Servicing";"bd12f3b8-fc40-4a61-a307-b7a013a069c1";"Setup";"920";"408";"SCTEST04.aitsoporte.local";"S-1-5-18";"09/12/2017 05:56:59 p.m.";;;"e:\sync\scripting\powershell\visoreventos\setup.evtx";"System.UInt32[]";"System.Diagnostics.Eventing.Reader.EventBookmark";"Informaci?n";"Informaci?n";;"System.Collections.ObjectModel.ReadOnlyCollection`1[System.String]";"System.Collections.Generic.List`1[System.Diagnostics.Eventing.Reader.EventProperty]"
"Se cambi? el paquete KB3000483 correctamente al estado Instalado.";"2";"0";;"0";"0";"0";"-9223372036854775808";"1109";"Microsoft-Windows-Servicing";"bd12f3b8-fc40-4a61-a307-b7a013a069c1";"Setup";"920";"408";"SCTEST04.aitsoporte.local";"S-1-5-18";"09/12/2017 05:56:59 p.m.";;;"e:\sync\scripting\powershell\visoreventos\setup.evtx";"System.UInt32[]";"System.Diagnostics.Eventing.Reader.EventBookmark";"Informaci?n";"Informaci?n";;"System.Collections.ObjectModel.ReadOnlyCollection`1[System.String]";"System.Collections.Generic.List`1[System.Diagnostics.Eventing.Reader.EventProperty]"
"Se cambi? el paquete KB2840631 correctamente al estado Instalado.";"2";"0";;"0";"0";"0";"-9223372036854775808";"1108";"Microsoft-Windows-Servicing";"bd12f3b8-fc40-4a61-a307-b7a013a069c1";"Setup";"920";"408";"SCTEST04.aitsoporte.local";"S-1-5-18";"09/12/2017 05:56:59 p.m.";;;"e:\sync\scripting\powershell\visoreventos\setup.evtx";"System.UInt32[]";"System.Diagnostics.Eventing.Reader.EventBookmark";"Informaci?n";"Informaci?n";;"System.Collections.ObjectModel.ReadOnlyCollection`1[System.String]";"System.Collections.Generic.List`1[System.Diagnostics.Eventing.Reader.EventProperty]"
"Se cambi? el paquete KB3075220 correctamente al estado Instalado.";"2";"0";;"0";"0";"0";"-9223372036854775808";"1107";"Microsoft-Windows-Servicing";"bd12f3b8-fc40-4a61-a307-b7a013a069c1";"Setup";"920";"408";"SCTEST04.aitsoporte.local";"S-1-5-18";"09/12/2017 05:56:59 p.m.";;;"e:\sync\scripting\powershell\visoreventos\setup.evtx";"System.UInt32[]";"System.Diagnostics.Eventing.Reader.EventBookmark";"Informaci?n";"Informaci?n";;"System.Collections.ObjectModel.ReadOnlyCollection`1[System.String]";"System.Collections.Generic.List`1[System.Diagnostics.Eventing.Reader.EventProperty]"
"Se cambi? el paquete KB2631813 correctamente al estado Instalado.";"2";"0";;"0";"0";"0";"-9223372036854775808";"1106";"Microsoft-Windows-Servicing";"bd12f3b8-fc40-4a61-a307-b7a013a069c1";"Setup";"920";"408";"SCTEST04.aitsoporte.local";"S-1-5-18";"09/12/2017 05:56:59 p.m.";;;"e:\sync\scripting\powershell\visoreventos\setup.evtx";"System.UInt32[]";"System.Diagnostics.Eventing.Reader.EventBookmark";"Informaci?n";"Informaci?n";;"System.Collections.ObjectModel.ReadOnlyCollection`1[System.String]";"System.Collections.Generic.List`1[System.Diagnostics.Eventing.Reader.EventProperty]"
"Se cambi? el paquete KB3093513 correctamente al estado Instalado.";"2";"0";;"0";"0";"0";"-9223372036854775808";"1105";"Microsoft-Windows-Servicing";"bd12f3b8-fc40-4a61-a307-b7a013a069c1";"Setup";"920";"408";"SCTEST04.aitsoporte.local";"S-1-5-18";"09/12/2017 05:56:59 p.m.";;;"e:\sync\scripting\powershell\visoreventos\setup.evtx";"System.UInt32[]";"System.Diagnostics.Eventing.Reader.EventBookmark";"Informaci?n";"Informaci?n";;"System.Collections.ObjectModel.ReadOnlyCollection`1[System.String]";"System.Collections.Generic.List`1[System.Diagnostics.Eventing.Reader.EventProperty]"
"Se cambi? el paquete KB2894844 correctamente al estado Instalado.";"2";"0";;"0";"0";"0";"-9223372036854775808";"1104";"Microsoft-Windows-Servicing";"bd12f3b8-fc40-4a61-a307-b7a013a069c1";"Setup";"920";"408";"SCTEST04.aitsoporte.local";"S-1-5-18";"09/12/2017 05:56:59 p.m.";;;"e:\sync\scripting\powershell\visoreventos\setup.evtx";"System.UInt32[]";"System.Diagnostics.Eventing.Reader.EventBookmark";"Informaci?n";"Informaci?n";;"System.Collections.ObjectModel.ReadOnlyCollection`1[System.String]";"System.Collections.Generic.List`1[System.Diagnostics.Eventing.Reader.EventProperty]"
"Se cambi? el paquete KB2585542 correctamente al estado Instalado.";"2";"0";;"0";"0";"0";"-9223372036854775808";"1103";"Microsoft-Windows-Servicing";"bd12f3b8-fc40-4a61-a307-b7a013a069c1";"Setup";"920";"408";"SCTEST04.aitsoporte.local";"S-1-5-18";"09/12/2017 05:56:59 p.m.";;;"e:\sync\scripting\powershell\visoreventos\setup.evtx";"System.UInt32[]";"System.Diagnostics.Eventing.Reader.EventBookmark";"Informaci?n";"Informaci?n";;"System.Collections.ObjectModel.ReadOnlyCollection`1[System.String]";"System.Collections.Generic.List`1[System.Diagnostics.Eventing.Reader.EventProperty]"
"Se cambi? el paquete KB4048957 correctamente al estado Instalado.";"2";"0";;"0";"0";"0";"-9223372036854775808";"1102";"Microsoft-Windows-Servicing";"bd12f3b8-fc40-4a61-a307-b7a013a069c1";"Setup";"920";"408";"SCTEST04.aitsoporte.local";"S-1-5-18";"09/12/2017 05:56:59 p.m.";;;"e:\sync\scripting\powershell\visoreventos\setup.evtx";"System.UInt32[]";"System.Diagnostics.Eventing.Reader.EventBookmark";"Informaci?n";"Informaci?n";;"System.Collections.ObjectModel.ReadOnlyCollection`1[System.String]";"System.Collections.Generic.List`1[System.Diagnostics.Eventing.Reader.EventProperty]"
"Se cambi? el paquete KB2931356 correctamente al estado Instalado.";"2";"0";;"0";"0";"0";"-9223372036854775808";"1101";"Microsoft-Windows-Servicing";"bd12f3b8-fc40-4a61-a307-b7a013a069c1";"Setup";"920";"408";"SCTEST04.aitsoporte.local";"S-1-5-18";"09/12/2017 05:56:59 p.m.";;;"e:\sync\scripting\powershell\visoreventos\setup.evtx";"System.UInt32[]";"System.Diagnostics.Eventing.Reader.EventBookmark";"Informaci?n";"Informaci?n";;"System.Collections.ObjectModel.ReadOnlyCollection`1[System.String]";"System.Collections.Generic.List`1[System.Diagnostics.Eventing.Reader.EventProperty]"
"Se cambi? el paquete KB2937610 correctamente al estado Instalado.";"2";"0";;"0";"0";"0";"-9223372036854775808";"1100";"Microsoft-Windows-Servicing";"bd12f3b8-fc40-4a61-a307-b7a013a069c1";"Setup";"920";"408";"SCTEST04.aitsoporte.local";"S-1-5-18";"09/12/2017 05:56:58 p.m.";;;"e:\sync\scripting\powershell\visoreventos\setup.evtx";"System.UInt32[]";"System.Diagnostics.Eventing.Reader.EventBookmark";"Informaci?n";"Informaci?n";;"System.Collections.ObjectModel.ReadOnlyCollection`1[System.String]";"System.Collections.Generic.List`1[System.Diagnostics.Eventing.Reader.EventProperty]"
"Se cambi? el paquete KB3004375 correctamente al estado Almacenado provisionalmente.";"2";"0";;"0";"0";"0";"-9223372036854775808";"1099";"Microsoft-Windows-Servicing";"bd12f3b8-fc40-4a61-a307-b7a013a069c1";"Setup";"2888";"2160";"SCTEST04.aitsoporte.local";"S-1-5-18";"09/12/2017 05:48:05 p.m.";;;"e:\sync\scripting\powershell\visoreventos\setup.evtx";"System.UInt32[]";"System.Diagnostics.Eventing.Reader.EventBookmark";"Informaci?n";"Informaci?n";;"System.Collections.ObjectModel.ReadOnlyCollection`1[System.String]";"System.Collections.Generic.List`1[System.Diagnostics.Eventing.Reader.EventProperty]"
"Iniciando cambios para el paquete KB3004375. El estado actual es Instalado. El estado de destino es Almacenado provisionalmente. Identificador de cliente: WindowsUpdateAgent.";"1";"0";;"0";"0";"0";"-9223372036854775808";"1098";"Microsoft-Windows-Servicing";"bd12f3b8-fc40-4a61-a307-b7a013a069c1";"Setup";"2888";"2160";"SCTEST04.aitsoporte.local";"S-1-5-18";"09/12/2017 05:47:37 p.m.";;;"e:\sync\scripting\powershell\visoreventos\setup.evtx";"System.UInt32[]";"System.Diagnostics.Eventing.Reader.EventBookmark";"Informaci?n";"Informaci?n";;"System.Collections.ObjectModel.ReadOnlyCollection`1[System.String]";"System.Collections.Generic.List`1[System.Diagnostics.Eventing.Reader.EventProperty]"
"Se debe reiniciar para poder cambiar el paquete KB3108664 al estado Instalado.";"4";"0";;"0";"0";"0";"-9223372036854775808";"1097";"Microsoft-Windows-Servicing";"bd12f3b8-fc40-4a61-a307-b7a013a069c1";"Setup";"2888";"2160";"SCTEST04.aitsoporte.local";"S-1-5-18";"09/12/2017 05:44:45 p.m.";;;"e:\sync\scripting\powershell\visoreventos\setup.evtx";"System.UInt32[]";"System.Diagnostics.Eventing.Reader.EventBookmark";"Informaci?n";"Informaci?n";;"System.Collections.ObjectModel.ReadOnlyCollection`1[System.String]";"System.Collections.Generic.List`1[System.Diagnostics.Eventing.Reader.EventProperty]"
"Iniciando cambios para el paquete KB3108664. El estado actual es Resuelto. El estado de destino es Instalado. Identificador de cliente: WindowsUpdateAgent.";"1";"0";;"0";"0";"0";"-9223372036854775808";"1096";"Microsoft-Windows-Servicing";"bd12f3b8-fc40-4a61-a307-b7a013a069c1";"Setup";"2888";"2160";"SCTEST04.aitsoporte.local";"S-1-5-18";"09/12/2017 05:43:53 p.m.";;;"e:\sync\scripting\powershell\visoreventos\setup.evtx";"System.UInt32[]";"System.Diagnostics.Eventing.Reader.EventBookmark";"Informaci?n";"Informaci?n";;"System.Collections.ObjectModel.ReadOnlyCollection`1[System.String]";"System.Collections.Generic.List`1[System.Diagnostics.Eventing.Reader.EventProperty]"
"Iniciando cambios para el paquete KB3127220. El estado actual es Ausente. El estado de destino es Instalado. Identificador de cliente: WindowsUpdateAgent.";"1";"0";;"0";"0";"0";"-9223372036854775808";"1095";"Microsoft-Windows-Servicing";"bd12f3b8-fc40-4a61-a307-b7a013a069c1";"Setup";"2888";"2160";"SCTEST04.aitsoporte.local";"S-1-5-18";"09/12/2017 05:43:31 p.m.";;;"e:\sync\scripting\powershell\visoreventos\setup.evtx";"System.UInt32[]";"System.Diagnostics.Eventing.Reader.EventBookmark";"Informaci?n";"Informaci?n";;"System.Collections.ObjectModel.ReadOnlyCollection`1[System.String]";"System.Collections.Generic.List`1[System.Diagnostics.Eventing.Reader.EventProperty]"
"No se pudo cambiar el paquete KB3067903 al estado Instalado. Estado: 0x800f0902.";"3";"0";;"0";"0";"0";"-9223372036854775808";"1094";"Microsoft-Windows-Servicing";"bd12f3b8-fc40-4a61-a307-b7a013a069c1";"Setup";"2888";"2160";"SCTEST04.aitsoporte.local";"S-1-5-18";"09/12/2017 05:43:29 p.m.";;;"e:\sync\scripting\powershell\visoreventos\setup.evtx";"System.UInt32[]";"System.Diagnostics.Eventing.Reader.EventBookmark";"Informaci?n";"Informaci?n";;"System.Collections.ObjectModel.ReadOnlyCollection`1[System.String]";"System.Collections.Generic.List`1[System.Diagnostics.Eventing.Reader.EventProperty]"
"Iniciando cambios para el paquete KB3086255. El estado actual es Almacenado provisionalmente. El estado de destino es Instalado. Identificador de cliente: WindowsUpdateAgent.";"1";"0";;"0";"0";"0";"-9223372036854775808";"1093";"Microsoft-Windows-Servicing";"bd12f3b8-fc40-4a61-a307-b7a013a069c1";"Setup";"2888";"2160";"SCTEST04.aitsoporte.local";"S-1-5-18";"09/12/2017 05:42:00 p.m.";;;"e:\sync\scripting\powershell\visoreventos\setup.evtx";"System.UInt32[]";"System.Diagnostics.Eventing.Reader.EventBookmark";"Informaci?n";"Informaci?n";;"System.Collections.ObjectModel.ReadOnlyCollection`1[System.String]";"System.Collections.Generic.List`1[System.Diagnostics.Eventing.Reader.EventProperty]"
"Iniciando cambios para el paquete KB2978742. El estado actual es Resuelto. El estado de destino es Instalado. Identificador de cliente: WindowsUpdateAgent.";"1";"0";;"0";"0";"0";"-9223372036854775808";"1092";"Microsoft-Windows-Servicing";"bd12f3b8-fc40-4a61-a307-b7a013a069c1";"Setup";"2888";"2160";"SCTEST04.aitsoporte.local";"S-1-5-18";"09/12/2017 05:40:58 p.m.";;;"e:\sync\scripting\powershell\visoreventos\setup.evtx";"System.UInt32[]";"System.Diagnostics.Eventing.Reader.EventBookmark";"Informaci?n";"Informaci?n";;"System.Collections.ObjectModel.ReadOnlyCollection`1[System.String]";"System.Collections.Generic.List`1[System.Diagnostics.Eventing.Reader.EventProperty]"
"Se debe reiniciar para poder cambiar el paquete KB3055642 al estado Instalado.";"4";"0";;"0";"0";"0";"-9223372036854775808";"1091";"Microsoft-Windows-Servicing";"bd12f3b8-fc40-4a61-a307-b7a013a069c1";"Setup";"2888";"2160";"SCTEST04.aitsoporte.local";"S-1-5-18";"09/12/2017 05:40:53 p.m.";;;"e:\sync\scripting\powershell\visoreventos\setup.evtx";"System.UInt32[]";"System.Diagnostics.Eventing.Reader.EventBookmark";"Informaci?n";"Informaci?n";;"System.Collections.ObjectModel.ReadOnlyCollection`1[System.String]";"System.Collections.Generic.List`1[System.Diagnostics.Eventing.Reader.EventProperty]"
"Iniciando cambios para el paquete KB3055642. El estado actual es Resuelto. El estado de destino es Instalado. Identificador de cliente: WindowsUpdateAgent.";"1";"0";;"0";"0";"0";"-9223372036854775808";"1090";"Microsoft-Windows-Servicing";"bd12f3b8-fc40-4a61-a307-b7a013a069c1";"Setup";"2888";"2160";"SCTEST04.aitsoporte.local";"S-1-5-18";"09/12/2017 05:39:56 p.m.";;;"e:\sync\scripting\powershell\visoreventos\setup.evtx";"System.UInt32[]";"System.Diagnostics.Eventing.Reader.EventBookmark";"Informaci?n";"Informaci?n";;"System.Collections.ObjectModel.ReadOnlyCollection`1[System.String]";"System.Collections.Generic.List`1[System.Diagnostics.Eventing.Reader.EventProperty]"
"Iniciando cambios para el paquete KB3019978. El estado actual es Resuelto. El estado de destino es Instalado. Identificador de cliente: WindowsUpdateAgent.";"1";"0";;"0";"0";"0";"-9223372036854775808";"1089";"Microsoft-Windows-Servicing";"bd12f3b8-fc40-4a61-a307-b7a013a069c1";"Setup";"2888";"2160";"SCTEST04.aitsoporte.local";"S-1-5-18";"09/12/2017 05:38:58 p.m.";;;"e:\sync\scripting\powershell\visoreventos\setup.evtx";"System.UInt32[]";"System.Diagnostics.Eventing.Reader.EventBookmark";"Informaci?n";"Informaci?n";;"System.Collections.ObjectModel.ReadOnlyCollection`1[System.String]";"System.Collections.Generic.List`1[System.Diagnostics.Eventing.Reader.EventProperty]"
"Se debe reiniciar para poder cambiar el paquete KB3084135 al estado Instalado.";"4";"0";;"0";"0";"0";"-9223372036854775808";"1088";"Microsoft-Windows-Servicing";"bd12f3b8-fc40-4a61-a307-b7a013a069c1";"Setup";"2888";"2160";"SCTEST04.aitsoporte.local";"S-1-5-18";"09/12/2017 05:38:58 p.m.";;;"e:\sync\scripting\powershell\visoreventos\setup.evtx";"System.UInt32[]";"System.Diagnostics.Eventing.Reader.EventBookmark";"Informaci?n";"Informaci?n";;"System.Collections.ObjectModel.ReadOnlyCollection`1[System.String]";"System.Collections.Generic.List`1[System.Diagnostics.Eventing.Reader.EventProperty]"
"Iniciando cambios para el paquete KB3084135. El estado actual es Resuelto. El estado de destino es Instalado. Identificador de cliente: WindowsUpdateAgent.";"1";"0";;"0";"0";"0";"-9223372036854775808";"1087";"Microsoft-Windows-Servicing";"bd12f3b8-fc40-4a61-a307-b7a013a069c1";"Setup";"2888";"2160";"SCTEST04.aitsoporte.local";"S-1-5-18";"09/12/2017 05:37:52 p.m.";;;"e:\sync\scripting\powershell\visoreventos\setup.evtx";"System.UInt32[]";"System.Diagnostics.Eventing.Reader.EventBookmark";"Informaci?n";"Informaci?n";;"System.Collections.ObjectModel.ReadOnlyCollection`1[System.String]";"System.Collections.Generic.List`1[System.Diagnostics.Eventing.Reader.EventProperty]"
"Iniciando cambios para el paquete KB2560656. El estado actual es Resuelto. El estado de destino es Instalado. Identificador de cliente: WindowsUpdateAgent.";"1";"0";;"0";"0";"0";"-9223372036854775808";"1086";"Microsoft-Windows-Servicing";"bd12f3b8-fc40-4a61-a307-b7a013a069c1";"Setup";"2888";"2160";"SCTEST04.aitsoporte.local";"S-1-5-18";"09/12/2017 05:37:21 p.m.";;;"e:\sync\scripting\powershell\visoreventos\setup.evtx";"System.UInt32[]";"System.Diagnostics.Eventing.Reader.EventBookmark";"Informaci?n";"Informaci?n";;"System.Collections.ObjectModel.ReadOnlyCollection`1[System.String]";"System.Collections.Generic.List`1[System.Diagnostics.Eventing.Reader.EventProperty]"
"Se debe reiniciar para poder cambiar el paquete KB3115858 al estado Instalado.";"4";"0";;"0";"0";"0";"-9223372036854775808";"1085";"Microsoft-Windows-Servicing";"bd12f3b8-fc40-4a61-a307-b7a013a069c1";"Setup";"2888";"2160";"SCTEST04.aitsoporte.local";"S-1-5-18";"09/12/2017 05:37:15 p.m.";;;"e:\sync\scripting\powershell\visoreventos\setup.evtx";"System.UInt32[]";"System.Diagnostics.Eventing.Reader.EventBookmark";"Informaci?n";"Informaci?n";;"System.Collections.ObjectModel.ReadOnlyCollection`1[System.String]";"System.Collections.Generic.List`1[System.Diagnostics.Eventing.Reader.EventProperty]"
"Iniciando cambios para el paquete KB3115858. El estado actual es Resuelto. El estado de destino es Instalado. Identificador de cliente: WindowsUpdateAgent.";"1";"0";;"0";"0";"0";"-9223372036854775808";"1084";"Microsoft-Windows-Servicing";"bd12f3b8-fc40-4a61-a307-b7a013a069c1";"Setup";"2888";"2160";"SCTEST04.aitsoporte.local";"S-1-5-18";"09/12/2017 05:35:31 p.m.";;;"e:\sync\scripting\powershell\visoreventos\setup.evtx";"System.UInt32[]";"System.Diagnostics.Eventing.Reader.EventBookmark";"Informaci?n";"Informaci?n";;"System.Collections.ObjectModel.ReadOnlyCollection`1[System.String]";"System.Collections.Generic.List`1[System.Diagnostics.Eventing.Reader.EventProperty]"
"No se pudo cambiar el paquete KB3072305 al estado Instalado. Estado: 0x800f0902.";"3";"0";;"0";"0";"0";"-9223372036854775808";"1083";"Microsoft-Windows-Servicing";"bd12f3b8-fc40-4a61-a307-b7a013a069c1";"Setup";"2888";"2160";"SCTEST04.aitsoporte.local";"S-1-5-18";"09/12/2017 05:35:31 p.m.";;;"e:\sync\scripting\powershell\visoreventos\setup.evtx";"System.UInt32[]";"System.Diagnostics.Eventing.Reader.EventBookmark";"Informaci?n";"Informaci?n";;"System.Collections.ObjectModel.ReadOnlyCollection`1[System.String]";"System.Collections.Generic.List`1[System.Diagnostics.Eventing.Reader.EventProperty]"
"Iniciando cambios para el paquete KB3072305. El estado actual es Ausente. El estado de destino es Instalado. Identificador de cliente: WindowsUpdateAgent.";"1";"0";;"0";"0";"0";"-9223372036854775808";"1082";"Microsoft-Windows-Servicing";"bd12f3b8-fc40-4a61-a307-b7a013a069c1";"Setup";"2888";"2160";"SCTEST04.aitsoporte.local";"S-1-5-18";"09/12/2017 05:34:51 p.m.";;;"e:\sync\scripting\powershell\visoreventos\setup.evtx";"System.UInt32[]";"System.Diagnostics.Eventing.Reader.EventBookmark";"Informaci?n";"Informaci?n";;"System.Collections.ObjectModel.ReadOnlyCollection`1[System.String]";"System.Collections.Generic.List`1[System.Diagnostics.Eventing.Reader.EventProperty]"
"No se pudo cambiar el paquete KB2620704 al estado Instalado. Estado: 0x800f0902.";"3";"0";;"0";"0";"0";"-9223372036854775808";"1081";"Microsoft-Windows-Servicing";"bd12f3b8-fc40-4a61-a307-b7a013a069c1";"Setup";"2888";"2160";"SCTEST04.aitsoporte.local";"S-1-5-18";"09/12/2017 05:26:18 p.m.";;;"e:\sync\scripting\powershell\visoreventos\setup.evtx";"System.UInt32[]";"System.Diagnostics.Eventing.Reader.EventBookmark";"Informaci?n";"Informaci?n";;"System.Collections.ObjectModel.ReadOnlyCollection`1[System.String]";"System.Collections.Generic.List`1[System.Diagnostics.Eventing.Reader.EventProperty]"
"Iniciando cambios para el paquete KB2620704. El estado actual es Resuelto. El estado de destino es Instalado. Identificador de cliente: WindowsUpdateAgent.";"1";"0";;"0";"0";"0";"-9223372036854775808";"1080";"Microsoft-Windows-Servicing";"bd12f3b8-fc40-4a61-a307-b7a013a069c1";"Setup";"2888";"2160";"SCTEST04.aitsoporte.local";"S-1-5-18";"09/12/2017 05:25:55 p.m.";;;"e:\sync\scripting\powershell\visoreventos\setup.evtx";"System.UInt32[]";"System.Diagnostics.Eventing.Reader.EventBookmark";"Informaci?n";"Informaci?n";;"System.Collections.ObjectModel.ReadOnlyCollection`1[System.String]";"System.Collections.Generic.List`1[System.Diagnostics.Eventing.Reader.EventProperty]"
"Iniciando cambios para el paquete KB3000483. El estado actual es Resuelto. El estado de destino es Instalado. Identificador de cliente: WindowsUpdateAgent.";"1";"0";;"0";"0";"0";"-9223372036854775808";"1079";"Microsoft-Windows-Servicing";"bd12f3b8-fc40-4a61-a307-b7a013a069c1";"Setup";"2888";"2160";"SCTEST04.aitsoporte.local";"S-1-5-18";"09/12/2017 05:21:00 p.m.";;;"e:\sync\scripting\powershell\visoreventos\setup.evtx";"System.UInt32[]";"System.Diagnostics.Eventing.Reader.EventBookmark";"Informaci?n";"Informaci?n";;"System.Collections.ObjectModel.ReadOnlyCollection`1[System.String]";"System.Collections.Generic.List`1[System.Diagnostics.Eventing.Reader.EventProperty]"
"No se pudo cambiar el paquete KB3071756 al estado Instalado. Estado: 0x800f0902.";"3";"0";;"0";"0";"0";"-9223372036854775808";"1078";"Microsoft-Windows-Servicing";"bd12f3b8-fc40-4a61-a307-b7a013a069c1";"Setup";"2888";"2160";"SCTEST04.aitsoporte.local";"S-1-5-18";"09/12/2017 05:20:07 p.m.";;;"e:\sync\scripting\powershell\visoreventos\setup.evtx";"System.UInt32[]";"System.Diagnostics.Eventing.Reader.EventBookmark";"Informaci?n";"Informaci?n";;"System.Collections.ObjectModel.ReadOnlyCollection`1[System.String]";"System.Collections.Generic.List`1[System.Diagnostics.Eventing.Reader.EventProperty]"
"Iniciando cambios para el paquete KB3071756. El estado actual es Resuelto. El estado de destino es Instalado. Identificador de cliente: WindowsUpdateAgent.";"1";"0";;"0";"0";"0";"-9223372036854775808";"1077";"Microsoft-Windows-Servicing";"bd12f3b8-fc40-4a61-a307-b7a013a069c1";"Setup";"2888";"2160";"SCTEST04.aitsoporte.local";"S-1-5-18";"09/12/2017 05:19:15 p.m.";;;"e:\sync\scripting\powershell\visoreventos\setup.evtx";"System.UInt32[]";"System.Diagnostics.Eventing.Reader.EventBookmark";"Informaci?n";"Informaci?n";;"System.Collections.ObjectModel.ReadOnlyCollection`1[System.String]";"System.Collections.Generic.List`1[System.Diagnostics.Eventing.Reader.EventProperty]"
"Se debe reiniciar para poder cambiar el paquete KB3075220 al estado Instalado.";"4";"0";;"0";"0";"0";"-9223372036854775808";"1076";"Microsoft-Windows-Servicing";"bd12f3b8-fc40-4a61-a307-b7a013a069c1";"Setup";"2888";"2160";"SCTEST04.aitsoporte.local";"S-1-5-18";"09/12/2017 05:17:58 p.m.";;;"e:\sync\scripting\powershell\visoreventos\setup.evtx";"System.UInt32[]";"System.Diagnostics.Eventing.Reader.EventBookmark";"Informaci?n";"Informaci?n";;"System.Collections.ObjectModel.ReadOnlyCollection`1[System.String]";"System.Collections.Generic.List`1[System.Diagnostics.Eventing.Reader.EventProperty]"
"Iniciando cambios para el paquete KB3075220. El estado actual es Resuelto. El estado de destino es Instalado. Identificador de cliente: WindowsUpdateAgent.";"1";"0";;"0";"0";"0";"-9223372036854775808";"1075";"Microsoft-Windows-Servicing";"bd12f3b8-fc40-4a61-a307-b7a013a069c1";"Setup";"2888";"2160";"SCTEST04.aitsoporte.local";"S-1-5-18";"09/12/2017 05:16:16 p.m.";;;"e:\sync\scripting\powershell\visoreventos\setup.evtx";"System.UInt32[]";"System.Diagnostics.Eventing.Reader.EventBookmark";"Informaci?n";"Informaci?n";;"System.Collections.ObjectModel.ReadOnlyCollection`1[System.String]";"System.Collections.Generic.List`1[System.Diagnostics.Eventing.Reader.EventProperty]"
"Se debe reiniciar para poder cambiar el paquete KB2631813 al estado Instalado.";"4";"0";;"0";"0";"0";"-9223372036854775808";"1074";"Microsoft-Windows-Servicing";"bd12f3b8-fc40-4a61-a307-b7a013a069c1";"Setup";"2888";"2160";"SCTEST04.aitsoporte.local";"S-1-5-18";"09/12/2017 05:16:11 p.m.";;;"e:\sync\scripting\powershell\visoreventos\setup.evtx";"System.UInt32[]";"System.Diagnostics.Eventing.Reader.EventBookmark";"Informaci?n";"Informaci?n";;"System.Collections.ObjectModel.ReadOnlyCollection`1[System.String]";"System.Collections.Generic.List`1[System.Diagnostics.Eventing.Reader.EventProperty]"
"Iniciando cambios para el paquete KB2631813. El estado actual es Resuelto. El estado de destino es Instalado. Identificador de cliente: WindowsUpdateAgent.";"1";"0";;"0";"0";"0";"-9223372036854775808";"1073";"Microsoft-Windows-Servicing";"bd12f3b8-fc40-4a61-a307-b7a013a069c1";"Setup";"2888";"2160";"SCTEST04.aitsoporte.local";"S-1-5-18";"09/12/2017 05:15:26 p.m.";;;"e:\sync\scripting\powershell\visoreventos\setup.evtx";"System.UInt32[]";"System.Diagnostics.Eventing.Reader.EventBookmark";"Informaci?n";"Informaci?n";;"System.Collections.ObjectModel.ReadOnlyCollection`1[System.String]";"System.Collections.Generic.List`1[System.Diagnostics.Eventing.Reader.EventProperty]"
"Iniciando cambios para el paquete KB3093513. El estado actual es Resuelto. El estado de destino es Instalado. Identificador de cliente: WindowsUpdateAgent.";"1";"0";;"0";"0";"0";"-9223372036854775808";"1072";"Microsoft-Windows-Servicing";"bd12f3b8-fc40-4a61-a307-b7a013a069c1";"Setup";"2888";"2160";"SCTEST04.aitsoporte.local";"S-1-5-18";"09/12/2017 05:14:25 p.m.";;;"e:\sync\scripting\powershell\visoreventos\setup.evtx";"System.UInt32[]";"System.Diagnostics.Eventing.Reader.EventBookmark";"Informaci?n";"Informaci?n";;"System.Collections.ObjectModel.ReadOnlyCollection`1[System.String]";"System.Collections.Generic.List`1[System.Diagnostics.Eventing.Reader.EventProperty]"
"Iniciando cambios para el paquete KB2894844. El estado actual es Resuelto. El estado de destino es Instalado. Identificador de cliente: WindowsUpdateAgent.";"1";"0";;"0";"0";"0";"-9223372036854775808";"1071";"Microsoft-Windows-Servicing";"bd12f3b8-fc40-4a61-a307-b7a013a069c1";"Setup";"2888";"2160";"SCTEST04.aitsoporte.local";"S-1-5-18";"09/12/2017 05:13:11 p.m.";;;"e:\sync\scripting\powershell\visoreventos\setup.evtx";"System.UInt32[]";"System.Diagnostics.Eventing.Reader.EventBookmark";"Informaci?n";"Informaci?n";;"System.Collections.ObjectModel.ReadOnlyCollection`1[System.String]";"System.Collections.Generic.List`1[System.Diagnostics.Eventing.Reader.EventProperty]"
"Se debe reiniciar para poder cambiar el paquete KB4048957 al estado Instalado.";"4";"0";;"0";"0";"0";"-9223372036854775808";"1070";"Microsoft-Windows-Servicing";"bd12f3b8-fc40-4a61-a307-b7a013a069c1";"Setup";"2888";"2160";"SCTEST04.aitsoporte.local";"S-1-5-18";"09/12/2017 05:09:30 p.m.";;;"e:\sync\scripting\powershell\visoreventos\setup.evtx";"System.UInt32[]";"System.Diagnostics.Eventing.Reader.EventBookmark";"Informaci?n";"Informaci?n";;"System.Collections.ObjectModel.ReadOnlyCollection`1[System.String]";"System.Collections.Generic.List`1[System.Diagnostics.Eventing.Reader.EventProperty]"
"Iniciando cambios para el paquete KB4048957. El estado actual es Resuelto. El estado de destino es Instalado. Identificador de cliente: WindowsUpdateAgent.";"1";"0";;"0";"0";"0";"-9223372036854775808";"1069";"Microsoft-Windows-Servicing";"bd12f3b8-fc40-4a61-a307-b7a013a069c1";"Setup";"2888";"2160";"SCTEST04.aitsoporte.local";"S-1-5-18";"09/12/2017 05:04:29 p.m.";;;"e:\sync\scripting\powershell\visoreventos\setup.evtx";"System.UInt32[]";"System.Diagnostics.Eventing.Reader.EventBookmark";"Informaci?n";"Informaci?n";;"System.Collections.ObjectModel.ReadOnlyCollection`1[System.String]";"System.Collections.Generic.List`1[System.Diagnostics.Eventing.Reader.EventProperty]"
"Iniciando cambios para el paquete KB2937610. El estado actual es Ausente. El estado de destino es Instalado. Identificador de cliente: WindowsUpdateAgent.";"1";"0";;"0";"0";"0";"-9223372036854775808";"1068";"Microsoft-Windows-Servicing";"bd12f3b8-fc40-4a61-a307-b7a013a069c1";"Setup";"2888";"2160";"SCTEST04.aitsoporte.local";"S-1-5-18";"09/12/2017 04:54:06 p.m.";;;"e:\sync\scripting\powershell\visoreventos\setup.evtx";"System.UInt32[]";"System.Diagnostics.Eventing.Reader.EventBookmark";"Informaci?n";"Informaci?n";;"System.Collections.ObjectModel.ReadOnlyCollection`1[System.String]";"System.Collections.Generic.List`1[System.Diagnostics.Eventing.Reader.EventProperty]"
"Se cambi? el paquete KB2836942 correctamente al estado Instalado.";"2";"0";;"0";"0";"0";"-9223372036854775808";"1067";"Microsoft-Windows-Servicing";"bd12f3b8-fc40-4a61-a307-b7a013a069c1";"Setup";"916";"316";"SCTEST04.aitsoporte.local";"S-1-5-18";"09/12/2017 04:32:26 p.m.";;;"e:\sync\scripting\powershell\visoreventos\setup.evtx";"System.UInt32[]";"System.Diagnostics.Eventing.Reader.EventBookmark";"Informaci?n";"Informaci?n";;"System.Collections.ObjectModel.ReadOnlyCollection`1[System.String]";"System.Collections.Generic.List`1[System.Diagnostics.Eventing.Reader.EventProperty]"
"Se cambi? el paquete KB3021674 correctamente al estado Instalado.";"2";"0";;"0";"0";"0";"-9223372036854775808";"1066";"Microsoft-Windows-Servicing";"bd12f3b8-fc40-4a61-a307-b7a013a069c1";"Setup";"916";"316";"SCTEST04.aitsoporte.local";"S-1-5-18";"09/12/2017 04:32:26 p.m.";;;"e:\sync\scripting\powershell\visoreventos\setup.evtx";"System.UInt32[]";"System.Diagnostics.Eventing.Reader.EventBookmark";"Informaci?n";"Informaci?n";;"System.Collections.ObjectModel.ReadOnlyCollection`1[System.String]";"System.Collections.Generic.List`1[System.Diagnostics.Eventing.Reader.EventProperty]"
"Se cambi? el paquete KB2968294 correctamente al estado Instalado.";"2";"0";;"0";"0";"0";"-9223372036854775808";"1065";"Microsoft-Windows-Servicing";"bd12f3b8-fc40-4a61-a307-b7a013a069c1";"Setup";"916";"316";"SCTEST04.aitsoporte.local";"S-1-5-18";"09/12/2017 04:32:26 p.m.";;;"e:\sync\scripting\powershell\visoreventos\setup.evtx";"System.UInt32[]";"System.Diagnostics.Eventing.Reader.EventBookmark";"Informaci?n";"Informaci?n";;"System.Collections.ObjectModel.ReadOnlyCollection`1[System.String]";"System.Collections.Generic.List`1[System.Diagnostics.Eventing.Reader.EventProperty]"
"Se cambi? el paquete KB2893294 correctamente al estado Instalado.";"2";"0";;"0";"0";"0";"-9223372036854775808";"1064";"Microsoft-Windows-Servicing";"bd12f3b8-fc40-4a61-a307-b7a013a069c1";"Setup";"916";"316";"SCTEST04.aitsoporte.local";"S-1-5-18";"09/12/2017 04:32:26 p.m.";;;"e:\sync\scripting\powershell\visoreventos\setup.evtx";"System.UInt32[]";"System.Diagnostics.Eventing.Reader.EventBookmark";"Informaci?n";"Informaci?n";;"System.Collections.ObjectModel.ReadOnlyCollection`1[System.String]";"System.Collections.Generic.List`1[System.Diagnostics.Eventing.Reader.EventProperty]"
"Se cambi? el paquete KB2972211 correctamente al estado Instalado.";"2";"0";;"0";"0";"0";"-9223372036854775808";"1063";"Microsoft-Windows-Servicing";"bd12f3b8-fc40-4a61-a307-b7a013a069c1";"Setup";"916";"316";"SCTEST04.aitsoporte.local";"S-1-5-18";"09/12/2017 04:32:26 p.m.";;;"e:\sync\scripting\powershell\visoreventos\setup.evtx";"System.UInt32[]";"System.Diagnostics.Eventing.Reader.EventBookmark";"Informaci?n";"Informaci?n";;"System.Collections.ObjectModel.ReadOnlyCollection`1[System.String]";"System.Collections.Generic.List`1[System.Diagnostics.Eventing.Reader.EventProperty]"
