"Se debe reiniciar para poder cambiar el paquete KB2849696 al estado Instalado.";"4";"0";;"0";"0";"0";"-9223372036854775808";"49";"Microsoft-Windows-Servicing";"bd12f3b8-fc40-4a61-a307-b7a013a069c1";"Setup";"3088";"752";"SCTEST04.aitsoporte.local";"S-1-5-18";"27/11/2017 10:40:45 a.m.";;;"e:\sync\scripting\powershell\visoreventos\setup.evtx";"System.UInt32[]";"System.Diagnostics.Eventing.Reader.EventBookmark";"Informaci?n";"Informaci?n";;"System.Collections.ObjectModel.ReadOnlyCollection`1[System.String]";"System.Collections.Generic.List`1[System.Diagnostics.Eventing.Reader.EventProperty]"
"Iniciando cambios para el paquete KB2849696. El estado actual es Ausente. El estado de destino es Instalado. Identificador de cliente: DISM Package Manager Provider.";"1";"0";;"0";"0";"0";"-9223372036854775808";"48";"Microsoft-Windows-Servicing";"bd12f3b8-fc40-4a61-a307-b7a013a069c1";"Setup";"3088";"752";"SCTEST04.aitsoporte.local";"S-1-5-18";"27/11/2017 10:40:13 a.m.";;;"e:\sync\scripting\powershell\visoreventos\setup.evtx";"System.UInt32[]";"System.Diagnostics.Eventing.Reader.EventBookmark";"Informaci?n";"Informaci?n";;"System.Collections.ObjectModel.ReadOnlyCollection`1[System.String]";"System.Collections.Generic.List`1[System.Diagnostics.Eventing.Reader.EventProperty]"
"Se debe reiniciar para poder cambiar el paquete KB2849697 al estado Instalado.";"4";"0";;"0";"0";"0";"-9223372036854775808";"47";"Microsoft-Windows-Servicing";"bd12f3b8-fc40-4a61-a307-b7a013a069c1";"Setup";"3088";"752";"SCTEST04.aitsoporte.local";"S-1-5-18";"27/11/2017 10:40:12 a.m.";;;"e:\sync\scripting\powershell\visoreventos\setup.evtx";"System.UInt32[]";"System.Diagnostics.Eventing.Reader.EventBookmark";"Informaci?n";"Informaci?n";;"System.Collections.ObjectModel.ReadOnlyCollection`1[System.String]";"System.Collections.Generic.List`1[System.Diagnostics.Eventing.Reader.EventProperty]"
"Iniciando cambios para el paquete KB2849697. El estado actual es Ausente. El estado de destino es Instalado. Identificador de cliente: DISM Package Manager Provider.";"1";"0";;"0";"0";"0";"-9223372036854775808";"46";"Microsoft-Windows-Servicing";"bd12f3b8-fc40-4a61-a307-b7a013a069c1";"Setup";"3088";"752";"SCTEST04.aitsoporte.local";"S-1-5-18";"27/11/2017 10:39:43 a.m.";;;"e:\sync\scripting\powershell\visoreventos\setup.evtx";"System.UInt32[]";"System.Diagnostics.Eventing.Reader.EventBookmark";"Informaci?n";"Informaci?n";;"System.Collections.ObjectModel.ReadOnlyCollection`1[System.String]";"System.Collections.Generic.List`1[System.Diagnostics.Eventing.Reader.EventProperty]"
"Se debe reiniciar para poder cambiar el paquete KB2849696 al estado Instalado.";"4";"0";;"0";"0";"0";"-9223372036854775808";"45";"Microsoft-Windows-Servicing";"bd12f3b8-fc40-4a61-a307-b7a013a069c1";"Setup";"3088";"752";"SCTEST04.aitsoporte.local";"S-1-5-18";"27/11/2017 10:39:42 a.m.";;;"e:\sync\scripting\powershell\visoreventos\setup.evtx";"System.UInt32[]";"System.Diagnostics.Eventing.Reader.EventBookmark";"Informaci?n";"Informaci?n";;"System.Collections.ObjectModel.ReadOnlyCollection`1[System.String]";"System.Collections.Generic.List`1[System.Diagnostics.Eventing.Reader.EventProperty]"
"Iniciando cambios para el paquete KB2849696. El estado actual es Ausente. El estado de destino es Instalado. Identificador de cliente: DISM Package Manager Provider.";"1";"0";;"0";"0";"0";"-9223372036854775808";"44";"Microsoft-Windows-Servicing";"bd12f3b8-fc40-4a61-a307-b7a013a069c1";"Setup";"3088";"752";"SCTEST04.aitsoporte.local";"S-1-5-18";"27/11/2017 10:39:11 a.m.";;;"e:\sync\scripting\powershell\visoreventos\setup.evtx";"System.UInt32[]";"System.Diagnostics.Eventing.Reader.EventBookmark";"Informaci?n";"Informaci?n";;"System.Collections.ObjectModel.ReadOnlyCollection`1[System.String]";"System.Collections.Generic.List`1[System.Diagnostics.Eventing.Reader.EventProperty]"
"Se debe reiniciar para poder cambiar el paquete KB2841134 al estado Instalado.";"4";"0";;"0";"0";"0";"-9223372036854775808";"43";"Microsoft-Windows-Servicing";"bd12f3b8-fc40-4a61-a307-b7a013a069c1";"Setup";"3088";"752";"SCTEST04.aitsoporte.local";"S-1-5-18";"27/11/2017 10:39:09 a.m.";;;"e:\sync\scripting\powershell\visoreventos\setup.evtx";"System.UInt32[]";"System.Diagnostics.Eventing.Reader.EventBookmark";"Informaci?n";"Informaci?n";;"System.Collections.ObjectModel.ReadOnlyCollection`1[System.String]";"System.Collections.Generic.List`1[System.Diagnostics.Eventing.Reader.EventProperty]"
"Iniciando cambios para el paquete KB2841134. El estado actual es Ausente. El estado de destino es Instalado. Identificador de cliente: DISM Package Manager Provider.";"1";"0";;"0";"0";"0";"-9223372036854775808";"42";"Microsoft-Windows-Servicing";"bd12f3b8-fc40-4a61-a307-b7a013a069c1";"Setup";"3088";"752";"SCTEST04.aitsoporte.local";"S-1-5-18";"27/11/2017 10:38:23 a.m.";;;"e:\sync\scripting\powershell\visoreventos\setup.evtx";"System.UInt32[]";"System.Diagnostics.Eventing.Reader.EventBookmark";"Informaci?n";"Informaci?n";;"System.Collections.ObjectModel.ReadOnlyCollection`1[System.String]";"System.Collections.Generic.List`1[System.Diagnostics.Eventing.Reader.EventProperty]"
"Se debe reiniciar para poder cambiar el paquete KB2841134 al estado Instalado.";"4";"0";;"0";"0";"0";"-9223372036854775808";"41";"Microsoft-Windows-Servicing";"bd12f3b8-fc40-4a61-a307-b7a013a069c1";"Setup";"3088";"752";"SCTEST04.aitsoporte.local";"S-1-5-18";"27/11/2017 10:38:16 a.m.";;;"e:\sync\scripting\powershell\visoreventos\setup.evtx";"System.UInt32[]";"System.Diagnostics.Eventing.Reader.EventBookmark";"Informaci?n";"Informaci?n";;"System.Collections.ObjectModel.ReadOnlyCollection`1[System.String]";"System.Collections.Generic.List`1[System.Diagnostics.Eventing.Reader.EventProperty]"
"Iniciando cambios para el paquete KB2841134. El estado actual es Ausente. El estado de destino es Instalado. Identificador de cliente: DISM Package Manager Provider.";"1";"0";;"0";"0";"0";"-9223372036854775808";"40";"Microsoft-Windows-Servicing";"bd12f3b8-fc40-4a61-a307-b7a013a069c1";"Setup";"3088";"752";"SCTEST04.aitsoporte.local";"S-1-5-18";"27/11/2017 10:36:25 a.m.";;;"e:\sync\scripting\powershell\visoreventos\setup.evtx";"System.UInt32[]";"System.Diagnostics.Eventing.Reader.EventBookmark";"Informaci?n";"Informaci?n";;"System.Collections.ObjectModel.ReadOnlyCollection`1[System.String]";"System.Collections.Generic.List`1[System.Diagnostics.Eventing.Reader.EventProperty]"
"Se debe reiniciar para poder cambiar el paquete KB2888049 al estado Instalado.";"4";"0";;"0";"0";"0";"-9223372036854775808";"39";"Microsoft-Windows-Servicing";"bd12f3b8-fc40-4a61-a307-b7a013a069c1";"Setup";"3088";"752";"SCTEST04.aitsoporte.local";"S-1-5-18";"27/11/2017 10:36:19 a.m.";;;"e:\sync\scripting\powershell\visoreventos\setup.evtx";"System.UInt32[]";"System.Diagnostics.Eventing.Reader.EventBookmark";"Informaci?n";"Informaci?n";;"System.Collections.ObjectModel.ReadOnlyCollection`1[System.String]";"System.Collections.Generic.List`1[System.Diagnostics.Eventing.Reader.EventProperty]"
"Iniciando cambios para el paquete KB2888049. El estado actual es Ausente. El estado de destino es Instalado. Identificador de cliente: DISM Package Manager Provider.";"1";"0";;"0";"0";"0";"-9223372036854775808";"38";"Microsoft-Windows-Servicing";"bd12f3b8-fc40-4a61-a307-b7a013a069c1";"Setup";"3088";"752";"SCTEST04.aitsoporte.local";"S-1-5-18";"27/11/2017 10:36:09 a.m.";;;"e:\sync\scripting\powershell\visoreventos\setup.evtx";"System.UInt32[]";"System.Diagnostics.Eventing.Reader.EventBookmark";"Informaci?n";"Informaci?n";;"System.Collections.ObjectModel.ReadOnlyCollection`1[System.String]";"System.Collections.Generic.List`1[System.Diagnostics.Eventing.Reader.EventProperty]"
"Se debe reiniciar para poder cambiar el paquete KB2786081 al estado Instalado.";"4";"0";;"0";"0";"0";"-9223372036854775808";"37";"Microsoft-Windows-Servicing";"bd12f3b8-fc40-4a61-a307-b7a013a069c1";"Setup";"3088";"752";"SCTEST04.aitsoporte.local";"S-1-5-18";"27/11/2017 10:36:06 a.m.";;;"e:\sync\scripting\powershell\visoreventos\setup.evtx";"System.UInt32[]";"System.Diagnostics.Eventing.Reader.EventBookmark";"Informaci?n";"Informaci?n";;"System.Collections.ObjectModel.ReadOnlyCollection`1[System.String]";"System.Collections.Generic.List`1[System.Diagnostics.Eventing.Reader.EventProperty]"
"Iniciando cambios para el paquete KB2786081. El estado actual es Ausente. El estado de destino es Instalado. Identificador de cliente: DISM Package Manager Provider.";"1";"0";;"0";"0";"0";"-9223372036854775808";"36";"Microsoft-Windows-Servicing";"bd12f3b8-fc40-4a61-a307-b7a013a069c1";"Setup";"3088";"752";"SCTEST04.aitsoporte.local";"S-1-5-18";"27/11/2017 10:35:59 a.m.";;;"e:\sync\scripting\powershell\visoreventos\setup.evtx";"System.UInt32[]";"System.Diagnostics.Eventing.Reader.EventBookmark";"Informaci?n";"Informaci?n";;"System.Collections.ObjectModel.ReadOnlyCollection`1[System.String]";"System.Collections.Generic.List`1[System.Diagnostics.Eventing.Reader.EventProperty]"
"Se debe reiniciar para poder cambiar el paquete KB2729094 al estado Instalado.";"4";"0";;"0";"0";"0";"-9223372036854775808";"35";"Microsoft-Windows-Servicing";"bd12f3b8-fc40-4a61-a307-b7a013a069c1";"Setup";"3088";"752";"SCTEST04.aitsoporte.local";"S-1-5-18";"27/11/2017 10:35:58 a.m.";;;"e:\sync\scripting\powershell\visoreventos\setup.evtx";"System.UInt32[]";"System.Diagnostics.Eventing.Reader.EventBookmark";"Informaci?n";"Informaci?n";;"System.Collections.ObjectModel.ReadOnlyCollection`1[System.String]";"System.Collections.Generic.List`1[System.Diagnostics.Eventing.Reader.EventProperty]"
"Iniciando cambios para el paquete KB2729094. El estado actual es Ausente. El estado de destino es Instalado. Identificador de cliente: DISM Package Manager Provider.";"1";"0";;"0";"0";"0";"-9223372036854775808";"34";"Microsoft-Windows-Servicing";"bd12f3b8-fc40-4a61-a307-b7a013a069c1";"Setup";"3088";"752";"SCTEST04.aitsoporte.local";"S-1-5-18";"27/11/2017 10:35:51 a.m.";;;"e:\sync\scripting\powershell\visoreventos\setup.evtx";"System.UInt32[]";"System.Diagnostics.Eventing.Reader.EventBookmark";"Informaci?n";"Informaci?n";;"System.Collections.ObjectModel.ReadOnlyCollection`1[System.String]";"System.Collections.Generic.List`1[System.Diagnostics.Eventing.Reader.EventProperty]"
"Se debe reiniciar para poder cambiar el paquete KB2731771 al estado Instalado.";"4";"0";;"0";"0";"0";"-9223372036854775808";"33";"Microsoft-Windows-Servicing";"bd12f3b8-fc40-4a61-a307-b7a013a069c1";"Setup";"3088";"752";"SCTEST04.aitsoporte.local";"S-1-5-18";"27/11/2017 10:35:48 a.m.";;;"e:\sync\scripting\powershell\visoreventos\setup.evtx";"System.UInt32[]";"System.Diagnostics.Eventing.Reader.EventBookmark";"Informaci?n";"Informaci?n";;"System.Collections.ObjectModel.ReadOnlyCollection`1[System.String]";"System.Collections.Generic.List`1[System.Diagnostics.Eventing.Reader.EventProperty]"
"Iniciando cambios para el paquete KB2731771. El estado actual es Ausente. El estado de destino es Instalado. Identificador de cliente: DISM Package Manager Provider.";"1";"0";;"0";"0";"0";"-9223372036854775808";"32";"Microsoft-Windows-Servicing";"bd12f3b8-fc40-4a61-a307-b7a013a069c1";"Setup";"3088";"752";"SCTEST04.aitsoporte.local";"S-1-5-18";"27/11/2017 10:35:05 a.m.";;;"e:\sync\scripting\powershell\visoreventos\setup.evtx";"System.UInt32[]";"System.Diagnostics.Eventing.Reader.EventBookmark";"Informaci?n";"Informaci?n";;"System.Collections.ObjectModel.ReadOnlyCollection`1[System.String]";"System.Collections.Generic.List`1[System.Diagnostics.Eventing.Reader.EventProperty]"
"Se debe reiniciar para poder cambiar el paquete KB2533623 al estado Instalado.";"4";"0";;"0";"0";"0";"-9223372036854775808";"31";"Microsoft-Windows-Servicing";"bd12f3b8-fc40-4a61-a307-b7a013a069c1";"Setup";"3088";"752";"SCTEST04.aitsoporte.local";"S-1-5-18";"27/11/2017 10:35:03 a.m.";;;"e:\sync\scripting\powershell\visoreventos\setup.evtx";"System.UInt32[]";"System.Diagnostics.Eventing.Reader.EventBookmark";"Informaci?n";"Informaci?n";;"System.Collections.ObjectModel.ReadOnlyCollection`1[System.String]";"System.Collections.Generic.List`1[System.Diagnostics.Eventing.Reader.EventProperty]"
"Iniciando cambios para el paquete KB2533623. El estado actual es Ausente. El estado de destino es Instalado. Identificador de cliente: DISM Package Manager Provider.";"1";"0";;"0";"0";"0";"-9223372036854775808";"30";"Microsoft-Windows-Servicing";"bd12f3b8-fc40-4a61-a307-b7a013a069c1";"Setup";"3088";"752";"SCTEST04.aitsoporte.local";"S-1-5-18";"27/11/2017 10:34:46 a.m.";;;"e:\sync\scripting\powershell\visoreventos\setup.evtx";"System.UInt32[]";"System.Diagnostics.Eventing.Reader.EventBookmark";"Informaci?n";"Informaci?n";;"System.Collections.ObjectModel.ReadOnlyCollection`1[System.String]";"System.Collections.Generic.List`1[System.Diagnostics.Eventing.Reader.EventProperty]"
"Se debe reiniciar para poder cambiar el paquete KB2639308 al estado Instalado.";"4";"0";;"0";"0";"0";"-9223372036854775808";"29";"Microsoft-Windows-Servicing";"bd12f3b8-fc40-4a61-a307-b7a013a069c1";"Setup";"3088";"752";"SCTEST04.aitsoporte.local";"S-1-5-18";"27/11/2017 10:34:45 a.m.";;;"e:\sync\scripting\powershell\visoreventos\setup.evtx";"System.UInt32[]";"System.Diagnostics.Eventing.Reader.EventBookmark";"Informaci?n";"Informaci?n";;"System.Collections.ObjectModel.ReadOnlyCollection`1[System.String]";"System.Collections.Generic.List`1[System.Diagnostics.Eventing.Reader.EventProperty]"
"Iniciando cambios para el paquete KB2639308. El estado actual es Ausente. El estado de destino es Instalado. Identificador de cliente: DISM Package Manager Provider.";"1";"0";;"0";"0";"0";"-9223372036854775808";"28";"Microsoft-Windows-Servicing";"bd12f3b8-fc40-4a61-a307-b7a013a069c1";"Setup";"3088";"752";"SCTEST04.aitsoporte.local";"S-1-5-18";"27/11/2017 10:34:29 a.m.";;;"e:\sync\scripting\powershell\visoreventos\setup.evtx";"System.UInt32[]";"System.Diagnostics.Eventing.Reader.EventBookmark";"Informaci?n";"Informaci?n";;"System.Collections.ObjectModel.ReadOnlyCollection`1[System.String]";"System.Collections.Generic.List`1[System.Diagnostics.Eventing.Reader.EventProperty]"
"Se debe reiniciar para poder cambiar el paquete KB2670838 al estado Instalado.";"4";"0";;"0";"0";"0";"-9223372036854775808";"27";"Microsoft-Windows-Servicing";"bd12f3b8-fc40-4a61-a307-b7a013a069c1";"Setup";"3088";"752";"SCTEST04.aitsoporte.local";"S-1-5-18";"27/11/2017 10:34:26 a.m.";;;"e:\sync\scripting\powershell\visoreventos\setup.evtx";"System.UInt32[]";"System.Diagnostics.Eventing.Reader.EventBookmark";"Informaci?n";"Informaci?n";;"System.Collections.ObjectModel.ReadOnlyCollection`1[System.String]";"System.Collections.Generic.List`1[System.Diagnostics.Eventing.Reader.EventProperty]"
"Iniciando cambios para el paquete KB2670838. El estado actual es Ausente. El estado de destino es Instalado. Identificador de cliente: DISM Package Manager Provider.";"1";"0";;"0";"0";"0";"-9223372036854775808";"26";"Microsoft-Windows-Servicing";"bd12f3b8-fc40-4a61-a307-b7a013a069c1";"Setup";"3088";"752";"SCTEST04.aitsoporte.local";"S-1-5-18";"27/11/2017 10:32:40 a.m.";;;"e:\sync\scripting\powershell\visoreventos\setup.evtx";"System.UInt32[]";"System.Diagnostics.Eventing.Reader.EventBookmark";"Informaci?n";"Informaci?n";;"System.Collections.ObjectModel.ReadOnlyCollection`1[System.String]";"System.Collections.Generic.List`1[System.Diagnostics.Eventing.Reader.EventProperty]"
"Se debe reiniciar para poder cambiar el paquete KB2834140 al estado Instalado.";"4";"0";;"0";"0";"0";"-9223372036854775808";"25";"Microsoft-Windows-Servicing";"bd12f3b8-fc40-4a61-a307-b7a013a069c1";"Setup";"3088";"752";"SCTEST04.aitsoporte.local";"S-1-5-18";"27/11/2017 10:32:38 a.m.";;;"e:\sync\scripting\powershell\visoreventos\setup.evtx";"System.UInt32[]";"System.Diagnostics.Eventing.Reader.EventBookmark";"Informaci?n";"Informaci?n";;"System.Collections.ObjectModel.ReadOnlyCollection`1[System.String]";"System.Collections.Generic.List`1[System.Diagnostics.Eventing.Reader.EventProperty]"
"Iniciando cambios para el paquete KB2834140. El estado actual es Ausente. El estado de destino es Instalado. Identificador de cliente: DISM Package Manager Provider.";"1";"0";;"0";"0";"0";"-9223372036854775808";"24";"Microsoft-Windows-Servicing";"bd12f3b8-fc40-4a61-a307-b7a013a069c1";"Setup";"3088";"752";"SCTEST04.aitsoporte.local";"S-1-5-18";"27/11/2017 10:32:22 a.m.";;;"e:\sync\scripting\powershell\visoreventos\setup.evtx";"System.UInt32[]";"System.Diagnostics.Eventing.Reader.EventBookmark";"Informaci?n";"Informaci?n";;"System.Collections.ObjectModel.ReadOnlyCollection`1[System.String]";"System.Collections.Generic.List`1[System.Diagnostics.Eventing.Reader.EventProperty]"
"La actualizaci?n de Windows  no se pudo instalar debido a un error: 2149842967 """". (L?nea de comandos: """"C:\Windows\system32\wusa.exe"" ""C:\Users\admincoem\Downloads\ie9-windows6.1-kb4018271-x64-custom_0bfc37f826165ffe42eb0a2bbc3c8beae4683d1f.msu""        "")";"3";"0";;"2";"0";"0";"-9223372036854775808";"23";"Microsoft-Windows-WUSA";"09608c12-c1da-4104-a6fe-b959cf57560a";"Setup";"3324";"856";"SCTEST04.aitsoporte.local";"S-1-5-21-1842571626-4254679088-1681253137-1000";"24/11/2017 12:31:30 p.m.";;;"e:\sync\scripting\powershell\visoreventos\setup.evtx";"System.UInt32[]";"System.Diagnostics.Eventing.Reader.EventBookmark";"Error";"Informaci?n";;"System.Collections.ObjectModel.ReadOnlyCollection`1[System.String]";"System.Collections.Generic.List`1[System.Diagnostics.Eventing.Reader.EventProperty]"
"La actualizaci?n de Windows ""Actualizaci?n para Windows (KB2999226)"" se instal? correctamente. (L?nea de comandos: """"C:\Windows\SysNative\wusa.exe"" ""C:\ProgramData\Package Cache\42D5BEC7DDFBD49E76467529CBC2868987BF8460\packages\Patch\x64\Windows6.1-KB2999226-x64.msu"" /quiet /norestart"")";"2";"0";;"4";"0";"0";"-9223372036854775808";"22";"Microsoft-Windows-WUSA";"09608c12-c1da-4104-a6fe-b959cf57560a";"Setup";"1416";"3588";"SCTEST04.aitsoporte.local";"S-1-5-21-1842571626-4254679088-1681253137-1000";"23/11/2017 09:16:58 a.m.";;;"e:\sync\scripting\powershell\visoreventos\setup.evtx";"System.UInt32[]";"System.Diagnostics.Eventing.Reader.EventBookmark";"Informaci?n";"Informaci?n";;"System.Collections.ObjectModel.ReadOnlyCollection`1[System.String]";"System.Collections.Generic.List`1[System.Diagnostics.Eventing.Reader.EventProperty]"
"Se cambi? el paquete KB2999226 correctamente al estado Instalado.";"2";"0";;"0";"0";"0";"-9223372036854775808";"21";"Microsoft-Windows-Servicing";"bd12f3b8-fc40-4a61-a307-b7a013a069c1";"Setup";"2500";"3080";"SCTEST04.aitsoporte.local";"S-1-5-18";"23/11/2017 09:16:57 a.m.";;;"e:\sync\scripting\powershell\visoreventos\setup.evtx";"System.UInt32[]";"System.Diagnostics.Eventing.Reader.EventBookmark";"Informaci?n";"Informaci?n";;"System.Collections.ObjectModel.ReadOnlyCollection`1[System.String]";"System.Collections.Generic.List`1[System.Diagnostics.Eventing.Reader.EventProperty]"
"Iniciando cambios para el paquete KB2999226. El estado actual es Ausente. El estado de destino es Instalado. Identificador de cliente: WindowsUpdateAgent.";"1";"0";;"0";"0";"0";"-9223372036854775808";"20";"Microsoft-Windows-Servicing";"bd12f3b8-fc40-4a61-a307-b7a013a069c1";"Setup";"2500";"3080";"SCTEST04.aitsoporte.local";"S-1-5-18";"23/11/2017 09:16:41 a.m.";;;"e:\sync\scripting\powershell\visoreventos\setup.evtx";"System.UInt32[]";"System.Diagnostics.Eventing.Reader.EventBookmark";"Informaci?n";"Informaci?n";;"System.Collections.ObjectModel.ReadOnlyCollection`1[System.String]";"System.Collections.Generic.List`1[System.Diagnostics.Eventing.Reader.EventProperty]"
"Se cambi? el paquete KB3134760 correctamente al estado Instalado.";"2";"0";;"0";"0";"0";"-9223372036854775808";"19";"Microsoft-Windows-Servicing";"bd12f3b8-fc40-4a61-a307-b7a013a069c1";"Setup";"936";"536";"SCTEST04.aitsoporte.local";"S-1-5-18";"02/11/2017 02:01:27 p.m.";;;"e:\sync\scripting\powershell\visoreventos\setup.evtx";"System.UInt32[]";"System.Diagnostics.Eventing.Reader.EventBookmark";"Informaci?n";"Informaci?n";;"System.Collections.ObjectModel.ReadOnlyCollection`1[System.String]";"System.Collections.Generic.List`1[System.Diagnostics.Eventing.Reader.EventProperty]"
"La actualizaci?n de Windows ""Actualizaci?n para Windows (KB3134760)"" se instal? correctamente. (L?nea de comandos: """"C:\Windows\system32\wusa.exe"" ""C:\Users\admincoem\Downloads\Win7AndW2K8R2-KB3134760-x64.msu""        "")";"2";"0";;"4";"0";"0";"-9223372036854775808";"18";"Microsoft-Windows-WUSA";"09608c12-c1da-4104-a6fe-b959cf57560a";"Setup";"1616";"1328";"SCTEST04.aitsoporte.local";"S-1-5-21-1842571626-4254679088-1681253137-1000";"02/11/2017 01:58:39 p.m.";;;"e:\sync\scripting\powershell\visoreventos\setup.evtx";"System.UInt32[]";"System.Diagnostics.Eventing.Reader.EventBookmark";"Informaci?n";"Informaci?n";;"System.Collections.ObjectModel.ReadOnlyCollection`1[System.String]";"System.Collections.Generic.List`1[System.Diagnostics.Eventing.Reader.EventProperty]"
"La actualizaci?n de Windows Actualizaci?n para Windows (KB3134760) requiere reiniciar el equipo para completar la instalaci?n. (L?nea de comandos: """"C:\Windows\system32\wusa.exe"" ""C:\Users\admincoem\Downloads\Win7AndW2K8R2-KB3134760-x64.msu""        "")";"4";"0";;"3";"0";"0";"-9223372036854775808";"17";"Microsoft-Windows-WUSA";"09608c12-c1da-4104-a6fe-b959cf57560a";"Setup";"1616";"1928";"SCTEST04.aitsoporte.local";"S-1-5-21-1842571626-4254679088-1681253137-1000";"02/11/2017 01:58:38 p.m.";;;"e:\sync\scripting\powershell\visoreventos\setup.evtx";"System.UInt32[]";"System.Diagnostics.Eventing.Reader.EventBookmark";"Advertencia";"Informaci?n";;"System.Collections.ObjectModel.ReadOnlyCollection`1[System.String]";"System.Collections.Generic.List`1[System.Diagnostics.Eventing.Reader.EventProperty]"
"Se debe reiniciar para poder cambiar el paquete KB3134760 al estado Instalado.";"4";"0";;"0";"0";"0";"-9223372036854775808";"16";"Microsoft-Windows-Servicing";"bd12f3b8-fc40-4a61-a307-b7a013a069c1";"Setup";"2412";"1140";"SCTEST04.aitsoporte.local";"S-1-5-18";"02/11/2017 01:55:33 p.m.";;;"e:\sync\scripting\powershell\visoreventos\setup.evtx";"System.UInt32[]";"System.Diagnostics.Eventing.Reader.EventBookmark";"Informaci?n";"Informaci?n";;"System.Collections.ObjectModel.ReadOnlyCollection`1[System.String]";"System.Collections.Generic.List`1[System.Diagnostics.Eventing.Reader.EventProperty]"
"Iniciando cambios para el paquete KB3134760. El estado actual es Ausente. El estado de destino es Instalado. Identificador de cliente: WindowsUpdateAgent.";"1";"0";;"0";"0";"0";"-9223372036854775808";"15";"Microsoft-Windows-Servicing";"bd12f3b8-fc40-4a61-a307-b7a013a069c1";"Setup";"2412";"1140";"SCTEST04.aitsoporte.local";"S-1-5-18";"02/11/2017 01:52:50 p.m.";;;"e:\sync\scripting\powershell\visoreventos\setup.evtx";"System.UInt32[]";"System.Diagnostics.Eventing.Reader.EventBookmark";"Informaci?n";"Informaci?n";;"System.Collections.ObjectModel.ReadOnlyCollection`1[System.String]";"System.Collections.Generic.List`1[System.Diagnostics.Eventing.Reader.EventProperty]"
"Se cambi? el paquete KB976932 correctamente al estado Instalado.";"2";"0";;"0";"0";"0";"-9223372036854775808";"14";"Microsoft-Windows-Servicing";"bd12f3b8-fc40-4a61-a307-b7a013a069c1";"Setup";"1020";"1164";"SCTEST04.aitsoporte.local";"S-1-5-18";"27/10/2017 04:23:24 p.m.";;;"e:\sync\scripting\powershell\visoreventos\setup.evtx";"System.UInt32[]";"System.Diagnostics.Eventing.Reader.EventBookmark";"Informaci?n";"Informaci?n";;"System.Collections.ObjectModel.ReadOnlyCollection`1[System.String]";"System.Collections.Generic.List`1[System.Diagnostics.Eventing.Reader.EventProperty]"
"Se debe reiniciar para poder cambiar el paquete KB976932 al estado Instalado.";"4";"0";;"0";"0";"0";"-9223372036854775808";"13";"Microsoft-Windows-Servicing";"bd12f3b8-fc40-4a61-a307-b7a013a069c1";"Setup";"992";"2708";"SCTEST04.aitsoporte.local";"S-1-5-18";"27/10/2017 04:08:42 p.m.";;;"e:\sync\scripting\powershell\visoreventos\setup.evtx";"System.UInt32[]";"System.Diagnostics.Eventing.Reader.EventBookmark";"Informaci?n";"Informaci?n";;"System.Collections.ObjectModel.ReadOnlyCollection`1[System.String]";"System.Collections.Generic.List`1[System.Diagnostics.Eventing.Reader.EventProperty]"
"Iniciando cambios para el paquete KB976932. El estado actual es Ausente. El estado de destino es Instalado. Identificador de cliente: SP Coordinater Engine.";"1";"0";;"0";"0";"0";"-9223372036854775808";"12";"Microsoft-Windows-Servicing";"bd12f3b8-fc40-4a61-a307-b7a013a069c1";"Setup";"992";"2708";"SCTEST04.aitsoporte.local";"S-1-5-18";"27/10/2017 03:10:56 p.m.";;;"e:\sync\scripting\powershell\visoreventos\setup.evtx";"System.UInt32[]";"System.Diagnostics.Eventing.Reader.EventBookmark";"Informaci?n";"Informaci?n";;"System.Collections.ObjectModel.ReadOnlyCollection`1[System.String]";"System.Collections.Generic.List`1[System.Diagnostics.Eventing.Reader.EventProperty]"
"Se cambi? el paquete KB976902 correctamente al estado Instalado.";"2";"0";;"0";"0";"0";"-9223372036854775808";"11";"Microsoft-Windows-Servicing";"bd12f3b8-fc40-4a61-a307-b7a013a069c1";"Setup";"1276";"2184";"SCTEST04.aitsoporte.local";"S-1-5-18";"27/10/2017 03:08:03 p.m.";;;"e:\sync\scripting\powershell\visoreventos\setup.evtx";"System.UInt32[]";"System.Diagnostics.Eventing.Reader.EventBookmark";"Informaci?n";"Informaci?n";;"System.Collections.ObjectModel.ReadOnlyCollection`1[System.String]";"System.Collections.Generic.List`1[System.Diagnostics.Eventing.Reader.EventProperty]"
"Iniciando cambios para el paquete KB976902. El estado actual es Ausente. El estado de destino es Instalado. Identificador de cliente: SP Coordinater Engine.";"1";"0";;"0";"0";"0";"-9223372036854775808";"10";"Microsoft-Windows-Servicing";"bd12f3b8-fc40-4a61-a307-b7a013a069c1";"Setup";"1276";"1840";"SCTEST04.aitsoporte.local";"S-1-5-18";"27/10/2017 03:07:46 p.m.";;;"e:\sync\scripting\powershell\visoreventos\setup.evtx";"System.UInt32[]";"System.Diagnostics.Eventing.Reader.EventBookmark";"Informaci?n";"Informaci?n";;"System.Collections.ObjectModel.ReadOnlyCollection`1[System.String]";"System.Collections.Generic.List`1[System.Diagnostics.Eventing.Reader.EventProperty]"
"La actualizaci?n de Windows  no se pudo instalar debido a un error: 2149842967 """". (L?nea de comandos: ""wusa.exe ""c:\program files\microsoft office\root\integration\windows6.1-kb2999226-x86.msu"" /quiet /norestart"")";"3";"0";;"2";"0";"0";"-9223372036854775808";"9";"Microsoft-Windows-WUSA";"09608c12-c1da-4104-a6fe-b959cf57560a";"Setup";"2160";"2348";"SCTEST04.aitsoporte.local";"S-1-5-18";"27/10/2017 01:02:41 p.m.";;;"e:\sync\scripting\powershell\visoreventos\setup.evtx";"System.UInt32[]";"System.Diagnostics.Eventing.Reader.EventBookmark";"Error";"Informaci?n";;"System.Collections.ObjectModel.ReadOnlyCollection`1[System.String]";"System.Collections.Generic.List`1[System.Diagnostics.Eventing.Reader.EventProperty]"
"La actualizaci?n de Windows  no se pudo instalar debido a un error: 2149842967 """". (L?nea de comandos: ""wusa.exe ""c:\program files\microsoft office\root\integration\windows6.1-kb2999226-x64.msu"" /quiet /norestart"")";"3";"0";;"2";"0";"0";"-9223372036854775808";"8";"Microsoft-Windows-WUSA";"09608c12-c1da-4104-a6fe-b959cf57560a";"Setup";"1184";"1124";"SCTEST04.aitsoporte.local";"S-1-5-18";"27/10/2017 01:02:38 p.m.";;;"e:\sync\scripting\powershell\visoreventos\setup.evtx";"System.UInt32[]";"System.Diagnostics.Eventing.Reader.EventBookmark";"Error";"Informaci?n";;"System.Collections.ObjectModel.ReadOnlyCollection`1[System.String]";"System.Collections.Generic.List`1[System.Diagnostics.Eventing.Reader.EventProperty]"
"La actualizaci?n de Windows  no se pudo instalar debido a un error: 2149842967 """". (L?nea de comandos: ""wusa.exe ""c:\program files\microsoft office\root\integration\windows6.1-kb2999226-x86.msu"" /quiet /norestart"")";"3";"0";;"2";"0";"0";"-9223372036854775808";"7";"Microsoft-Windows-WUSA";"09608c12-c1da-4104-a6fe-b959cf57560a";"Setup";"2668";"2748";"SCTEST04.aitsoporte.local";"S-1-5-18";"23/10/2017 03:04:36 p.m.";;;"e:\sync\scripting\powershell\visoreventos\setup.evtx";"System.UInt32[]";"System.Diagnostics.Eventing.Reader.EventBookmark";"Error";"Informaci?n";;"System.Collections.ObjectModel.ReadOnlyCollection`1[System.String]";"System.Collections.Generic.List`1[System.Diagnostics.Eventing.Reader.EventProperty]"
"La actualizaci?n de Windows  no se pudo instalar debido a un error: 2149842967 """". (L?nea de comandos: ""wusa.exe ""c:\program files\microsoft office\root\integration\windows6.1-kb2999226-x64.msu"" /quiet /norestart"")";"3";"0";;"2";"0";"0";"-9223372036854775808";"6";"Microsoft-Windows-WUSA";"09608c12-c1da-4104-a6fe-b959cf57560a";"Setup";"1428";"2420";"SCTEST04.aitsoporte.local";"S-1-5-18";"23/10/2017 03:04:34 p.m.";;;"e:\sync\scripting\powershell\visoreventos\setup.evtx";"System.UInt32[]";"System.Diagnostics.Eventing.Reader.EventBookmark";"Error";"Informaci?n";;"System.Collections.ObjectModel.ReadOnlyCollection`1[System.String]";"System.Collections.Generic.List`1[System.Diagnostics.Eventing.Reader.EventProperty]"
"Se cambi? el paquete KB958488 correctamente al estado Instalado.";"2";"0";;"0";"0";"0";"-9223372036854775808";"5";"Microsoft-Windows-Servicing";"bd12f3b8-fc40-4a61-a307-b7a013a069c1";"Setup";"520";"1180";"SCTEST04";"S-1-5-18";"23/10/2017 08:30:48 a.m.";;;"e:\sync\scripting\powershell\visoreventos\setup.evtx";"System.UInt32[]";"System.Diagnostics.Eventing.Reader.EventBookmark";"Informaci?n";"Informaci?n";;"System.Collections.ObjectModel.ReadOnlyCollection`1[System.String]";"System.Collections.Generic.List`1[System.Diagnostics.Eventing.Reader.EventProperty]"
"La actualizaci?n de Windows ""Actualizaci?n para Windows (KB958488)"" se instal? correctamente. (L?nea de comandos: ""wusa.exe ""C:\4f79d4d90c036082dc4879c3f6513026\Windows6.1-KB958488-v6001-x64.msu"" /quiet /norestart"")";"2";"0";;"4";"0";"0";"-9223372036854775808";"4";"Microsoft-Windows-WUSA";"09608c12-c1da-4104-a6fe-b959cf57560a";"Setup";"1708";"1856";"SCTEST04";"S-1-5-21-1842571626-4254679088-1681253137-1000";"23/10/2017 08:13:10 a.m.";;;"e:\sync\scripting\powershell\visoreventos\setup.evtx";"System.UInt32[]";"System.Diagnostics.Eventing.Reader.EventBookmark";"Informaci?n";"Informaci?n";;"System.Collections.ObjectModel.ReadOnlyCollection`1[System.String]";"System.Collections.Generic.List`1[System.Diagnostics.Eventing.Reader.EventProperty]"
"La actualizaci?n de Windows Actualizaci?n para Windows (KB958488) requiere reiniciar el equipo para completar la instalaci?n. (L?nea de comandos: ""wusa.exe ""C:\4f79d4d90c036082dc4879c3f6513026\Windows6.1-KB958488-v6001-x64.msu"" /quiet /norestart"")";"4";"0";;"3";"0";"0";"-9223372036854775808";"3";"Microsoft-Windows-WUSA";"09608c12-c1da-4104-a6fe-b959cf57560a";"Setup";"1708";"952";"SCTEST04";"S-1-5-21-1842571626-4254679088-1681253137-1000";"23/10/2017 08:13:09 a.m.";;;"e:\sync\scripting\powershell\visoreventos\setup.evtx";"System.UInt32[]";"System.Diagnostics.Eventing.Reader.EventBookmark";"Advertencia";"Informaci?n";;"System.Collections.ObjectModel.ReadOnlyCollection`1[System.String]";"System.Collections.Generic.List`1[System.Diagnostics.Eventing.Reader.EventProperty]"
"Se debe reiniciar para poder cambiar el paquete KB958488 al estado Instalado.";"4";"0";;"0";"0";"0";"-9223372036854775808";"2";"Microsoft-Windows-Servicing";"bd12f3b8-fc40-4a61-a307-b7a013a069c1";"Setup";"3008";"1344";"SCTEST04";"S-1-5-18";"23/10/2017 08:13:07 a.m.";;;"e:\sync\scripting\powershell\visoreventos\setup.evtx";"System.UInt32[]";"System.Diagnostics.Eventing.Reader.EventBookmark";"Informaci?n";"Informaci?n";;"System.Collections.ObjectModel.ReadOnlyCollection`1[System.String]";"System.Collections.Generic.List`1[System.Diagnostics.Eventing.Reader.EventProperty]"
"Iniciando cambios para el paquete KB958488. El estado actual es Ausente. El estado de destino es Instalado. Identificador de cliente: WindowsUpdateAgent.";"1";"0";;"0";"0";"0";"-9223372036854775808";"1";"Microsoft-Windows-Servicing";"bd12f3b8-fc40-4a61-a307-b7a013a069c1";"Setup";"3008";"1344";"SCTEST04";"S-1-5-18";"23/10/2017 08:12:55 a.m.";;;"e:\sync\scripting\powershell\visoreventos\setup.evtx";"System.UInt32[]";"System.Diagnostics.Eventing.Reader.EventBookmark";"Informaci?n";"Informaci?n";;"System.Collections.ObjectModel.ReadOnlyCollection`1[System.String]";"System.Collections.Generic.List`1[System.Diagnostics.Eventing.Reader.EventProperty]"
