"Iniciando cambios para el paquete KB2773072. El estado actual es Ausente. El estado de destino es Almacenado provisionalmente. Identificador de cliente: WindowsUpdateAgent.";"1";"0";;"0";"0";"0";"-9223372036854775808";"1218";"Microsoft-Windows-Servicing";"bd12f3b8-fc40-4a61-a307-b7a013a069c1";"Setup";"3012";"2640";"SCTEST04.aitsoporte.local";"S-1-5-18";"11/12/2017 08:04:12 a.m.";;;"e:\sync\scripting\powershell\visoreventos\setup.evtx";"System.UInt32[]";"System.Diagnostics.Eventing.Reader.EventBookmark";"Informaci?n";"Informaci?n";;"System.Collections.ObjectModel.ReadOnlyCollection`1[System.String]";"System.Collections.Generic.List`1[System.Diagnostics.Eventing.Reader.EventProperty]"
"No se pudo cambiar el paquete KB2791765 al estado Almacenado provisionalmente. Estado: 0x800f0816.";"3";"0";;"0";"0";"0";"-9223372036854775808";"1217";"Microsoft-Windows-Servicing";"bd12f3b8-fc40-4a61-a307-b7a013a069c1";"Setup";"3012";"2640";"SCTEST04.aitsoporte.local";"S-1-5-18";"11/12/2017 08:03:04 a.m.";;;"e:\sync\scripting\powershell\visoreventos\setup.evtx";"System.UInt32[]";"System.Diagnostics.Eventing.Reader.EventBookmark";"Informaci?n";"Informaci?n";;"System.Collections.ObjectModel.ReadOnlyCollection`1[System.String]";"System.Collections.Generic.List`1[System.Diagnostics.Eventing.Reader.EventProperty]"
"Iniciando cambios para el paquete KB2791765. El estado actual es Ausente. El estado de destino es Almacenado provisionalmente. Identificador de cliente: WindowsUpdateAgent.";"1";"0";;"0";"0";"0";"-9223372036854775808";"1216";"Microsoft-Windows-Servicing";"bd12f3b8-fc40-4a61-a307-b7a013a069c1";"Setup";"3012";"2640";"SCTEST04.aitsoporte.local";"S-1-5-18";"11/12/2017 08:02:37 a.m.";;;"e:\sync\scripting\powershell\visoreventos\setup.evtx";"System.UInt32[]";"System.Diagnostics.Eventing.Reader.EventBookmark";"Informaci?n";"Informaci?n";;"System.Collections.ObjectModel.ReadOnlyCollection`1[System.String]";"System.Collections.Generic.List`1[System.Diagnostics.Eventing.Reader.EventProperty]"
"No se pudo cambiar el paquete KB2726535 al estado Almacenado provisionalmente. Estado: 0x800f0816.";"3";"0";;"0";"0";"0";"-9223372036854775808";"1215";"Microsoft-Windows-Servicing";"bd12f3b8-fc40-4a61-a307-b7a013a069c1";"Setup";"3012";"2640";"SCTEST04.aitsoporte.local";"S-1-5-18";"11/12/2017 08:01:24 a.m.";;;"e:\sync\scripting\powershell\visoreventos\setup.evtx";"System.UInt32[]";"System.Diagnostics.Eventing.Reader.EventBookmark";"Informaci?n";"Informaci?n";;"System.Collections.ObjectModel.ReadOnlyCollection`1[System.String]";"System.Collections.Generic.List`1[System.Diagnostics.Eventing.Reader.EventProperty]"
"Iniciando cambios para el paquete KB2726535. El estado actual es Ausente. El estado de destino es Almacenado provisionalmente. Identificador de cliente: WindowsUpdateAgent.";"1";"0";;"0";"0";"0";"-9223372036854775808";"1214";"Microsoft-Windows-Servicing";"bd12f3b8-fc40-4a61-a307-b7a013a069c1";"Setup";"3012";"2640";"SCTEST04.aitsoporte.local";"S-1-5-18";"11/12/2017 08:00:42 a.m.";;;"e:\sync\scripting\powershell\visoreventos\setup.evtx";"System.UInt32[]";"System.Diagnostics.Eventing.Reader.EventBookmark";"Informaci?n";"Informaci?n";;"System.Collections.ObjectModel.ReadOnlyCollection`1[System.String]";"System.Collections.Generic.List`1[System.Diagnostics.Eventing.Reader.EventProperty]"
"No se pudo cambiar el paquete KB3054476 al estado Almacenado provisionalmente. Estado: 0x800f0816.";"3";"0";;"0";"0";"0";"-9223372036854775808";"1213";"Microsoft-Windows-Servicing";"bd12f3b8-fc40-4a61-a307-b7a013a069c1";"Setup";"3012";"2640";"SCTEST04.aitsoporte.local";"S-1-5-18";"11/12/2017 08:00:29 a.m.";;;"e:\sync\scripting\powershell\visoreventos\setup.evtx";"System.UInt32[]";"System.Diagnostics.Eventing.Reader.EventBookmark";"Informaci?n";"Informaci?n";;"System.Collections.ObjectModel.ReadOnlyCollection`1[System.String]";"System.Collections.Generic.List`1[System.Diagnostics.Eventing.Reader.EventProperty]"
"Iniciando cambios para el paquete KB3054476. El estado actual es Ausente. El estado de destino es Almacenado provisionalmente. Identificador de cliente: WindowsUpdateAgent.";"1";"0";;"0";"0";"0";"-9223372036854775808";"1212";"Microsoft-Windows-Servicing";"bd12f3b8-fc40-4a61-a307-b7a013a069c1";"Setup";"3012";"2640";"SCTEST04.aitsoporte.local";"S-1-5-18";"11/12/2017 08:00:28 a.m.";;;"e:\sync\scripting\powershell\visoreventos\setup.evtx";"System.UInt32[]";"System.Diagnostics.Eventing.Reader.EventBookmark";"Informaci?n";"Informaci?n";;"System.Collections.ObjectModel.ReadOnlyCollection`1[System.String]";"System.Collections.Generic.List`1[System.Diagnostics.Eventing.Reader.EventProperty]"
"No se pudo cambiar el paquete KB2732487 al estado Almacenado provisionalmente. Estado: 0x800f0816.";"3";"0";;"0";"0";"0";"-9223372036854775808";"1211";"Microsoft-Windows-Servicing";"bd12f3b8-fc40-4a61-a307-b7a013a069c1";"Setup";"3012";"2640";"SCTEST04.aitsoporte.local";"S-1-5-18";"11/12/2017 08:00:25 a.m.";;;"e:\sync\scripting\powershell\visoreventos\setup.evtx";"System.UInt32[]";"System.Diagnostics.Eventing.Reader.EventBookmark";"Informaci?n";"Informaci?n";;"System.Collections.ObjectModel.ReadOnlyCollection`1[System.String]";"System.Collections.Generic.List`1[System.Diagnostics.Eventing.Reader.EventProperty]"
"Iniciando cambios para el paquete KB2732487. El estado actual es Ausente. El estado de destino es Almacenado provisionalmente. Identificador de cliente: WindowsUpdateAgent.";"1";"0";;"0";"0";"0";"-9223372036854775808";"1210";"Microsoft-Windows-Servicing";"bd12f3b8-fc40-4a61-a307-b7a013a069c1";"Setup";"3012";"2640";"SCTEST04.aitsoporte.local";"S-1-5-18";"11/12/2017 08:00:24 a.m.";;;"e:\sync\scripting\powershell\visoreventos\setup.evtx";"System.UInt32[]";"System.Diagnostics.Eventing.Reader.EventBookmark";"Informaci?n";"Informaci?n";;"System.Collections.ObjectModel.ReadOnlyCollection`1[System.String]";"System.Collections.Generic.List`1[System.Diagnostics.Eventing.Reader.EventProperty]"
"No se pudo cambiar el paquete KB2908783 al estado Almacenado provisionalmente. Estado: 0x800f0816.";"3";"0";;"0";"0";"0";"-9223372036854775808";"1209";"Microsoft-Windows-Servicing";"bd12f3b8-fc40-4a61-a307-b7a013a069c1";"Setup";"3012";"2640";"SCTEST04.aitsoporte.local";"S-1-5-18";"11/12/2017 08:00:20 a.m.";;;"e:\sync\scripting\powershell\visoreventos\setup.evtx";"System.UInt32[]";"System.Diagnostics.Eventing.Reader.EventBookmark";"Informaci?n";"Informaci?n";;"System.Collections.ObjectModel.ReadOnlyCollection`1[System.String]";"System.Collections.Generic.List`1[System.Diagnostics.Eventing.Reader.EventProperty]"
"Iniciando cambios para el paquete KB2908783. El estado actual es Ausente. El estado de destino es Almacenado provisionalmente. Identificador de cliente: WindowsUpdateAgent.";"1";"0";;"0";"0";"0";"-9223372036854775808";"1208";"Microsoft-Windows-Servicing";"bd12f3b8-fc40-4a61-a307-b7a013a069c1";"Setup";"3012";"2640";"SCTEST04.aitsoporte.local";"S-1-5-18";"11/12/2017 08:00:12 a.m.";;;"e:\sync\scripting\powershell\visoreventos\setup.evtx";"System.UInt32[]";"System.Diagnostics.Eventing.Reader.EventBookmark";"Informaci?n";"Informaci?n";;"System.Collections.ObjectModel.ReadOnlyCollection`1[System.String]";"System.Collections.Generic.List`1[System.Diagnostics.Eventing.Reader.EventProperty]"
"No se pudo cambiar el paquete KB3092627 al estado Almacenado provisionalmente. Estado: 0x800f0816.";"3";"0";;"0";"0";"0";"-9223372036854775808";"1207";"Microsoft-Windows-Servicing";"bd12f3b8-fc40-4a61-a307-b7a013a069c1";"Setup";"3012";"2640";"SCTEST04.aitsoporte.local";"S-1-5-18";"11/12/2017 08:00:09 a.m.";;;"e:\sync\scripting\powershell\visoreventos\setup.evtx";"System.UInt32[]";"System.Diagnostics.Eventing.Reader.EventBookmark";"Informaci?n";"Informaci?n";;"System.Collections.ObjectModel.ReadOnlyCollection`1[System.String]";"System.Collections.Generic.List`1[System.Diagnostics.Eventing.Reader.EventProperty]"
"Iniciando cambios para el paquete KB3092627. El estado actual es Ausente. El estado de destino es Almacenado provisionalmente. Identificador de cliente: WindowsUpdateAgent.";"1";"0";;"0";"0";"0";"-9223372036854775808";"1206";"Microsoft-Windows-Servicing";"bd12f3b8-fc40-4a61-a307-b7a013a069c1";"Setup";"3012";"2640";"SCTEST04.aitsoporte.local";"S-1-5-18";"11/12/2017 08:00:06 a.m.";;;"e:\sync\scripting\powershell\visoreventos\setup.evtx";"System.UInt32[]";"System.Diagnostics.Eventing.Reader.EventBookmark";"Informaci?n";"Informaci?n";;"System.Collections.ObjectModel.ReadOnlyCollection`1[System.String]";"System.Collections.Generic.List`1[System.Diagnostics.Eventing.Reader.EventProperty]"
"No se pudo cambiar el paquete KB3006121 al estado Almacenado provisionalmente. Estado: 0x800f0816.";"3";"0";;"0";"0";"0";"-9223372036854775808";"1205";"Microsoft-Windows-Servicing";"bd12f3b8-fc40-4a61-a307-b7a013a069c1";"Setup";"3012";"2640";"SCTEST04.aitsoporte.local";"S-1-5-18";"11/12/2017 08:00:04 a.m.";;;"e:\sync\scripting\powershell\visoreventos\setup.evtx";"System.UInt32[]";"System.Diagnostics.Eventing.Reader.EventBookmark";"Informaci?n";"Informaci?n";;"System.Collections.ObjectModel.ReadOnlyCollection`1[System.String]";"System.Collections.Generic.List`1[System.Diagnostics.Eventing.Reader.EventProperty]"
"Iniciando cambios para el paquete KB3006121. El estado actual es Ausente. El estado de destino es Almacenado provisionalmente. Identificador de cliente: WindowsUpdateAgent.";"1";"0";;"0";"0";"0";"-9223372036854775808";"1204";"Microsoft-Windows-Servicing";"bd12f3b8-fc40-4a61-a307-b7a013a069c1";"Setup";"3012";"2640";"SCTEST04.aitsoporte.local";"S-1-5-18";"11/12/2017 08:00:02 a.m.";;;"e:\sync\scripting\powershell\visoreventos\setup.evtx";"System.UInt32[]";"System.Diagnostics.Eventing.Reader.EventBookmark";"Informaci?n";"Informaci?n";;"System.Collections.ObjectModel.ReadOnlyCollection`1[System.String]";"System.Collections.Generic.List`1[System.Diagnostics.Eventing.Reader.EventProperty]"
"No se pudo cambiar el paquete KB2761217 al estado Almacenado provisionalmente. Estado: 0x800f0816.";"3";"0";;"0";"0";"0";"-9223372036854775808";"1203";"Microsoft-Windows-Servicing";"bd12f3b8-fc40-4a61-a307-b7a013a069c1";"Setup";"3012";"2640";"SCTEST04.aitsoporte.local";"S-1-5-18";"11/12/2017 08:00:00 a.m.";;;"e:\sync\scripting\powershell\visoreventos\setup.evtx";"System.UInt32[]";"System.Diagnostics.Eventing.Reader.EventBookmark";"Informaci?n";"Informaci?n";;"System.Collections.ObjectModel.ReadOnlyCollection`1[System.String]";"System.Collections.Generic.List`1[System.Diagnostics.Eventing.Reader.EventProperty]"
"Iniciando cambios para el paquete KB2761217. El estado actual es Ausente. El estado de destino es Almacenado provisionalmente. Identificador de cliente: WindowsUpdateAgent.";"1";"0";;"0";"0";"0";"-9223372036854775808";"1202";"Microsoft-Windows-Servicing";"bd12f3b8-fc40-4a61-a307-b7a013a069c1";"Setup";"3012";"2640";"SCTEST04.aitsoporte.local";"S-1-5-18";"11/12/2017 07:59:58 a.m.";;;"e:\sync\scripting\powershell\visoreventos\setup.evtx";"System.UInt32[]";"System.Diagnostics.Eventing.Reader.EventBookmark";"Informaci?n";"Informaci?n";;"System.Collections.ObjectModel.ReadOnlyCollection`1[System.String]";"System.Collections.Generic.List`1[System.Diagnostics.Eventing.Reader.EventProperty]"
"No se pudo cambiar el paquete KB2808679 al estado Almacenado provisionalmente. Estado: 0x800f0816.";"3";"0";;"0";"0";"0";"-9223372036854775808";"1201";"Microsoft-Windows-Servicing";"bd12f3b8-fc40-4a61-a307-b7a013a069c1";"Setup";"3012";"2640";"SCTEST04.aitsoporte.local";"S-1-5-18";"11/12/2017 07:59:54 a.m.";;;"e:\sync\scripting\powershell\visoreventos\setup.evtx";"System.UInt32[]";"System.Diagnostics.Eventing.Reader.EventBookmark";"Informaci?n";"Informaci?n";;"System.Collections.ObjectModel.ReadOnlyCollection`1[System.String]";"System.Collections.Generic.List`1[System.Diagnostics.Eventing.Reader.EventProperty]"
"Iniciando cambios para el paquete KB2808679. El estado actual es Ausente. El estado de destino es Almacenado provisionalmente. Identificador de cliente: WindowsUpdateAgent.";"1";"0";;"0";"0";"0";"-9223372036854775808";"1200";"Microsoft-Windows-Servicing";"bd12f3b8-fc40-4a61-a307-b7a013a069c1";"Setup";"3012";"2640";"SCTEST04.aitsoporte.local";"S-1-5-18";"11/12/2017 07:59:41 a.m.";;;"e:\sync\scripting\powershell\visoreventos\setup.evtx";"System.UInt32[]";"System.Diagnostics.Eventing.Reader.EventBookmark";"Informaci?n";"Informaci?n";;"System.Collections.ObjectModel.ReadOnlyCollection`1[System.String]";"System.Collections.Generic.List`1[System.Diagnostics.Eventing.Reader.EventProperty]"
"No se pudo cambiar el paquete KB3140245 al estado Almacenado provisionalmente. Estado: 0x800f0816.";"3";"0";;"0";"0";"0";"-9223372036854775808";"1199";"Microsoft-Windows-Servicing";"bd12f3b8-fc40-4a61-a307-b7a013a069c1";"Setup";"3012";"2640";"SCTEST04.aitsoporte.local";"S-1-5-18";"11/12/2017 07:59:38 a.m.";;;"e:\sync\scripting\powershell\visoreventos\setup.evtx";"System.UInt32[]";"System.Diagnostics.Eventing.Reader.EventBookmark";"Informaci?n";"Informaci?n";;"System.Collections.ObjectModel.ReadOnlyCollection`1[System.String]";"System.Collections.Generic.List`1[System.Diagnostics.Eventing.Reader.EventProperty]"
"Iniciando cambios para el paquete KB3140245. El estado actual es Ausente. El estado de destino es Almacenado provisionalmente. Identificador de cliente: WindowsUpdateAgent.";"1";"0";;"0";"0";"0";"-9223372036854775808";"1198";"Microsoft-Windows-Servicing";"bd12f3b8-fc40-4a61-a307-b7a013a069c1";"Setup";"3012";"2640";"SCTEST04.aitsoporte.local";"S-1-5-18";"11/12/2017 07:59:36 a.m.";;;"e:\sync\scripting\powershell\visoreventos\setup.evtx";"System.UInt32[]";"System.Diagnostics.Eventing.Reader.EventBookmark";"Informaci?n";"Informaci?n";;"System.Collections.ObjectModel.ReadOnlyCollection`1[System.String]";"System.Collections.Generic.List`1[System.Diagnostics.Eventing.Reader.EventProperty]"
"No se pudo cambiar el paquete KB3138378 al estado Almacenado provisionalmente. Estado: 0x800f0816.";"3";"0";;"0";"0";"0";"-9223372036854775808";"1197";"Microsoft-Windows-Servicing";"bd12f3b8-fc40-4a61-a307-b7a013a069c1";"Setup";"3012";"2640";"SCTEST04.aitsoporte.local";"S-1-5-18";"11/12/2017 07:59:28 a.m.";;;"e:\sync\scripting\powershell\visoreventos\setup.evtx";"System.UInt32[]";"System.Diagnostics.Eventing.Reader.EventBookmark";"Informaci?n";"Informaci?n";;"System.Collections.ObjectModel.ReadOnlyCollection`1[System.String]";"System.Collections.Generic.List`1[System.Diagnostics.Eventing.Reader.EventProperty]"
"Iniciando cambios para el paquete KB3138378. El estado actual es Ausente. El estado de destino es Almacenado provisionalmente. Identificador de cliente: WindowsUpdateAgent.";"1";"0";;"0";"0";"0";"-9223372036854775808";"1196";"Microsoft-Windows-Servicing";"bd12f3b8-fc40-4a61-a307-b7a013a069c1";"Setup";"3012";"2640";"SCTEST04.aitsoporte.local";"S-1-5-18";"11/12/2017 07:59:26 a.m.";;;"e:\sync\scripting\powershell\visoreventos\setup.evtx";"System.UInt32[]";"System.Diagnostics.Eventing.Reader.EventBookmark";"Informaci?n";"Informaci?n";;"System.Collections.ObjectModel.ReadOnlyCollection`1[System.String]";"System.Collections.Generic.List`1[System.Diagnostics.Eventing.Reader.EventProperty]"
"No se pudo cambiar el paquete KB2506928 al estado Almacenado provisionalmente. Estado: 0x800f0816.";"3";"0";;"0";"0";"0";"-9223372036854775808";"1195";"Microsoft-Windows-Servicing";"bd12f3b8-fc40-4a61-a307-b7a013a069c1";"Setup";"3012";"2640";"SCTEST04.aitsoporte.local";"S-1-5-18";"11/12/2017 07:59:24 a.m.";;;"e:\sync\scripting\powershell\visoreventos\setup.evtx";"System.UInt32[]";"System.Diagnostics.Eventing.Reader.EventBookmark";"Informaci?n";"Informaci?n";;"System.Collections.ObjectModel.ReadOnlyCollection`1[System.String]";"System.Collections.Generic.List`1[System.Diagnostics.Eventing.Reader.EventProperty]"
"Iniciando cambios para el paquete KB2506928. El estado actual es Ausente. El estado de destino es Almacenado provisionalmente. Identificador de cliente: WindowsUpdateAgent.";"1";"0";;"0";"0";"0";"-9223372036854775808";"1194";"Microsoft-Windows-Servicing";"bd12f3b8-fc40-4a61-a307-b7a013a069c1";"Setup";"3012";"2640";"SCTEST04.aitsoporte.local";"S-1-5-18";"11/12/2017 07:59:21 a.m.";;;"e:\sync\scripting\powershell\visoreventos\setup.evtx";"System.UInt32[]";"System.Diagnostics.Eventing.Reader.EventBookmark";"Informaci?n";"Informaci?n";;"System.Collections.ObjectModel.ReadOnlyCollection`1[System.String]";"System.Collections.Generic.List`1[System.Diagnostics.Eventing.Reader.EventProperty]"
"No se pudo cambiar el paquete KB2799926 al estado Almacenado provisionalmente. Estado: 0x800f0816.";"3";"0";;"0";"0";"0";"-9223372036854775808";"1193";"Microsoft-Windows-Servicing";"bd12f3b8-fc40-4a61-a307-b7a013a069c1";"Setup";"3012";"2640";"SCTEST04.aitsoporte.local";"S-1-5-18";"11/12/2017 07:59:17 a.m.";;;"e:\sync\scripting\powershell\visoreventos\setup.evtx";"System.UInt32[]";"System.Diagnostics.Eventing.Reader.EventBookmark";"Informaci?n";"Informaci?n";;"System.Collections.ObjectModel.ReadOnlyCollection`1[System.String]";"System.Collections.Generic.List`1[System.Diagnostics.Eventing.Reader.EventProperty]"
"Iniciando cambios para el paquete KB2799926. El estado actual es Ausente. El estado de destino es Almacenado provisionalmente. Identificador de cliente: WindowsUpdateAgent.";"1";"0";;"0";"0";"0";"-9223372036854775808";"1192";"Microsoft-Windows-Servicing";"bd12f3b8-fc40-4a61-a307-b7a013a069c1";"Setup";"3012";"2640";"SCTEST04.aitsoporte.local";"S-1-5-18";"11/12/2017 07:59:14 a.m.";;;"e:\sync\scripting\powershell\visoreventos\setup.evtx";"System.UInt32[]";"System.Diagnostics.Eventing.Reader.EventBookmark";"Informaci?n";"Informaci?n";;"System.Collections.ObjectModel.ReadOnlyCollection`1[System.String]";"System.Collections.Generic.List`1[System.Diagnostics.Eventing.Reader.EventProperty]"
"No se pudo cambiar el paquete KB2852386 al estado Almacenado provisionalmente. Estado: 0x800f0816.";"3";"0";;"0";"0";"0";"-9223372036854775808";"1191";"Microsoft-Windows-Servicing";"bd12f3b8-fc40-4a61-a307-b7a013a069c1";"Setup";"3012";"2640";"SCTEST04.aitsoporte.local";"S-1-5-18";"11/12/2017 07:54:44 a.m.";;;"e:\sync\scripting\powershell\visoreventos\setup.evtx";"System.UInt32[]";"System.Diagnostics.Eventing.Reader.EventBookmark";"Informaci?n";"Informaci?n";;"System.Collections.ObjectModel.ReadOnlyCollection`1[System.String]";"System.Collections.Generic.List`1[System.Diagnostics.Eventing.Reader.EventProperty]"
"Iniciando cambios para el paquete KB2852386. El estado actual es Ausente. El estado de destino es Almacenado provisionalmente. Identificador de cliente: WindowsUpdateAgent.";"1";"0";;"0";"0";"0";"-9223372036854775808";"1190";"Microsoft-Windows-Servicing";"bd12f3b8-fc40-4a61-a307-b7a013a069c1";"Setup";"3012";"2640";"SCTEST04.aitsoporte.local";"S-1-5-18";"11/12/2017 07:54:34 a.m.";;;"e:\sync\scripting\powershell\visoreventos\setup.evtx";"System.UInt32[]";"System.Diagnostics.Eventing.Reader.EventBookmark";"Informaci?n";"Informaci?n";;"System.Collections.ObjectModel.ReadOnlyCollection`1[System.String]";"System.Collections.Generic.List`1[System.Diagnostics.Eventing.Reader.EventProperty]"
"Se cambi? el paquete KB3177467 correctamente al estado Instalado.";"2";"0";;"0";"0";"0";"-9223372036854775808";"1189";"Microsoft-Windows-Servicing";"bd12f3b8-fc40-4a61-a307-b7a013a069c1";"Setup";"3160";"3016";"SCTEST04.aitsoporte.local";"S-1-5-18";"09/12/2017 09:18:10 p.m.";;;"e:\sync\scripting\powershell\visoreventos\setup.evtx";"System.UInt32[]";"System.Diagnostics.Eventing.Reader.EventBookmark";"Informaci?n";"Informaci?n";;"System.Collections.ObjectModel.ReadOnlyCollection`1[System.String]";"System.Collections.Generic.List`1[System.Diagnostics.Eventing.Reader.EventProperty]"
"Iniciando cambios para el paquete KB3177467. El estado actual es Resuelto. El estado de destino es Instalado. Identificador de cliente: WindowsUpdateAgent.";"1";"0";;"0";"0";"0";"-9223372036854775808";"1188";"Microsoft-Windows-Servicing";"bd12f3b8-fc40-4a61-a307-b7a013a069c1";"Setup";"3160";"3016";"SCTEST04.aitsoporte.local";"S-1-5-18";"09/12/2017 09:18:04 p.m.";;;"e:\sync\scripting\powershell\visoreventos\setup.evtx";"System.UInt32[]";"System.Diagnostics.Eventing.Reader.EventBookmark";"Informaci?n";"Informaci?n";;"System.Collections.ObjectModel.ReadOnlyCollection`1[System.String]";"System.Collections.Generic.List`1[System.Diagnostics.Eventing.Reader.EventProperty]"
"La actualizaci?n de Windows  no se pudo instalar debido a un error: 2149842967 """". (L?nea de comandos: ""wusa.exe ""c:\program files (x86)\microsoft office\root\integration\windows6.1-kb2999226-x86.msu"" /quiet /norestart"")";"3";"0";;"2";"0";"0";"-9223372036854775808";"1187";"Microsoft-Windows-WUSA";"09608c12-c1da-4104-a6fe-b959cf57560a";"Setup";"3016";"3976";"SCTEST04.aitsoporte.local";"S-1-5-18";"09/12/2017 08:38:16 p.m.";;;"e:\sync\scripting\powershell\visoreventos\setup.evtx";"System.UInt32[]";"System.Diagnostics.Eventing.Reader.EventBookmark";"Error";"Informaci?n";;"System.Collections.ObjectModel.ReadOnlyCollection`1[System.String]";"System.Collections.Generic.List`1[System.Diagnostics.Eventing.Reader.EventProperty]"
"La actualizaci?n de Windows  no se pudo instalar debido a un error: 2359302 """". (L?nea de comandos: ""wusa.exe ""c:\program files (x86)\microsoft office\root\integration\windows6.1-kb2999226-x64.msu"" /quiet /norestart"")";"3";"0";;"2";"0";"0";"-9223372036854775808";"1186";"Microsoft-Windows-WUSA";"09608c12-c1da-4104-a6fe-b959cf57560a";"Setup";"3676";"2076";"SCTEST04.aitsoporte.local";"S-1-5-18";"09/12/2017 08:38:15 p.m.";;;"e:\sync\scripting\powershell\visoreventos\setup.evtx";"System.UInt32[]";"System.Diagnostics.Eventing.Reader.EventBookmark";"Error";"Informaci?n";;"System.Collections.ObjectModel.ReadOnlyCollection`1[System.String]";"System.Collections.Generic.List`1[System.Diagnostics.Eventing.Reader.EventProperty]"
"La actualizaci?n de Windows  no se pudo instalar debido a un error: 2149842967 """". (L?nea de comandos: ""wusa.exe ""c:\program files (x86)\microsoft office\root\integration\windows6.1-kb2999226-x86.msu"" /quiet /norestart"")";"3";"0";;"2";"0";"0";"-9223372036854775808";"1185";"Microsoft-Windows-WUSA";"09608c12-c1da-4104-a6fe-b959cf57560a";"Setup";"3744";"3944";"SCTEST04.aitsoporte.local";"S-1-5-18";"09/12/2017 08:33:15 p.m.";;;"e:\sync\scripting\powershell\visoreventos\setup.evtx";"System.UInt32[]";"System.Diagnostics.Eventing.Reader.EventBookmark";"Error";"Informaci?n";;"System.Collections.ObjectModel.ReadOnlyCollection`1[System.String]";"System.Collections.Generic.List`1[System.Diagnostics.Eventing.Reader.EventProperty]"
"La actualizaci?n de Windows  no se pudo instalar debido a un error: 2359302 """". (L?nea de comandos: ""wusa.exe ""c:\program files (x86)\microsoft office\root\integration\windows6.1-kb2999226-x64.msu"" /quiet /norestart"")";"3";"0";;"2";"0";"0";"-9223372036854775808";"1184";"Microsoft-Windows-WUSA";"09608c12-c1da-4104-a6fe-b959cf57560a";"Setup";"3656";"3800";"SCTEST04.aitsoporte.local";"S-1-5-18";"09/12/2017 08:33:12 p.m.";;;"e:\sync\scripting\powershell\visoreventos\setup.evtx";"System.UInt32[]";"System.Diagnostics.Eventing.Reader.EventBookmark";"Error";"Informaci?n";;"System.Collections.ObjectModel.ReadOnlyCollection`1[System.String]";"System.Collections.Generic.List`1[System.Diagnostics.Eventing.Reader.EventProperty]"
"Se cambi? el paquete KB3071756 correctamente al estado Instalado.";"2";"0";;"0";"0";"0";"-9223372036854775808";"1183";"Microsoft-Windows-Servicing";"bd12f3b8-fc40-4a61-a307-b7a013a069c1";"Setup";"2676";"2980";"SCTEST04.aitsoporte.local";"S-1-5-18";"09/12/2017 06:40:52 p.m.";;;"e:\sync\scripting\powershell\visoreventos\setup.evtx";"System.UInt32[]";"System.Diagnostics.Eventing.Reader.EventBookmark";"Informaci?n";"Informaci?n";;"System.Collections.ObjectModel.ReadOnlyCollection`1[System.String]";"System.Collections.Generic.List`1[System.Diagnostics.Eventing.Reader.EventProperty]"
"Iniciando cambios para el paquete KB3071756. El estado actual es Resuelto. El estado de destino es Instalado. Identificador de cliente: WindowsUpdateAgent.";"1";"0";;"0";"0";"0";"-9223372036854775808";"1182";"Microsoft-Windows-Servicing";"bd12f3b8-fc40-4a61-a307-b7a013a069c1";"Setup";"2676";"2980";"SCTEST04.aitsoporte.local";"S-1-5-18";"09/12/2017 06:39:20 p.m.";;;"e:\sync\scripting\powershell\visoreventos\setup.evtx";"System.UInt32[]";"System.Diagnostics.Eventing.Reader.EventBookmark";"Informaci?n";"Informaci?n";;"System.Collections.ObjectModel.ReadOnlyCollection`1[System.String]";"System.Collections.Generic.List`1[System.Diagnostics.Eventing.Reader.EventProperty]"
"Se cambi? el paquete KB3127220 correctamente al estado Instalado.";"2";"0";;"0";"0";"0";"-9223372036854775808";"1181";"Microsoft-Windows-Servicing";"bd12f3b8-fc40-4a61-a307-b7a013a069c1";"Setup";"928";"332";"SCTEST04.aitsoporte.local";"S-1-5-18";"09/12/2017 06:17:59 p.m.";;;"e:\sync\scripting\powershell\visoreventos\setup.evtx";"System.UInt32[]";"System.Diagnostics.Eventing.Reader.EventBookmark";"Informaci?n";"Informaci?n";;"System.Collections.ObjectModel.ReadOnlyCollection`1[System.String]";"System.Collections.Generic.List`1[System.Diagnostics.Eventing.Reader.EventProperty]"
"Se cambi? el paquete KB3067903 correctamente al estado Instalado.";"2";"0";;"0";"0";"0";"-9223372036854775808";"1180";"Microsoft-Windows-Servicing";"bd12f3b8-fc40-4a61-a307-b7a013a069c1";"Setup";"928";"332";"SCTEST04.aitsoporte.local";"S-1-5-18";"09/12/2017 06:17:59 p.m.";;;"e:\sync\scripting\powershell\visoreventos\setup.evtx";"System.UInt32[]";"System.Diagnostics.Eventing.Reader.EventBookmark";"Informaci?n";"Informaci?n";;"System.Collections.ObjectModel.ReadOnlyCollection`1[System.String]";"System.Collections.Generic.List`1[System.Diagnostics.Eventing.Reader.EventProperty]"
"Se cambi? el paquete KB2560656 correctamente al estado Instalado.";"2";"0";;"0";"0";"0";"-9223372036854775808";"1179";"Microsoft-Windows-Servicing";"bd12f3b8-fc40-4a61-a307-b7a013a069c1";"Setup";"928";"332";"SCTEST04.aitsoporte.local";"S-1-5-18";"09/12/2017 06:17:59 p.m.";;;"e:\sync\scripting\powershell\visoreventos\setup.evtx";"System.UInt32[]";"System.Diagnostics.Eventing.Reader.EventBookmark";"Informaci?n";"Informaci?n";;"System.Collections.ObjectModel.ReadOnlyCollection`1[System.String]";"System.Collections.Generic.List`1[System.Diagnostics.Eventing.Reader.EventProperty]"
"Se cambi? el paquete KB3072305 correctamente al estado Instalado.";"2";"0";;"0";"0";"0";"-9223372036854775808";"1178";"Microsoft-Windows-Servicing";"bd12f3b8-fc40-4a61-a307-b7a013a069c1";"Setup";"928";"332";"SCTEST04.aitsoporte.local";"S-1-5-18";"09/12/2017 06:17:59 p.m.";;;"e:\sync\scripting\powershell\visoreventos\setup.evtx";"System.UInt32[]";"System.Diagnostics.Eventing.Reader.EventBookmark";"Informaci?n";"Informaci?n";;"System.Collections.ObjectModel.ReadOnlyCollection`1[System.String]";"System.Collections.Generic.List`1[System.Diagnostics.Eventing.Reader.EventProperty]"
"Se cambi? el paquete KB2620704 correctamente al estado Instalado.";"2";"0";;"0";"0";"0";"-9223372036854775808";"1177";"Microsoft-Windows-Servicing";"bd12f3b8-fc40-4a61-a307-b7a013a069c1";"Setup";"928";"332";"SCTEST04.aitsoporte.local";"S-1-5-18";"09/12/2017 06:17:59 p.m.";;;"e:\sync\scripting\powershell\visoreventos\setup.evtx";"System.UInt32[]";"System.Diagnostics.Eventing.Reader.EventBookmark";"Informaci?n";"Informaci?n";;"System.Collections.ObjectModel.ReadOnlyCollection`1[System.String]";"System.Collections.Generic.List`1[System.Diagnostics.Eventing.Reader.EventProperty]"
"Se cambi? el paquete KB2479943 correctamente al estado Instalado.";"2";"0";;"0";"0";"0";"-9223372036854775808";"1176";"Microsoft-Windows-Servicing";"bd12f3b8-fc40-4a61-a307-b7a013a069c1";"Setup";"928";"332";"SCTEST04.aitsoporte.local";"S-1-5-18";"09/12/2017 06:17:59 p.m.";;;"e:\sync\scripting\powershell\visoreventos\setup.evtx";"System.UInt32[]";"System.Diagnostics.Eventing.Reader.EventBookmark";"Informaci?n";"Informaci?n";;"System.Collections.ObjectModel.ReadOnlyCollection`1[System.String]";"System.Collections.Generic.List`1[System.Diagnostics.Eventing.Reader.EventProperty]"
"Se cambi? el paquete KB971033 correctamente al estado Instalado.";"2";"0";;"0";"0";"0";"-9223372036854775808";"1175";"Microsoft-Windows-Servicing";"bd12f3b8-fc40-4a61-a307-b7a013a069c1";"Setup";"928";"332";"SCTEST04.aitsoporte.local";"S-1-5-18";"09/12/2017 06:17:59 p.m.";;;"e:\sync\scripting\powershell\visoreventos\setup.evtx";"System.UInt32[]";"System.Diagnostics.Eventing.Reader.EventBookmark";"Informaci?n";"Informaci?n";;"System.Collections.ObjectModel.ReadOnlyCollection`1[System.String]";"System.Collections.Generic.List`1[System.Diagnostics.Eventing.Reader.EventProperty]"
"Se cambi? el paquete KB2532531 correctamente al estado Instalado.";"2";"0";;"0";"0";"0";"-9223372036854775808";"1174";"Microsoft-Windows-Servicing";"bd12f3b8-fc40-4a61-a307-b7a013a069c1";"Setup";"928";"332";"SCTEST04.aitsoporte.local";"S-1-5-18";"09/12/2017 06:17:59 p.m.";;;"e:\sync\scripting\powershell\visoreventos\setup.evtx";"System.UInt32[]";"System.Diagnostics.Eventing.Reader.EventBookmark";"Informaci?n";"Informaci?n";;"System.Collections.ObjectModel.ReadOnlyCollection`1[System.String]";"System.Collections.Generic.List`1[System.Diagnostics.Eventing.Reader.EventProperty]"
"Se debe reiniciar para poder cambiar el paquete KB3127220 al estado Instalado.";"4";"0";;"0";"0";"0";"-9223372036854775808";"1173";"Microsoft-Windows-Servicing";"bd12f3b8-fc40-4a61-a307-b7a013a069c1";"Setup";"920";"2316";"SCTEST04.aitsoporte.local";"S-1-5-18";"09/12/2017 06:15:20 p.m.";;;"e:\sync\scripting\powershell\visoreventos\setup.evtx";"System.UInt32[]";"System.Diagnostics.Eventing.Reader.EventBookmark";"Informaci?n";"Informaci?n";;"System.Collections.ObjectModel.ReadOnlyCollection`1[System.String]";"System.Collections.Generic.List`1[System.Diagnostics.Eventing.Reader.EventProperty]"
"Iniciando cambios para el paquete KB3127220. El estado actual es Ausente. El estado de destino es Instalado. Identificador de cliente: WindowsUpdateAgent.";"1";"0";;"0";"0";"0";"-9223372036854775808";"1172";"Microsoft-Windows-Servicing";"bd12f3b8-fc40-4a61-a307-b7a013a069c1";"Setup";"920";"2316";"SCTEST04.aitsoporte.local";"S-1-5-18";"09/12/2017 06:15:13 p.m.";;;"e:\sync\scripting\powershell\visoreventos\setup.evtx";"System.UInt32[]";"System.Diagnostics.Eventing.Reader.EventBookmark";"Informaci?n";"Informaci?n";;"System.Collections.ObjectModel.ReadOnlyCollection`1[System.String]";"System.Collections.Generic.List`1[System.Diagnostics.Eventing.Reader.EventProperty]"
"Se debe reiniciar para poder cambiar el paquete KB3067903 al estado Instalado.";"4";"0";;"0";"0";"0";"-9223372036854775808";"1171";"Microsoft-Windows-Servicing";"bd12f3b8-fc40-4a61-a307-b7a013a069c1";"Setup";"920";"2316";"SCTEST04.aitsoporte.local";"S-1-5-18";"09/12/2017 06:15:13 p.m.";;;"e:\sync\scripting\powershell\visoreventos\setup.evtx";"System.UInt32[]";"System.Diagnostics.Eventing.Reader.EventBookmark";"Informaci?n";"Informaci?n";;"System.Collections.ObjectModel.ReadOnlyCollection`1[System.String]";"System.Collections.Generic.List`1[System.Diagnostics.Eventing.Reader.EventProperty]"
"Iniciando cambios para el paquete KB3067903. El estado actual es Resuelto. El estado de destino es Instalado. Identificador de cliente: WindowsUpdateAgent.";"1";"0";;"0";"0";"0";"-9223372036854775808";"1170";"Microsoft-Windows-Servicing";"bd12f3b8-fc40-4a61-a307-b7a013a069c1";"Setup";"920";"2316";"SCTEST04.aitsoporte.local";"S-1-5-18";"09/12/2017 06:15:11 p.m.";;;"e:\sync\scripting\powershell\visoreventos\setup.evtx";"System.UInt32[]";"System.Diagnostics.Eventing.Reader.EventBookmark";"Informaci?n";"Informaci?n";;"System.Collections.ObjectModel.ReadOnlyCollection`1[System.String]";"System.Collections.Generic.List`1[System.Diagnostics.Eventing.Reader.EventProperty]"
"Se debe reiniciar para poder cambiar el paquete KB2560656 al estado Instalado.";"4";"0";;"0";"0";"0";"-9223372036854775808";"1169";"Microsoft-Windows-Servicing";"bd12f3b8-fc40-4a61-a307-b7a013a069c1";"Setup";"920";"2316";"SCTEST04.aitsoporte.local";"S-1-5-18";"09/12/2017 06:15:11 p.m.";;;"e:\sync\scripting\powershell\visoreventos\setup.evtx";"System.UInt32[]";"System.Diagnostics.Eventing.Reader.EventBookmark";"Informaci?n";"Informaci?n";;"System.Collections.ObjectModel.ReadOnlyCollection`1[System.String]";"System.Collections.Generic.List`1[System.Diagnostics.Eventing.Reader.EventProperty]"
"Iniciando cambios para el paquete KB2560656. El estado actual es Resuelto. El estado de destino es Instalado. Identificador de cliente: WindowsUpdateAgent.";"1";"0";;"0";"0";"0";"-9223372036854775808";"1168";"Microsoft-Windows-Servicing";"bd12f3b8-fc40-4a61-a307-b7a013a069c1";"Setup";"920";"2316";"SCTEST04.aitsoporte.local";"S-1-5-18";"09/12/2017 06:15:03 p.m.";;;"e:\sync\scripting\powershell\visoreventos\setup.evtx";"System.UInt32[]";"System.Diagnostics.Eventing.Reader.EventBookmark";"Informaci?n";"Informaci?n";;"System.Collections.ObjectModel.ReadOnlyCollection`1[System.String]";"System.Collections.Generic.List`1[System.Diagnostics.Eventing.Reader.EventProperty]"
"Se debe reiniciar para poder cambiar el paquete KB3072305 al estado Instalado.";"4";"0";;"0";"0";"0";"-9223372036854775808";"1167";"Microsoft-Windows-Servicing";"bd12f3b8-fc40-4a61-a307-b7a013a069c1";"Setup";"920";"2316";"SCTEST04.aitsoporte.local";"S-1-5-18";"09/12/2017 06:15:03 p.m.";;;"e:\sync\scripting\powershell\visoreventos\setup.evtx";"System.UInt32[]";"System.Diagnostics.Eventing.Reader.EventBookmark";"Informaci?n";"Informaci?n";;"System.Collections.ObjectModel.ReadOnlyCollection`1[System.String]";"System.Collections.Generic.List`1[System.Diagnostics.Eventing.Reader.EventProperty]"
"Iniciando cambios para el paquete KB3072305. El estado actual es Ausente. El estado de destino es Instalado. Identificador de cliente: WindowsUpdateAgent.";"1";"0";;"0";"0";"0";"-9223372036854775808";"1166";"Microsoft-Windows-Servicing";"bd12f3b8-fc40-4a61-a307-b7a013a069c1";"Setup";"920";"2316";"SCTEST04.aitsoporte.local";"S-1-5-18";"09/12/2017 06:14:48 p.m.";;;"e:\sync\scripting\powershell\visoreventos\setup.evtx";"System.UInt32[]";"System.Diagnostics.Eventing.Reader.EventBookmark";"Informaci?n";"Informaci?n";;"System.Collections.ObjectModel.ReadOnlyCollection`1[System.String]";"System.Collections.Generic.List`1[System.Diagnostics.Eventing.Reader.EventProperty]"
"Se debe reiniciar para poder cambiar el paquete KB2620704 al estado Instalado.";"4";"0";;"0";"0";"0";"-9223372036854775808";"1165";"Microsoft-Windows-Servicing";"bd12f3b8-fc40-4a61-a307-b7a013a069c1";"Setup";"920";"2316";"SCTEST04.aitsoporte.local";"S-1-5-18";"09/12/2017 06:14:48 p.m.";;;"e:\sync\scripting\powershell\visoreventos\setup.evtx";"System.UInt32[]";"System.Diagnostics.Eventing.Reader.EventBookmark";"Informaci?n";"Informaci?n";;"System.Collections.ObjectModel.ReadOnlyCollection`1[System.String]";"System.Collections.Generic.List`1[System.Diagnostics.Eventing.Reader.EventProperty]"
"Iniciando cambios para el paquete KB2620704. El estado actual es Resuelto. El estado de destino es Instalado. Identificador de cliente: WindowsUpdateAgent.";"1";"0";;"0";"0";"0";"-9223372036854775808";"1164";"Microsoft-Windows-Servicing";"bd12f3b8-fc40-4a61-a307-b7a013a069c1";"Setup";"920";"2316";"SCTEST04.aitsoporte.local";"S-1-5-18";"09/12/2017 06:14:45 p.m.";;;"e:\sync\scripting\powershell\visoreventos\setup.evtx";"System.UInt32[]";"System.Diagnostics.Eventing.Reader.EventBookmark";"Informaci?n";"Informaci?n";;"System.Collections.ObjectModel.ReadOnlyCollection`1[System.String]";"System.Collections.Generic.List`1[System.Diagnostics.Eventing.Reader.EventProperty]"
"Se debe reiniciar para poder cambiar el paquete KB2479943 al estado Instalado.";"4";"0";;"0";"0";"0";"-9223372036854775808";"1163";"Microsoft-Windows-Servicing";"bd12f3b8-fc40-4a61-a307-b7a013a069c1";"Setup";"920";"2316";"SCTEST04.aitsoporte.local";"S-1-5-18";"09/12/2017 06:14:45 p.m.";;;"e:\sync\scripting\powershell\visoreventos\setup.evtx";"System.UInt32[]";"System.Diagnostics.Eventing.Reader.EventBookmark";"Informaci?n";"Informaci?n";;"System.Collections.ObjectModel.ReadOnlyCollection`1[System.String]";"System.Collections.Generic.List`1[System.Diagnostics.Eventing.Reader.EventProperty]"
"Iniciando cambios para el paquete KB2479943. El estado actual es Resuelto. El estado de destino es Instalado. Identificador de cliente: WindowsUpdateAgent.";"1";"0";;"0";"0";"0";"-9223372036854775808";"1162";"Microsoft-Windows-Servicing";"bd12f3b8-fc40-4a61-a307-b7a013a069c1";"Setup";"920";"2316";"SCTEST04.aitsoporte.local";"S-1-5-18";"09/12/2017 06:14:39 p.m.";;;"e:\sync\scripting\powershell\visoreventos\setup.evtx";"System.UInt32[]";"System.Diagnostics.Eventing.Reader.EventBookmark";"Informaci?n";"Informaci?n";;"System.Collections.ObjectModel.ReadOnlyCollection`1[System.String]";"System.Collections.Generic.List`1[System.Diagnostics.Eventing.Reader.EventProperty]"
"Se debe reiniciar para poder cambiar el paquete KB971033 al estado Instalado.";"4";"0";;"0";"0";"0";"-9223372036854775808";"1161";"Microsoft-Windows-Servicing";"bd12f3b8-fc40-4a61-a307-b7a013a069c1";"Setup";"920";"2316";"SCTEST04.aitsoporte.local";"S-1-5-18";"09/12/2017 06:14:39 p.m.";;;"e:\sync\scripting\powershell\visoreventos\setup.evtx";"System.UInt32[]";"System.Diagnostics.Eventing.Reader.EventBookmark";"Informaci?n";"Informaci?n";;"System.Collections.ObjectModel.ReadOnlyCollection`1[System.String]";"System.Collections.Generic.List`1[System.Diagnostics.Eventing.Reader.EventProperty]"
"Iniciando cambios para el paquete KB971033. El estado actual es Resoluci?n no v?lida. El estado de destino es Instalado. Identificador de cliente: WindowsUpdateAgent.";"1";"0";;"0";"0";"0";"-9223372036854775808";"1160";"Microsoft-Windows-Servicing";"bd12f3b8-fc40-4a61-a307-b7a013a069c1";"Setup";"920";"2316";"SCTEST04.aitsoporte.local";"S-1-5-18";"09/12/2017 06:14:37 p.m.";;;"e:\sync\scripting\powershell\visoreventos\setup.evtx";"System.UInt32[]";"System.Diagnostics.Eventing.Reader.EventBookmark";"Informaci?n";"Informaci?n";;"System.Collections.ObjectModel.ReadOnlyCollection`1[System.String]";"System.Collections.Generic.List`1[System.Diagnostics.Eventing.Reader.EventProperty]"
"Se debe reiniciar para poder cambiar el paquete KB2532531 al estado Instalado.";"4";"0";;"0";"0";"0";"-9223372036854775808";"1159";"Microsoft-Windows-Servicing";"bd12f3b8-fc40-4a61-a307-b7a013a069c1";"Setup";"920";"2316";"SCTEST04.aitsoporte.local";"S-1-5-18";"09/12/2017 06:14:36 p.m.";;;"e:\sync\scripting\powershell\visoreventos\setup.evtx";"System.UInt32[]";"System.Diagnostics.Eventing.Reader.EventBookmark";"Informaci?n";"Informaci?n";;"System.Collections.ObjectModel.ReadOnlyCollection`1[System.String]";"System.Collections.Generic.List`1[System.Diagnostics.Eventing.Reader.EventProperty]"
"Iniciando cambios para el paquete KB2532531. El estado actual es Resuelto. El estado de destino es Instalado. Identificador de cliente: WindowsUpdateAgent.";"1";"0";;"0";"0";"0";"-9223372036854775808";"1158";"Microsoft-Windows-Servicing";"bd12f3b8-fc40-4a61-a307-b7a013a069c1";"Setup";"920";"2316";"SCTEST04.aitsoporte.local";"S-1-5-18";"09/12/2017 06:14:32 p.m.";;;"e:\sync\scripting\powershell\visoreventos\setup.evtx";"System.UInt32[]";"System.Diagnostics.Eventing.Reader.EventBookmark";"Informaci?n";"Informaci?n";;"System.Collections.ObjectModel.ReadOnlyCollection`1[System.String]";"System.Collections.Generic.List`1[System.Diagnostics.Eventing.Reader.EventProperty]"
"No se pudo cambiar el paquete KB3071756 al estado Almacenado provisionalmente. Estado: 0x800f0816.";"3";"0";;"0";"0";"0";"-9223372036854775808";"1157";"Microsoft-Windows-Servicing";"bd12f3b8-fc40-4a61-a307-b7a013a069c1";"Setup";"920";"2316";"SCTEST04.aitsoporte.local";"S-1-5-18";"09/12/2017 06:14:11 p.m.";;;"e:\sync\scripting\powershell\visoreventos\setup.evtx";"System.UInt32[]";"System.Diagnostics.Eventing.Reader.EventBookmark";"Informaci?n";"Informaci?n";;"System.Collections.ObjectModel.ReadOnlyCollection`1[System.String]";"System.Collections.Generic.List`1[System.Diagnostics.Eventing.Reader.EventProperty]"
"Iniciando cambios para el paquete KB3071756. El estado actual es Resuelto. El estado de destino es Almacenado provisionalmente. Identificador de cliente: WindowsUpdateAgent.";"1";"0";;"0";"0";"0";"-9223372036854775808";"1156";"Microsoft-Windows-Servicing";"bd12f3b8-fc40-4a61-a307-b7a013a069c1";"Setup";"920";"2316";"SCTEST04.aitsoporte.local";"S-1-5-18";"09/12/2017 06:13:48 p.m.";;;"e:\sync\scripting\powershell\visoreventos\setup.evtx";"System.UInt32[]";"System.Diagnostics.Eventing.Reader.EventBookmark";"Informaci?n";"Informaci?n";;"System.Collections.ObjectModel.ReadOnlyCollection`1[System.String]";"System.Collections.Generic.List`1[System.Diagnostics.Eventing.Reader.EventProperty]"
"Iniciando cambios para el paquete KB2532531. El estado actual es Ausente. El estado de destino es Almacenado provisionalmente. Identificador de cliente: WindowsUpdateAgent.";"1";"0";;"0";"0";"0";"-9223372036854775808";"1155";"Microsoft-Windows-Servicing";"bd12f3b8-fc40-4a61-a307-b7a013a069c1";"Setup";"920";"2316";"SCTEST04.aitsoporte.local";"S-1-5-18";"09/12/2017 06:04:24 p.m.";;;"e:\sync\scripting\powershell\visoreventos\setup.evtx";"System.UInt32[]";"System.Diagnostics.Eventing.Reader.EventBookmark";"Informaci?n";"Informaci?n";;"System.Collections.ObjectModel.ReadOnlyCollection`1[System.String]";"System.Collections.Generic.List`1[System.Diagnostics.Eventing.Reader.EventProperty]"
"Se cambi? el paquete KB3093513 correctamente al estado Almacenado provisionalmente.";"2";"0";;"0";"0";"0";"-9223372036854775808";"1154";"Microsoft-Windows-Servicing";"bd12f3b8-fc40-4a61-a307-b7a013a069c1";"Setup";"920";"2316";"SCTEST04.aitsoporte.local";"S-1-5-18";"09/12/2017 06:02:46 p.m.";;;"e:\sync\scripting\powershell\visoreventos\setup.evtx";"System.UInt32[]";"System.Diagnostics.Eventing.Reader.EventBookmark";"Informaci?n";"Informaci?n";;"System.Collections.ObjectModel.ReadOnlyCollection`1[System.String]";"System.Collections.Generic.List`1[System.Diagnostics.Eventing.Reader.EventProperty]"
"Iniciando cambios para el paquete KB3093513. El estado actual es Instalado. El estado de destino es Almacenado provisionalmente. Identificador de cliente: WindowsUpdateAgent.";"1";"0";;"0";"0";"0";"-9223372036854775808";"1153";"Microsoft-Windows-Servicing";"bd12f3b8-fc40-4a61-a307-b7a013a069c1";"Setup";"920";"2316";"SCTEST04.aitsoporte.local";"S-1-5-18";"09/12/2017 06:02:46 p.m.";;;"e:\sync\scripting\powershell\visoreventos\setup.evtx";"System.UInt32[]";"System.Diagnostics.Eventing.Reader.EventBookmark";"Informaci?n";"Informaci?n";;"System.Collections.ObjectModel.ReadOnlyCollection`1[System.String]";"System.Collections.Generic.List`1[System.Diagnostics.Eventing.Reader.EventProperty]"
"Se cambi? el paquete KB3159398 correctamente al estado Almacenado provisionalmente.";"2";"0";;"0";"0";"0";"-9223372036854775808";"1152";"Microsoft-Windows-Servicing";"bd12f3b8-fc40-4a61-a307-b7a013a069c1";"Setup";"920";"2316";"SCTEST04.aitsoporte.local";"S-1-5-18";"09/12/2017 06:02:45 p.m.";;;"e:\sync\scripting\powershell\visoreventos\setup.evtx";"System.UInt32[]";"System.Diagnostics.Eventing.Reader.EventBookmark";"Informaci?n";"Informaci?n";;"System.Collections.ObjectModel.ReadOnlyCollection`1[System.String]";"System.Collections.Generic.List`1[System.Diagnostics.Eventing.Reader.EventProperty]"
"Iniciando cambios para el paquete KB3159398. El estado actual es Instalado. El estado de destino es Almacenado provisionalmente. Identificador de cliente: WindowsUpdateAgent.";"1";"0";;"0";"0";"0";"-9223372036854775808";"1151";"Microsoft-Windows-Servicing";"bd12f3b8-fc40-4a61-a307-b7a013a069c1";"Setup";"920";"2316";"SCTEST04.aitsoporte.local";"S-1-5-18";"09/12/2017 06:02:44 p.m.";;;"e:\sync\scripting\powershell\visoreventos\setup.evtx";"System.UInt32[]";"System.Diagnostics.Eventing.Reader.EventBookmark";"Informaci?n";"Informaci?n";;"System.Collections.ObjectModel.ReadOnlyCollection`1[System.String]";"System.Collections.Generic.List`1[System.Diagnostics.Eventing.Reader.EventProperty]"
"Se cambi? el paquete KB3000483 correctamente al estado Almacenado provisionalmente.";"2";"0";;"0";"0";"0";"-9223372036854775808";"1150";"Microsoft-Windows-Servicing";"bd12f3b8-fc40-4a61-a307-b7a013a069c1";"Setup";"920";"2316";"SCTEST04.aitsoporte.local";"S-1-5-18";"09/12/2017 06:02:38 p.m.";;;"e:\sync\scripting\powershell\visoreventos\setup.evtx";"System.UInt32[]";"System.Diagnostics.Eventing.Reader.EventBookmark";"Informaci?n";"Informaci?n";;"System.Collections.ObjectModel.ReadOnlyCollection`1[System.String]";"System.Collections.Generic.List`1[System.Diagnostics.Eventing.Reader.EventProperty]"
"Iniciando cambios para el paquete KB3000483. El estado actual es Instalado. El estado de destino es Almacenado provisionalmente. Identificador de cliente: WindowsUpdateAgent.";"1";"0";;"0";"0";"0";"-9223372036854775808";"1149";"Microsoft-Windows-Servicing";"bd12f3b8-fc40-4a61-a307-b7a013a069c1";"Setup";"920";"2316";"SCTEST04.aitsoporte.local";"S-1-5-18";"09/12/2017 06:02:28 p.m.";;;"e:\sync\scripting\powershell\visoreventos\setup.evtx";"System.UInt32[]";"System.Diagnostics.Eventing.Reader.EventBookmark";"Informaci?n";"Informaci?n";;"System.Collections.ObjectModel.ReadOnlyCollection`1[System.String]";"System.Collections.Generic.List`1[System.Diagnostics.Eventing.Reader.EventProperty]"
"Se cambi? el paquete KB3075220 correctamente al estado Almacenado provisionalmente.";"2";"0";;"0";"0";"0";"-9223372036854775808";"1148";"Microsoft-Windows-Servicing";"bd12f3b8-fc40-4a61-a307-b7a013a069c1";"Setup";"920";"2316";"SCTEST04.aitsoporte.local";"S-1-5-18";"09/12/2017 06:02:11 p.m.";;;"e:\sync\scripting\powershell\visoreventos\setup.evtx";"System.UInt32[]";"System.Diagnostics.Eventing.Reader.EventBookmark";"Informaci?n";"Informaci?n";;"System.Collections.ObjectModel.ReadOnlyCollection`1[System.String]";"System.Collections.Generic.List`1[System.Diagnostics.Eventing.Reader.EventProperty]"
"Iniciando cambios para el paquete KB3075220. El estado actual es Instalado. El estado de destino es Almacenado provisionalmente. Identificador de cliente: WindowsUpdateAgent.";"1";"0";;"0";"0";"0";"-9223372036854775808";"1147";"Microsoft-Windows-Servicing";"bd12f3b8-fc40-4a61-a307-b7a013a069c1";"Setup";"920";"2316";"SCTEST04.aitsoporte.local";"S-1-5-18";"09/12/2017 06:02:09 p.m.";;;"e:\sync\scripting\powershell\visoreventos\setup.evtx";"System.UInt32[]";"System.Diagnostics.Eventing.Reader.EventBookmark";"Informaci?n";"Informaci?n";;"System.Collections.ObjectModel.ReadOnlyCollection`1[System.String]";"System.Collections.Generic.List`1[System.Diagnostics.Eventing.Reader.EventProperty]"
"Se cambi? el paquete KB2894844 correctamente al estado Almacenado provisionalmente.";"2";"0";;"0";"0";"0";"-9223372036854775808";"1146";"Microsoft-Windows-Servicing";"bd12f3b8-fc40-4a61-a307-b7a013a069c1";"Setup";"920";"2316";"SCTEST04.aitsoporte.local";"S-1-5-18";"09/12/2017 06:02:06 p.m.";;;"e:\sync\scripting\powershell\visoreventos\setup.evtx";"System.UInt32[]";"System.Diagnostics.Eventing.Reader.EventBookmark";"Informaci?n";"Informaci?n";;"System.Collections.ObjectModel.ReadOnlyCollection`1[System.String]";"System.Collections.Generic.List`1[System.Diagnostics.Eventing.Reader.EventProperty]"
"Iniciando cambios para el paquete KB2894844. El estado actual es Instalado. El estado de destino es Almacenado provisionalmente. Identificador de cliente: WindowsUpdateAgent.";"1";"0";;"0";"0";"0";"-9223372036854775808";"1145";"Microsoft-Windows-Servicing";"bd12f3b8-fc40-4a61-a307-b7a013a069c1";"Setup";"920";"2316";"SCTEST04.aitsoporte.local";"S-1-5-18";"09/12/2017 06:02:04 p.m.";;;"e:\sync\scripting\powershell\visoreventos\setup.evtx";"System.UInt32[]";"System.Diagnostics.Eventing.Reader.EventBookmark";"Informaci?n";"Informaci?n";;"System.Collections.ObjectModel.ReadOnlyCollection`1[System.String]";"System.Collections.Generic.List`1[System.Diagnostics.Eventing.Reader.EventProperty]"
"Se cambi? el paquete KB3115858 correctamente al estado Almacenado provisionalmente.";"2";"0";;"0";"0";"0";"-9223372036854775808";"1144";"Microsoft-Windows-Servicing";"bd12f3b8-fc40-4a61-a307-b7a013a069c1";"Setup";"920";"2316";"SCTEST04.aitsoporte.local";"S-1-5-18";"09/12/2017 06:01:59 p.m.";;;"e:\sync\scripting\powershell\visoreventos\setup.evtx";"System.UInt32[]";"System.Diagnostics.Eventing.Reader.EventBookmark";"Informaci?n";"Informaci?n";;"System.Collections.ObjectModel.ReadOnlyCollection`1[System.String]";"System.Collections.Generic.List`1[System.Diagnostics.Eventing.Reader.EventProperty]"
"Iniciando cambios para el paquete KB3115858. El estado actual es Instalado. El estado de destino es Almacenado provisionalmente. Identificador de cliente: WindowsUpdateAgent.";"1";"0";;"0";"0";"0";"-9223372036854775808";"1143";"Microsoft-Windows-Servicing";"bd12f3b8-fc40-4a61-a307-b7a013a069c1";"Setup";"920";"2316";"SCTEST04.aitsoporte.local";"S-1-5-18";"09/12/2017 06:01:59 p.m.";;;"e:\sync\scripting\powershell\visoreventos\setup.evtx";"System.UInt32[]";"System.Diagnostics.Eventing.Reader.EventBookmark";"Informaci?n";"Informaci?n";;"System.Collections.ObjectModel.ReadOnlyCollection`1[System.String]";"System.Collections.Generic.List`1[System.Diagnostics.Eventing.Reader.EventProperty]"
"Se cambi? el paquete KB3055642 correctamente al estado Almacenado provisionalmente.";"2";"0";;"0";"0";"0";"-9223372036854775808";"1142";"Microsoft-Windows-Servicing";"bd12f3b8-fc40-4a61-a307-b7a013a069c1";"Setup";"920";"2316";"SCTEST04.aitsoporte.local";"S-1-5-18";"09/12/2017 06:01:59 p.m.";;;"e:\sync\scripting\powershell\visoreventos\setup.evtx";"System.UInt32[]";"System.Diagnostics.Eventing.Reader.EventBookmark";"Informaci?n";"Informaci?n";;"System.Collections.ObjectModel.ReadOnlyCollection`1[System.String]";"System.Collections.Generic.List`1[System.Diagnostics.Eventing.Reader.EventProperty]"
