"No se pudo cambiar el paquete KB2952664 al estado Almacenado provisionalmente. Estado: 0x800f0816.";"3";"0";;"0";"0";"0";"-9223372036854775808";"1454";"Microsoft-Windows-Servicing";"bd12f3b8-fc40-4a61-a307-b7a013a069c1";"Setup";"3052";"532";"SCTEST04.aitsoporte.local";"S-1-5-18";"20/12/2017 08:20:06 a.m.";;;"e:\sync\scripting\powershell\visoreventos\setup.evtx";"System.UInt32[]";"System.Diagnostics.Eventing.Reader.EventBookmark";"Informaci?n";"Informaci?n";;"System.Collections.ObjectModel.ReadOnlyCollection`1[System.String]";"System.Collections.Generic.List`1[System.Diagnostics.Eventing.Reader.EventProperty]"
"Iniciando cambios para el paquete KB2952664. El estado actual es Resuelto. El estado de destino es Almacenado provisionalmente. Identificador de cliente: WindowsUpdateAgent.";"1";"0";;"0";"0";"0";"-9223372036854775808";"1453";"Microsoft-Windows-Servicing";"bd12f3b8-fc40-4a61-a307-b7a013a069c1";"Setup";"3052";"532";"SCTEST04.aitsoporte.local";"S-1-5-18";"20/12/2017 08:20:05 a.m.";;;"e:\sync\scripting\powershell\visoreventos\setup.evtx";"System.UInt32[]";"System.Diagnostics.Eventing.Reader.EventBookmark";"Informaci?n";"Informaci?n";;"System.Collections.ObjectModel.ReadOnlyCollection`1[System.String]";"System.Collections.Generic.List`1[System.Diagnostics.Eventing.Reader.EventProperty]"
"No se pudo cambiar el paquete KB3184143 al estado Almacenado provisionalmente. Estado: 0x800f0816.";"3";"0";;"0";"0";"0";"-9223372036854775808";"1452";"Microsoft-Windows-Servicing";"bd12f3b8-fc40-4a61-a307-b7a013a069c1";"Setup";"3052";"532";"SCTEST04.aitsoporte.local";"S-1-5-18";"20/12/2017 08:20:01 a.m.";;;"e:\sync\scripting\powershell\visoreventos\setup.evtx";"System.UInt32[]";"System.Diagnostics.Eventing.Reader.EventBookmark";"Informaci?n";"Informaci?n";;"System.Collections.ObjectModel.ReadOnlyCollection`1[System.String]";"System.Collections.Generic.List`1[System.Diagnostics.Eventing.Reader.EventProperty]"
"Iniciando cambios para el paquete KB3184143. El estado actual es Resuelto. El estado de destino es Almacenado provisionalmente. Identificador de cliente: WindowsUpdateAgent.";"1";"0";;"0";"0";"0";"-9223372036854775808";"1451";"Microsoft-Windows-Servicing";"bd12f3b8-fc40-4a61-a307-b7a013a069c1";"Setup";"3052";"532";"SCTEST04.aitsoporte.local";"S-1-5-18";"20/12/2017 08:19:43 a.m.";;;"e:\sync\scripting\powershell\visoreventos\setup.evtx";"System.UInt32[]";"System.Diagnostics.Eventing.Reader.EventBookmark";"Informaci?n";"Informaci?n";;"System.Collections.ObjectModel.ReadOnlyCollection`1[System.String]";"System.Collections.Generic.List`1[System.Diagnostics.Eventing.Reader.EventProperty]"
"La actualizaci?n de Windows  no se pudo instalar debido a un error: 2149842967 """". (L?nea de comandos: ""wusa.exe ""c:\program files (x86)\microsoft office\root\integration\windows6.1-kb2999226-x86.msu"" /quiet /norestart"")";"3";"0";;"2";"0";"0";"-9223372036854775808";"1450";"Microsoft-Windows-WUSA";"09608c12-c1da-4104-a6fe-b959cf57560a";"Setup";"3652";"3620";"SCTEST04.aitsoporte.local";"S-1-5-18";"18/12/2017 09:06:12 a.m.";;;"e:\sync\scripting\powershell\visoreventos\setup.evtx";"System.UInt32[]";"System.Diagnostics.Eventing.Reader.EventBookmark";"Error";"Informaci?n";;"System.Collections.ObjectModel.ReadOnlyCollection`1[System.String]";"System.Collections.Generic.List`1[System.Diagnostics.Eventing.Reader.EventProperty]"
"La actualizaci?n de Windows  no se pudo instalar debido a un error: 2359302 """". (L?nea de comandos: ""wusa.exe ""c:\program files (x86)\microsoft office\root\integration\windows6.1-kb2999226-x64.msu"" /quiet /norestart"")";"3";"0";;"2";"0";"0";"-9223372036854775808";"1449";"Microsoft-Windows-WUSA";"09608c12-c1da-4104-a6fe-b959cf57560a";"Setup";"1772";"2172";"SCTEST04.aitsoporte.local";"S-1-5-18";"18/12/2017 09:06:10 a.m.";;;"e:\sync\scripting\powershell\visoreventos\setup.evtx";"System.UInt32[]";"System.Diagnostics.Eventing.Reader.EventBookmark";"Error";"Informaci?n";;"System.Collections.ObjectModel.ReadOnlyCollection`1[System.String]";"System.Collections.Generic.List`1[System.Diagnostics.Eventing.Reader.EventProperty]"
"No se pudo cambiar el paquete KB2952664 al estado Almacenado provisionalmente. Estado: 0x800f0816.";"3";"0";;"0";"0";"0";"-9223372036854775808";"1448";"Microsoft-Windows-Servicing";"bd12f3b8-fc40-4a61-a307-b7a013a069c1";"Setup";"2496";"732";"SCTEST04.aitsoporte.local";"S-1-5-18";"18/12/2017 08:47:40 a.m.";;;"e:\sync\scripting\powershell\visoreventos\setup.evtx";"System.UInt32[]";"System.Diagnostics.Eventing.Reader.EventBookmark";"Informaci?n";"Informaci?n";;"System.Collections.ObjectModel.ReadOnlyCollection`1[System.String]";"System.Collections.Generic.List`1[System.Diagnostics.Eventing.Reader.EventProperty]"
"Iniciando cambios para el paquete KB2952664. El estado actual es Resuelto. El estado de destino es Almacenado provisionalmente. Identificador de cliente: WindowsUpdateAgent.";"1";"0";;"0";"0";"0";"-9223372036854775808";"1447";"Microsoft-Windows-Servicing";"bd12f3b8-fc40-4a61-a307-b7a013a069c1";"Setup";"2496";"732";"SCTEST04.aitsoporte.local";"S-1-5-18";"18/12/2017 08:47:35 a.m.";;;"e:\sync\scripting\powershell\visoreventos\setup.evtx";"System.UInt32[]";"System.Diagnostics.Eventing.Reader.EventBookmark";"Informaci?n";"Informaci?n";;"System.Collections.ObjectModel.ReadOnlyCollection`1[System.String]";"System.Collections.Generic.List`1[System.Diagnostics.Eventing.Reader.EventProperty]"
"No se pudo cambiar el paquete KB3184143 al estado Almacenado provisionalmente. Estado: 0x800f0816.";"3";"0";;"0";"0";"0";"-9223372036854775808";"1446";"Microsoft-Windows-Servicing";"bd12f3b8-fc40-4a61-a307-b7a013a069c1";"Setup";"2496";"732";"SCTEST04.aitsoporte.local";"S-1-5-18";"18/12/2017 08:47:21 a.m.";;;"e:\sync\scripting\powershell\visoreventos\setup.evtx";"System.UInt32[]";"System.Diagnostics.Eventing.Reader.EventBookmark";"Informaci?n";"Informaci?n";;"System.Collections.ObjectModel.ReadOnlyCollection`1[System.String]";"System.Collections.Generic.List`1[System.Diagnostics.Eventing.Reader.EventProperty]"
"Iniciando cambios para el paquete KB3184143. El estado actual es Resuelto. El estado de destino es Almacenado provisionalmente. Identificador de cliente: WindowsUpdateAgent.";"1";"0";;"0";"0";"0";"-9223372036854775808";"1445";"Microsoft-Windows-Servicing";"bd12f3b8-fc40-4a61-a307-b7a013a069c1";"Setup";"2496";"732";"SCTEST04.aitsoporte.local";"S-1-5-18";"18/12/2017 08:46:08 a.m.";;;"e:\sync\scripting\powershell\visoreventos\setup.evtx";"System.UInt32[]";"System.Diagnostics.Eventing.Reader.EventBookmark";"Informaci?n";"Informaci?n";;"System.Collections.ObjectModel.ReadOnlyCollection`1[System.String]";"System.Collections.Generic.List`1[System.Diagnostics.Eventing.Reader.EventProperty]"
"No se pudo cambiar el paquete KB2952664 al estado Almacenado provisionalmente. Estado: 0x800f0816.";"3";"0";;"0";"0";"0";"-9223372036854775808";"1444";"Microsoft-Windows-Servicing";"bd12f3b8-fc40-4a61-a307-b7a013a069c1";"Setup";"916";"2904";"SCTEST04.aitsoporte.local";"S-1-5-18";"14/12/2017 07:45:56 a.m.";;;"e:\sync\scripting\powershell\visoreventos\setup.evtx";"System.UInt32[]";"System.Diagnostics.Eventing.Reader.EventBookmark";"Informaci?n";"Informaci?n";;"System.Collections.ObjectModel.ReadOnlyCollection`1[System.String]";"System.Collections.Generic.List`1[System.Diagnostics.Eventing.Reader.EventProperty]"
"Iniciando cambios para el paquete KB2952664. El estado actual es Resuelto. El estado de destino es Almacenado provisionalmente. Identificador de cliente: WindowsUpdateAgent.";"1";"0";;"0";"0";"0";"-9223372036854775808";"1443";"Microsoft-Windows-Servicing";"bd12f3b8-fc40-4a61-a307-b7a013a069c1";"Setup";"916";"2904";"SCTEST04.aitsoporte.local";"S-1-5-18";"14/12/2017 07:45:55 a.m.";;;"e:\sync\scripting\powershell\visoreventos\setup.evtx";"System.UInt32[]";"System.Diagnostics.Eventing.Reader.EventBookmark";"Informaci?n";"Informaci?n";;"System.Collections.ObjectModel.ReadOnlyCollection`1[System.String]";"System.Collections.Generic.List`1[System.Diagnostics.Eventing.Reader.EventProperty]"
"No se pudo cambiar el paquete KB3184143 al estado Almacenado provisionalmente. Estado: 0x800f0816.";"3";"0";;"0";"0";"0";"-9223372036854775808";"1442";"Microsoft-Windows-Servicing";"bd12f3b8-fc40-4a61-a307-b7a013a069c1";"Setup";"916";"2904";"SCTEST04.aitsoporte.local";"S-1-5-18";"14/12/2017 07:45:49 a.m.";;;"e:\sync\scripting\powershell\visoreventos\setup.evtx";"System.UInt32[]";"System.Diagnostics.Eventing.Reader.EventBookmark";"Informaci?n";"Informaci?n";;"System.Collections.ObjectModel.ReadOnlyCollection`1[System.String]";"System.Collections.Generic.List`1[System.Diagnostics.Eventing.Reader.EventProperty]"
"Iniciando cambios para el paquete KB3184143. El estado actual es Resuelto. El estado de destino es Almacenado provisionalmente. Identificador de cliente: WindowsUpdateAgent.";"1";"0";;"0";"0";"0";"-9223372036854775808";"1441";"Microsoft-Windows-Servicing";"bd12f3b8-fc40-4a61-a307-b7a013a069c1";"Setup";"916";"2904";"SCTEST04.aitsoporte.local";"S-1-5-18";"14/12/2017 07:45:40 a.m.";;;"e:\sync\scripting\powershell\visoreventos\setup.evtx";"System.UInt32[]";"System.Diagnostics.Eventing.Reader.EventBookmark";"Informaci?n";"Informaci?n";;"System.Collections.ObjectModel.ReadOnlyCollection`1[System.String]";"System.Collections.Generic.List`1[System.Diagnostics.Eventing.Reader.EventProperty]"
"Se cambi? el paquete KB4054518 correctamente al estado Instalado.";"2";"0";;"0";"0";"0";"-9223372036854775808";"1440";"Microsoft-Windows-Servicing";"bd12f3b8-fc40-4a61-a307-b7a013a069c1";"Setup";"916";"264";"SCTEST04.aitsoporte.local";"S-1-5-18";"14/12/2017 07:33:01 a.m.";;;"e:\sync\scripting\powershell\visoreventos\setup.evtx";"System.UInt32[]";"System.Diagnostics.Eventing.Reader.EventBookmark";"Informaci?n";"Informaci?n";;"System.Collections.ObjectModel.ReadOnlyCollection`1[System.String]";"System.Collections.Generic.List`1[System.Diagnostics.Eventing.Reader.EventProperty]"
"Se debe reiniciar para poder cambiar el paquete KB4054518 al estado Instalado.";"4";"0";;"0";"0";"0";"-9223372036854775808";"1439";"Microsoft-Windows-Servicing";"bd12f3b8-fc40-4a61-a307-b7a013a069c1";"Setup";"3352";"4720";"SCTEST04.aitsoporte.local";"S-1-5-18";"14/12/2017 07:14:29 a.m.";;;"e:\sync\scripting\powershell\visoreventos\setup.evtx";"System.UInt32[]";"System.Diagnostics.Eventing.Reader.EventBookmark";"Informaci?n";"Informaci?n";;"System.Collections.ObjectModel.ReadOnlyCollection`1[System.String]";"System.Collections.Generic.List`1[System.Diagnostics.Eventing.Reader.EventProperty]"
"Iniciando cambios para el paquete KB4054518. El estado actual es Resuelto. El estado de destino es Instalado. Identificador de cliente: WindowsUpdateAgent.";"1";"0";;"0";"0";"0";"-9223372036854775808";"1438";"Microsoft-Windows-Servicing";"bd12f3b8-fc40-4a61-a307-b7a013a069c1";"Setup";"3352";"4720";"SCTEST04.aitsoporte.local";"S-1-5-18";"14/12/2017 07:08:39 a.m.";;;"e:\sync\scripting\powershell\visoreventos\setup.evtx";"System.UInt32[]";"System.Diagnostics.Eventing.Reader.EventBookmark";"Informaci?n";"Informaci?n";;"System.Collections.ObjectModel.ReadOnlyCollection`1[System.String]";"System.Collections.Generic.List`1[System.Diagnostics.Eventing.Reader.EventProperty]"
"No se pudo cambiar el paquete KB4054518 al estado Almacenado provisionalmente. Estado: 0x800f0816.";"3";"0";;"0";"0";"0";"-9223372036854775808";"1437";"Microsoft-Windows-Servicing";"bd12f3b8-fc40-4a61-a307-b7a013a069c1";"Setup";"224";"1528";"SCTEST04.aitsoporte.local";"S-1-5-18";"13/12/2017 07:20:07 a.m.";;;"e:\sync\scripting\powershell\visoreventos\setup.evtx";"System.UInt32[]";"System.Diagnostics.Eventing.Reader.EventBookmark";"Informaci?n";"Informaci?n";;"System.Collections.ObjectModel.ReadOnlyCollection`1[System.String]";"System.Collections.Generic.List`1[System.Diagnostics.Eventing.Reader.EventProperty]"
"Iniciando cambios para el paquete KB4054518. El estado actual es Ausente. El estado de destino es Almacenado provisionalmente. Identificador de cliente: WindowsUpdateAgent.";"1";"0";;"0";"0";"0";"-9223372036854775808";"1436";"Microsoft-Windows-Servicing";"bd12f3b8-fc40-4a61-a307-b7a013a069c1";"Setup";"224";"1528";"SCTEST04.aitsoporte.local";"S-1-5-18";"13/12/2017 07:16:51 a.m.";;;"e:\sync\scripting\powershell\visoreventos\setup.evtx";"System.UInt32[]";"System.Diagnostics.Eventing.Reader.EventBookmark";"Informaci?n";"Informaci?n";;"System.Collections.ObjectModel.ReadOnlyCollection`1[System.String]";"System.Collections.Generic.List`1[System.Diagnostics.Eventing.Reader.EventProperty]"
"Se cambi? el paquete KB3006137 correctamente al estado Instalado.";"2";"0";;"0";"0";"0";"-9223372036854775808";"1435";"Microsoft-Windows-Servicing";"bd12f3b8-fc40-4a61-a307-b7a013a069c1";"Setup";"920";"412";"SCTEST04.aitsoporte.local";"S-1-5-18";"12/12/2017 08:06:05 a.m.";;;"e:\sync\scripting\powershell\visoreventos\setup.evtx";"System.UInt32[]";"System.Diagnostics.Eventing.Reader.EventBookmark";"Informaci?n";"Informaci?n";;"System.Collections.ObjectModel.ReadOnlyCollection`1[System.String]";"System.Collections.Generic.List`1[System.Diagnostics.Eventing.Reader.EventProperty]"
"Se cambi? el paquete KB3147071 correctamente al estado Instalado.";"2";"0";;"0";"0";"0";"-9223372036854775808";"1434";"Microsoft-Windows-Servicing";"bd12f3b8-fc40-4a61-a307-b7a013a069c1";"Setup";"920";"412";"SCTEST04.aitsoporte.local";"S-1-5-18";"12/12/2017 08:06:05 a.m.";;;"e:\sync\scripting\powershell\visoreventos\setup.evtx";"System.UInt32[]";"System.Diagnostics.Eventing.Reader.EventBookmark";"Informaci?n";"Informaci?n";;"System.Collections.ObjectModel.ReadOnlyCollection`1[System.String]";"System.Collections.Generic.List`1[System.Diagnostics.Eventing.Reader.EventProperty]"
"Se cambi? el paquete KB2563227 correctamente al estado Instalado.";"2";"0";;"0";"0";"0";"-9223372036854775808";"1433";"Microsoft-Windows-Servicing";"bd12f3b8-fc40-4a61-a307-b7a013a069c1";"Setup";"920";"412";"SCTEST04.aitsoporte.local";"S-1-5-18";"12/12/2017 08:06:05 a.m.";;;"e:\sync\scripting\powershell\visoreventos\setup.evtx";"System.UInt32[]";"System.Diagnostics.Eventing.Reader.EventBookmark";"Informaci?n";"Informaci?n";;"System.Collections.ObjectModel.ReadOnlyCollection`1[System.String]";"System.Collections.Generic.List`1[System.Diagnostics.Eventing.Reader.EventProperty]"
"Se cambi? el paquete KB2891804 correctamente al estado Instalado.";"2";"0";;"0";"0";"0";"-9223372036854775808";"1432";"Microsoft-Windows-Servicing";"bd12f3b8-fc40-4a61-a307-b7a013a069c1";"Setup";"920";"412";"SCTEST04.aitsoporte.local";"S-1-5-18";"12/12/2017 08:06:05 a.m.";;;"e:\sync\scripting\powershell\visoreventos\setup.evtx";"System.UInt32[]";"System.Diagnostics.Eventing.Reader.EventBookmark";"Informaci?n";"Informaci?n";;"System.Collections.ObjectModel.ReadOnlyCollection`1[System.String]";"System.Collections.Generic.List`1[System.Diagnostics.Eventing.Reader.EventProperty]"
"Se cambi? el paquete KB2918077 correctamente al estado Instalado.";"2";"0";;"0";"0";"0";"-9223372036854775808";"1431";"Microsoft-Windows-Servicing";"bd12f3b8-fc40-4a61-a307-b7a013a069c1";"Setup";"920";"412";"SCTEST04.aitsoporte.local";"S-1-5-18";"12/12/2017 08:06:05 a.m.";;;"e:\sync\scripting\powershell\visoreventos\setup.evtx";"System.UInt32[]";"System.Diagnostics.Eventing.Reader.EventBookmark";"Informaci?n";"Informaci?n";;"System.Collections.ObjectModel.ReadOnlyCollection`1[System.String]";"System.Collections.Generic.List`1[System.Diagnostics.Eventing.Reader.EventProperty]"
"Se cambi? el paquete KB2763523 correctamente al estado Instalado.";"2";"0";;"0";"0";"0";"-9223372036854775808";"1430";"Microsoft-Windows-Servicing";"bd12f3b8-fc40-4a61-a307-b7a013a069c1";"Setup";"920";"412";"SCTEST04.aitsoporte.local";"S-1-5-18";"12/12/2017 08:06:05 a.m.";;;"e:\sync\scripting\powershell\visoreventos\setup.evtx";"System.UInt32[]";"System.Diagnostics.Eventing.Reader.EventBookmark";"Informaci?n";"Informaci?n";;"System.Collections.ObjectModel.ReadOnlyCollection`1[System.String]";"System.Collections.Generic.List`1[System.Diagnostics.Eventing.Reader.EventProperty]"
"Se cambi? el paquete KB3068708 correctamente al estado Instalado.";"2";"0";;"0";"0";"0";"-9223372036854775808";"1429";"Microsoft-Windows-Servicing";"bd12f3b8-fc40-4a61-a307-b7a013a069c1";"Setup";"920";"412";"SCTEST04.aitsoporte.local";"S-1-5-18";"12/12/2017 08:06:05 a.m.";;;"e:\sync\scripting\powershell\visoreventos\setup.evtx";"System.UInt32[]";"System.Diagnostics.Eventing.Reader.EventBookmark";"Informaci?n";"Informaci?n";;"System.Collections.ObjectModel.ReadOnlyCollection`1[System.String]";"System.Collections.Generic.List`1[System.Diagnostics.Eventing.Reader.EventProperty]"
"Se cambi? el paquete KB2640148 correctamente al estado Instalado.";"2";"0";;"0";"0";"0";"-9223372036854775808";"1428";"Microsoft-Windows-Servicing";"bd12f3b8-fc40-4a61-a307-b7a013a069c1";"Setup";"920";"412";"SCTEST04.aitsoporte.local";"S-1-5-18";"12/12/2017 08:06:05 a.m.";;;"e:\sync\scripting\powershell\visoreventos\setup.evtx";"System.UInt32[]";"System.Diagnostics.Eventing.Reader.EventBookmark";"Informaci?n";"Informaci?n";;"System.Collections.ObjectModel.ReadOnlyCollection`1[System.String]";"System.Collections.Generic.List`1[System.Diagnostics.Eventing.Reader.EventProperty]"
"Se cambi? el paquete KB2547666 correctamente al estado Instalado.";"2";"0";;"0";"0";"0";"-9223372036854775808";"1427";"Microsoft-Windows-Servicing";"bd12f3b8-fc40-4a61-a307-b7a013a069c1";"Setup";"920";"412";"SCTEST04.aitsoporte.local";"S-1-5-18";"12/12/2017 08:06:05 a.m.";;;"e:\sync\scripting\powershell\visoreventos\setup.evtx";"System.UInt32[]";"System.Diagnostics.Eventing.Reader.EventBookmark";"Informaci?n";"Informaci?n";;"System.Collections.ObjectModel.ReadOnlyCollection`1[System.String]";"System.Collections.Generic.List`1[System.Diagnostics.Eventing.Reader.EventProperty]"
"Se cambi? el paquete KB3137061 correctamente al estado Instalado.";"2";"0";;"0";"0";"0";"-9223372036854775808";"1426";"Microsoft-Windows-Servicing";"bd12f3b8-fc40-4a61-a307-b7a013a069c1";"Setup";"920";"412";"SCTEST04.aitsoporte.local";"S-1-5-18";"12/12/2017 08:06:05 a.m.";;;"e:\sync\scripting\powershell\visoreventos\setup.evtx";"System.UInt32[]";"System.Diagnostics.Eventing.Reader.EventBookmark";"Informaci?n";"Informaci?n";;"System.Collections.ObjectModel.ReadOnlyCollection`1[System.String]";"System.Collections.Generic.List`1[System.Diagnostics.Eventing.Reader.EventProperty]"
"Se cambi? el paquete KB3170735 correctamente al estado Instalado.";"2";"0";;"0";"0";"0";"-9223372036854775808";"1425";"Microsoft-Windows-Servicing";"bd12f3b8-fc40-4a61-a307-b7a013a069c1";"Setup";"920";"412";"SCTEST04.aitsoporte.local";"S-1-5-18";"12/12/2017 08:06:05 a.m.";;;"e:\sync\scripting\powershell\visoreventos\setup.evtx";"System.UInt32[]";"System.Diagnostics.Eventing.Reader.EventBookmark";"Informaci?n";"Informaci?n";;"System.Collections.ObjectModel.ReadOnlyCollection`1[System.String]";"System.Collections.Generic.List`1[System.Diagnostics.Eventing.Reader.EventProperty]"
"Se cambi? el paquete KB2985461 correctamente al estado Instalado.";"2";"0";;"0";"0";"0";"-9223372036854775808";"1424";"Microsoft-Windows-Servicing";"bd12f3b8-fc40-4a61-a307-b7a013a069c1";"Setup";"920";"412";"SCTEST04.aitsoporte.local";"S-1-5-18";"12/12/2017 08:06:05 a.m.";;;"e:\sync\scripting\powershell\visoreventos\setup.evtx";"System.UInt32[]";"System.Diagnostics.Eventing.Reader.EventBookmark";"Informaci?n";"Informaci?n";;"System.Collections.ObjectModel.ReadOnlyCollection`1[System.String]";"System.Collections.Generic.List`1[System.Diagnostics.Eventing.Reader.EventProperty]"
"Se cambi? el paquete KB2919469 correctamente al estado Instalado.";"2";"0";;"0";"0";"0";"-9223372036854775808";"1423";"Microsoft-Windows-Servicing";"bd12f3b8-fc40-4a61-a307-b7a013a069c1";"Setup";"920";"412";"SCTEST04.aitsoporte.local";"S-1-5-18";"12/12/2017 08:06:05 a.m.";;;"e:\sync\scripting\powershell\visoreventos\setup.evtx";"System.UInt32[]";"System.Diagnostics.Eventing.Reader.EventBookmark";"Informaci?n";"Informaci?n";;"System.Collections.ObjectModel.ReadOnlyCollection`1[System.String]";"System.Collections.Generic.List`1[System.Diagnostics.Eventing.Reader.EventProperty]"
"Se cambi? el paquete KB3078667 correctamente al estado Instalado.";"2";"0";;"0";"0";"0";"-9223372036854775808";"1422";"Microsoft-Windows-Servicing";"bd12f3b8-fc40-4a61-a307-b7a013a069c1";"Setup";"920";"412";"SCTEST04.aitsoporte.local";"S-1-5-18";"12/12/2017 08:06:04 a.m.";;;"e:\sync\scripting\powershell\visoreventos\setup.evtx";"System.UInt32[]";"System.Diagnostics.Eventing.Reader.EventBookmark";"Informaci?n";"Informaci?n";;"System.Collections.ObjectModel.ReadOnlyCollection`1[System.String]";"System.Collections.Generic.List`1[System.Diagnostics.Eventing.Reader.EventProperty]"
"Se cambi? el paquete KB3020370 correctamente al estado Instalado.";"2";"0";;"0";"0";"0";"-9223372036854775808";"1421";"Microsoft-Windows-Servicing";"bd12f3b8-fc40-4a61-a307-b7a013a069c1";"Setup";"920";"412";"SCTEST04.aitsoporte.local";"S-1-5-18";"12/12/2017 08:06:04 a.m.";;;"e:\sync\scripting\powershell\visoreventos\setup.evtx";"System.UInt32[]";"System.Diagnostics.Eventing.Reader.EventBookmark";"Informaci?n";"Informaci?n";;"System.Collections.ObjectModel.ReadOnlyCollection`1[System.String]";"System.Collections.Generic.List`1[System.Diagnostics.Eventing.Reader.EventProperty]"
"Se cambi? el paquete KB2660075 correctamente al estado Instalado.";"2";"0";;"0";"0";"0";"-9223372036854775808";"1420";"Microsoft-Windows-Servicing";"bd12f3b8-fc40-4a61-a307-b7a013a069c1";"Setup";"920";"412";"SCTEST04.aitsoporte.local";"S-1-5-18";"12/12/2017 08:06:04 a.m.";;;"e:\sync\scripting\powershell\visoreventos\setup.evtx";"System.UInt32[]";"System.Diagnostics.Eventing.Reader.EventBookmark";"Informaci?n";"Informaci?n";;"System.Collections.ObjectModel.ReadOnlyCollection`1[System.String]";"System.Collections.Generic.List`1[System.Diagnostics.Eventing.Reader.EventProperty]"
"Se cambi? el paquete KB2800095 correctamente al estado Instalado.";"2";"0";;"0";"0";"0";"-9223372036854775808";"1419";"Microsoft-Windows-Servicing";"bd12f3b8-fc40-4a61-a307-b7a013a069c1";"Setup";"920";"412";"SCTEST04.aitsoporte.local";"S-1-5-18";"12/12/2017 08:06:04 a.m.";;;"e:\sync\scripting\powershell\visoreventos\setup.evtx";"System.UInt32[]";"System.Diagnostics.Eventing.Reader.EventBookmark";"Informaci?n";"Informaci?n";;"System.Collections.ObjectModel.ReadOnlyCollection`1[System.String]";"System.Collections.Generic.List`1[System.Diagnostics.Eventing.Reader.EventProperty]"
"Se cambi? el paquete KB2966583 correctamente al estado Instalado.";"2";"0";;"0";"0";"0";"-9223372036854775808";"1418";"Microsoft-Windows-Servicing";"bd12f3b8-fc40-4a61-a307-b7a013a069c1";"Setup";"920";"412";"SCTEST04.aitsoporte.local";"S-1-5-18";"12/12/2017 08:06:04 a.m.";;;"e:\sync\scripting\powershell\visoreventos\setup.evtx";"System.UInt32[]";"System.Diagnostics.Eventing.Reader.EventBookmark";"Informaci?n";"Informaci?n";;"System.Collections.ObjectModel.ReadOnlyCollection`1[System.String]";"System.Collections.Generic.List`1[System.Diagnostics.Eventing.Reader.EventProperty]"
"Se cambi? el paquete KB2685811 correctamente al estado Instalado.";"2";"0";;"0";"0";"0";"-9223372036854775808";"1417";"Microsoft-Windows-Servicing";"bd12f3b8-fc40-4a61-a307-b7a013a069c1";"Setup";"920";"412";"SCTEST04.aitsoporte.local";"S-1-5-18";"12/12/2017 08:06:04 a.m.";;;"e:\sync\scripting\powershell\visoreventos\setup.evtx";"System.UInt32[]";"System.Diagnostics.Eventing.Reader.EventBookmark";"Informaci?n";"Informaci?n";;"System.Collections.ObjectModel.ReadOnlyCollection`1[System.String]";"System.Collections.Generic.List`1[System.Diagnostics.Eventing.Reader.EventProperty]"
"Se cambi? el paquete KB2545698 correctamente al estado Instalado.";"2";"0";;"0";"0";"0";"-9223372036854775808";"1416";"Microsoft-Windows-Servicing";"bd12f3b8-fc40-4a61-a307-b7a013a069c1";"Setup";"920";"412";"SCTEST04.aitsoporte.local";"S-1-5-18";"12/12/2017 08:06:04 a.m.";;;"e:\sync\scripting\powershell\visoreventos\setup.evtx";"System.UInt32[]";"System.Diagnostics.Eventing.Reader.EventBookmark";"Informaci?n";"Informaci?n";;"System.Collections.ObjectModel.ReadOnlyCollection`1[System.String]";"System.Collections.Generic.List`1[System.Diagnostics.Eventing.Reader.EventProperty]"
"Se cambi? el paquete KB2970228 correctamente al estado Instalado.";"2";"0";;"0";"0";"0";"-9223372036854775808";"1415";"Microsoft-Windows-Servicing";"bd12f3b8-fc40-4a61-a307-b7a013a069c1";"Setup";"920";"412";"SCTEST04.aitsoporte.local";"S-1-5-18";"12/12/2017 08:06:04 a.m.";;;"e:\sync\scripting\powershell\visoreventos\setup.evtx";"System.UInt32[]";"System.Diagnostics.Eventing.Reader.EventBookmark";"Informaci?n";"Informaci?n";;"System.Collections.ObjectModel.ReadOnlyCollection`1[System.String]";"System.Collections.Generic.List`1[System.Diagnostics.Eventing.Reader.EventProperty]"
"Se cambi? el paquete KB3021917 correctamente al estado Instalado.";"2";"0";;"0";"0";"0";"-9223372036854775808";"1414";"Microsoft-Windows-Servicing";"bd12f3b8-fc40-4a61-a307-b7a013a069c1";"Setup";"920";"412";"SCTEST04.aitsoporte.local";"S-1-5-18";"12/12/2017 08:06:04 a.m.";;;"e:\sync\scripting\powershell\visoreventos\setup.evtx";"System.UInt32[]";"System.Diagnostics.Eventing.Reader.EventBookmark";"Informaci?n";"Informaci?n";;"System.Collections.ObjectModel.ReadOnlyCollection`1[System.String]";"System.Collections.Generic.List`1[System.Diagnostics.Eventing.Reader.EventProperty]"
"Se cambi? el paquete KB2853952 correctamente al estado Instalado.";"2";"0";;"0";"0";"0";"-9223372036854775808";"1413";"Microsoft-Windows-Servicing";"bd12f3b8-fc40-4a61-a307-b7a013a069c1";"Setup";"920";"412";"SCTEST04.aitsoporte.local";"S-1-5-18";"12/12/2017 08:06:04 a.m.";;;"e:\sync\scripting\powershell\visoreventos\setup.evtx";"System.UInt32[]";"System.Diagnostics.Eventing.Reader.EventBookmark";"Informaci?n";"Informaci?n";;"System.Collections.ObjectModel.ReadOnlyCollection`1[System.String]";"System.Collections.Generic.List`1[System.Diagnostics.Eventing.Reader.EventProperty]"
"Se cambi? el paquete KB3013531 correctamente al estado Instalado.";"2";"0";;"0";"0";"0";"-9223372036854775808";"1412";"Microsoft-Windows-Servicing";"bd12f3b8-fc40-4a61-a307-b7a013a069c1";"Setup";"920";"412";"SCTEST04.aitsoporte.local";"S-1-5-18";"12/12/2017 08:06:04 a.m.";;;"e:\sync\scripting\powershell\visoreventos\setup.evtx";"System.UInt32[]";"System.Diagnostics.Eventing.Reader.EventBookmark";"Informaci?n";"Informaci?n";;"System.Collections.ObjectModel.ReadOnlyCollection`1[System.String]";"System.Collections.Generic.List`1[System.Diagnostics.Eventing.Reader.EventProperty]"
"Se cambi? el paquete KB2893519 correctamente al estado Instalado.";"2";"0";;"0";"0";"0";"-9223372036854775808";"1411";"Microsoft-Windows-Servicing";"bd12f3b8-fc40-4a61-a307-b7a013a069c1";"Setup";"920";"412";"SCTEST04.aitsoporte.local";"S-1-5-18";"12/12/2017 08:06:04 a.m.";;;"e:\sync\scripting\powershell\visoreventos\setup.evtx";"System.UInt32[]";"System.Diagnostics.Eventing.Reader.EventBookmark";"Informaci?n";"Informaci?n";;"System.Collections.ObjectModel.ReadOnlyCollection`1[System.String]";"System.Collections.Generic.List`1[System.Diagnostics.Eventing.Reader.EventProperty]"
"Se cambi? el paquete KB3133977 correctamente al estado Instalado.";"2";"0";;"0";"0";"0";"-9223372036854775808";"1410";"Microsoft-Windows-Servicing";"bd12f3b8-fc40-4a61-a307-b7a013a069c1";"Setup";"920";"412";"SCTEST04.aitsoporte.local";"S-1-5-18";"12/12/2017 08:06:04 a.m.";;;"e:\sync\scripting\powershell\visoreventos\setup.evtx";"System.UInt32[]";"System.Diagnostics.Eventing.Reader.EventBookmark";"Informaci?n";"Informaci?n";;"System.Collections.ObjectModel.ReadOnlyCollection`1[System.String]";"System.Collections.Generic.List`1[System.Diagnostics.Eventing.Reader.EventProperty]"
"Se cambi? el paquete KB3172605 correctamente al estado Instalado.";"2";"0";;"0";"0";"0";"-9223372036854775808";"1409";"Microsoft-Windows-Servicing";"bd12f3b8-fc40-4a61-a307-b7a013a069c1";"Setup";"920";"412";"SCTEST04.aitsoporte.local";"S-1-5-18";"12/12/2017 08:06:04 a.m.";;;"e:\sync\scripting\powershell\visoreventos\setup.evtx";"System.UInt32[]";"System.Diagnostics.Eventing.Reader.EventBookmark";"Informaci?n";"Informaci?n";;"System.Collections.ObjectModel.ReadOnlyCollection`1[System.String]";"System.Collections.Generic.List`1[System.Diagnostics.Eventing.Reader.EventProperty]"
"Se cambi? el paquete KB2843630 correctamente al estado Instalado.";"2";"0";;"0";"0";"0";"-9223372036854775808";"1408";"Microsoft-Windows-Servicing";"bd12f3b8-fc40-4a61-a307-b7a013a069c1";"Setup";"920";"412";"SCTEST04.aitsoporte.local";"S-1-5-18";"12/12/2017 08:06:04 a.m.";;;"e:\sync\scripting\powershell\visoreventos\setup.evtx";"System.UInt32[]";"System.Diagnostics.Eventing.Reader.EventBookmark";"Informaci?n";"Informaci?n";;"System.Collections.ObjectModel.ReadOnlyCollection`1[System.String]";"System.Collections.Generic.List`1[System.Diagnostics.Eventing.Reader.EventProperty]"
"Se cambi? el paquete KB2834140 correctamente al estado Instalado.";"2";"0";;"0";"0";"0";"-9223372036854775808";"1407";"Microsoft-Windows-Servicing";"bd12f3b8-fc40-4a61-a307-b7a013a069c1";"Setup";"920";"412";"SCTEST04.aitsoporte.local";"S-1-5-18";"12/12/2017 08:06:04 a.m.";;;"e:\sync\scripting\powershell\visoreventos\setup.evtx";"System.UInt32[]";"System.Diagnostics.Eventing.Reader.EventBookmark";"Informaci?n";"Informaci?n";;"System.Collections.ObjectModel.ReadOnlyCollection`1[System.String]";"System.Collections.Generic.List`1[System.Diagnostics.Eventing.Reader.EventProperty]"
"Se cambi? el paquete KB2719857 correctamente al estado Instalado.";"2";"0";;"0";"0";"0";"-9223372036854775808";"1406";"Microsoft-Windows-Servicing";"bd12f3b8-fc40-4a61-a307-b7a013a069c1";"Setup";"920";"412";"SCTEST04.aitsoporte.local";"S-1-5-18";"12/12/2017 08:06:04 a.m.";;;"e:\sync\scripting\powershell\visoreventos\setup.evtx";"System.UInt32[]";"System.Diagnostics.Eventing.Reader.EventBookmark";"Informaci?n";"Informaci?n";;"System.Collections.ObjectModel.ReadOnlyCollection`1[System.String]";"System.Collections.Generic.List`1[System.Diagnostics.Eventing.Reader.EventProperty]"
"Se cambi? el paquete KB2603229 correctamente al estado Instalado.";"2";"0";;"0";"0";"0";"-9223372036854775808";"1405";"Microsoft-Windows-Servicing";"bd12f3b8-fc40-4a61-a307-b7a013a069c1";"Setup";"920";"412";"SCTEST04.aitsoporte.local";"S-1-5-18";"12/12/2017 08:06:04 a.m.";;;"e:\sync\scripting\powershell\visoreventos\setup.evtx";"System.UInt32[]";"System.Diagnostics.Eventing.Reader.EventBookmark";"Informaci?n";"Informaci?n";;"System.Collections.ObjectModel.ReadOnlyCollection`1[System.String]";"System.Collections.Generic.List`1[System.Diagnostics.Eventing.Reader.EventProperty]"
"Se cambi? el paquete KB3161102 correctamente al estado Instalado.";"2";"0";;"0";"0";"0";"-9223372036854775808";"1404";"Microsoft-Windows-Servicing";"bd12f3b8-fc40-4a61-a307-b7a013a069c1";"Setup";"920";"412";"SCTEST04.aitsoporte.local";"S-1-5-18";"12/12/2017 08:06:04 a.m.";;;"e:\sync\scripting\powershell\visoreventos\setup.evtx";"System.UInt32[]";"System.Diagnostics.Eventing.Reader.EventBookmark";"Informaci?n";"Informaci?n";;"System.Collections.ObjectModel.ReadOnlyCollection`1[System.String]";"System.Collections.Generic.List`1[System.Diagnostics.Eventing.Reader.EventProperty]"
"Se cambi? el paquete KB3042058 correctamente al estado Instalado.";"2";"0";;"0";"0";"0";"-9223372036854775808";"1403";"Microsoft-Windows-Servicing";"bd12f3b8-fc40-4a61-a307-b7a013a069c1";"Setup";"920";"412";"SCTEST04.aitsoporte.local";"S-1-5-18";"12/12/2017 08:06:04 a.m.";;;"e:\sync\scripting\powershell\visoreventos\setup.evtx";"System.UInt32[]";"System.Diagnostics.Eventing.Reader.EventBookmark";"Informaci?n";"Informaci?n";;"System.Collections.ObjectModel.ReadOnlyCollection`1[System.String]";"System.Collections.Generic.List`1[System.Diagnostics.Eventing.Reader.EventProperty]"
"Se cambi? el paquete KB2750841 correctamente al estado Instalado.";"2";"0";;"0";"0";"0";"-9223372036854775808";"1402";"Microsoft-Windows-Servicing";"bd12f3b8-fc40-4a61-a307-b7a013a069c1";"Setup";"920";"412";"SCTEST04.aitsoporte.local";"S-1-5-18";"12/12/2017 08:06:04 a.m.";;;"e:\sync\scripting\powershell\visoreventos\setup.evtx";"System.UInt32[]";"System.Diagnostics.Eventing.Reader.EventBookmark";"Informaci?n";"Informaci?n";;"System.Collections.ObjectModel.ReadOnlyCollection`1[System.String]";"System.Collections.Generic.List`1[System.Diagnostics.Eventing.Reader.EventProperty]"
"Se cambi? el paquete KB3179573 correctamente al estado Instalado.";"2";"0";;"0";"0";"0";"-9223372036854775808";"1401";"Microsoft-Windows-Servicing";"bd12f3b8-fc40-4a61-a307-b7a013a069c1";"Setup";"920";"412";"SCTEST04.aitsoporte.local";"S-1-5-18";"12/12/2017 08:06:04 a.m.";;;"e:\sync\scripting\powershell\visoreventos\setup.evtx";"System.UInt32[]";"System.Diagnostics.Eventing.Reader.EventBookmark";"Informaci?n";"Informaci?n";;"System.Collections.ObjectModel.ReadOnlyCollection`1[System.String]";"System.Collections.Generic.List`1[System.Diagnostics.Eventing.Reader.EventProperty]"
"Se cambi? el paquete KB3107998 correctamente al estado Instalado.";"2";"0";;"0";"0";"0";"-9223372036854775808";"1400";"Microsoft-Windows-Servicing";"bd12f3b8-fc40-4a61-a307-b7a013a069c1";"Setup";"920";"412";"SCTEST04.aitsoporte.local";"S-1-5-18";"12/12/2017 08:06:04 a.m.";;;"e:\sync\scripting\powershell\visoreventos\setup.evtx";"System.UInt32[]";"System.Diagnostics.Eventing.Reader.EventBookmark";"Informaci?n";"Informaci?n";;"System.Collections.ObjectModel.ReadOnlyCollection`1[System.String]";"System.Collections.Generic.List`1[System.Diagnostics.Eventing.Reader.EventProperty]"
"Se cambi? el paquete KB2732059 correctamente al estado Instalado.";"2";"0";;"0";"0";"0";"-9223372036854775808";"1399";"Microsoft-Windows-Servicing";"bd12f3b8-fc40-4a61-a307-b7a013a069c1";"Setup";"920";"412";"SCTEST04.aitsoporte.local";"S-1-5-18";"12/12/2017 08:06:04 a.m.";;;"e:\sync\scripting\powershell\visoreventos\setup.evtx";"System.UInt32[]";"System.Diagnostics.Eventing.Reader.EventBookmark";"Informaci?n";"Informaci?n";;"System.Collections.ObjectModel.ReadOnlyCollection`1[System.String]";"System.Collections.Generic.List`1[System.Diagnostics.Eventing.Reader.EventProperty]"
"Se cambi? el paquete KB3080149 correctamente al estado Instalado.";"2";"0";;"0";"0";"0";"-9223372036854775808";"1398";"Microsoft-Windows-Servicing";"bd12f3b8-fc40-4a61-a307-b7a013a069c1";"Setup";"920";"412";"SCTEST04.aitsoporte.local";"S-1-5-18";"12/12/2017 08:06:04 a.m.";;;"e:\sync\scripting\powershell\visoreventos\setup.evtx";"System.UInt32[]";"System.Diagnostics.Eventing.Reader.EventBookmark";"Informaci?n";"Informaci?n";;"System.Collections.ObjectModel.ReadOnlyCollection`1[System.String]";"System.Collections.Generic.List`1[System.Diagnostics.Eventing.Reader.EventProperty]"
"Se cambi? el paquete KB2773072 correctamente al estado Instalado.";"2";"0";;"0";"0";"0";"-9223372036854775808";"1397";"Microsoft-Windows-Servicing";"bd12f3b8-fc40-4a61-a307-b7a013a069c1";"Setup";"920";"412";"SCTEST04.aitsoporte.local";"S-1-5-18";"12/12/2017 08:06:04 a.m.";;;"e:\sync\scripting\powershell\visoreventos\setup.evtx";"System.UInt32[]";"System.Diagnostics.Eventing.Reader.EventBookmark";"Informaci?n";"Informaci?n";;"System.Collections.ObjectModel.ReadOnlyCollection`1[System.String]";"System.Collections.Generic.List`1[System.Diagnostics.Eventing.Reader.EventProperty]"
"Se cambi? el paquete KB2791765 correctamente al estado Instalado.";"2";"0";;"0";"0";"0";"-9223372036854775808";"1396";"Microsoft-Windows-Servicing";"bd12f3b8-fc40-4a61-a307-b7a013a069c1";"Setup";"920";"412";"SCTEST04.aitsoporte.local";"S-1-5-18";"12/12/2017 08:06:04 a.m.";;;"e:\sync\scripting\powershell\visoreventos\setup.evtx";"System.UInt32[]";"System.Diagnostics.Eventing.Reader.EventBookmark";"Informaci?n";"Informaci?n";;"System.Collections.ObjectModel.ReadOnlyCollection`1[System.String]";"System.Collections.Generic.List`1[System.Diagnostics.Eventing.Reader.EventProperty]"
"Se cambi? el paquete KB2685813 correctamente al estado Instalado.";"2";"0";;"0";"0";"0";"-9223372036854775808";"1395";"Microsoft-Windows-Servicing";"bd12f3b8-fc40-4a61-a307-b7a013a069c1";"Setup";"920";"412";"SCTEST04.aitsoporte.local";"S-1-5-18";"12/12/2017 08:06:04 a.m.";;;"e:\sync\scripting\powershell\visoreventos\setup.evtx";"System.UInt32[]";"System.Diagnostics.Eventing.Reader.EventBookmark";"Informaci?n";"Informaci?n";;"System.Collections.ObjectModel.ReadOnlyCollection`1[System.String]";"System.Collections.Generic.List`1[System.Diagnostics.Eventing.Reader.EventProperty]"
"Se cambi? el paquete KB2726535 correctamente al estado Instalado.";"2";"0";;"0";"0";"0";"-9223372036854775808";"1394";"Microsoft-Windows-Servicing";"bd12f3b8-fc40-4a61-a307-b7a013a069c1";"Setup";"920";"412";"SCTEST04.aitsoporte.local";"S-1-5-18";"12/12/2017 08:06:04 a.m.";;;"e:\sync\scripting\powershell\visoreventos\setup.evtx";"System.UInt32[]";"System.Diagnostics.Eventing.Reader.EventBookmark";"Informaci?n";"Informaci?n";;"System.Collections.ObjectModel.ReadOnlyCollection`1[System.String]";"System.Collections.Generic.List`1[System.Diagnostics.Eventing.Reader.EventProperty]"
"Se cambi? el paquete KB3054476 correctamente al estado Instalado.";"2";"0";;"0";"0";"0";"-9223372036854775808";"1393";"Microsoft-Windows-Servicing";"bd12f3b8-fc40-4a61-a307-b7a013a069c1";"Setup";"920";"412";"SCTEST04.aitsoporte.local";"S-1-5-18";"12/12/2017 08:06:04 a.m.";;;"e:\sync\scripting\powershell\visoreventos\setup.evtx";"System.UInt32[]";"System.Diagnostics.Eventing.Reader.EventBookmark";"Informaci?n";"Informaci?n";;"System.Collections.ObjectModel.ReadOnlyCollection`1[System.String]";"System.Collections.Generic.List`1[System.Diagnostics.Eventing.Reader.EventProperty]"
"Se cambi? el paquete KB2732487 correctamente al estado Instalado.";"2";"0";;"0";"0";"0";"-9223372036854775808";"1392";"Microsoft-Windows-Servicing";"bd12f3b8-fc40-4a61-a307-b7a013a069c1";"Setup";"920";"412";"SCTEST04.aitsoporte.local";"S-1-5-18";"12/12/2017 08:06:04 a.m.";;;"e:\sync\scripting\powershell\visoreventos\setup.evtx";"System.UInt32[]";"System.Diagnostics.Eventing.Reader.EventBookmark";"Informaci?n";"Informaci?n";;"System.Collections.ObjectModel.ReadOnlyCollection`1[System.String]";"System.Collections.Generic.List`1[System.Diagnostics.Eventing.Reader.EventProperty]"
"Se cambi? el paquete KB2908783 correctamente al estado Instalado.";"2";"0";;"0";"0";"0";"-9223372036854775808";"1391";"Microsoft-Windows-Servicing";"bd12f3b8-fc40-4a61-a307-b7a013a069c1";"Setup";"920";"412";"SCTEST04.aitsoporte.local";"S-1-5-18";"12/12/2017 08:06:04 a.m.";;;"e:\sync\scripting\powershell\visoreventos\setup.evtx";"System.UInt32[]";"System.Diagnostics.Eventing.Reader.EventBookmark";"Informaci?n";"Informaci?n";;"System.Collections.ObjectModel.ReadOnlyCollection`1[System.String]";"System.Collections.Generic.List`1[System.Diagnostics.Eventing.Reader.EventProperty]"
"Se cambi? el paquete KB3092627 correctamente al estado Instalado.";"2";"0";;"0";"0";"0";"-9223372036854775808";"1390";"Microsoft-Windows-Servicing";"bd12f3b8-fc40-4a61-a307-b7a013a069c1";"Setup";"920";"412";"SCTEST04.aitsoporte.local";"S-1-5-18";"12/12/2017 08:06:04 a.m.";;;"e:\sync\scripting\powershell\visoreventos\setup.evtx";"System.UInt32[]";"System.Diagnostics.Eventing.Reader.EventBookmark";"Informaci?n";"Informaci?n";;"System.Collections.ObjectModel.ReadOnlyCollection`1[System.String]";"System.Collections.Generic.List`1[System.Diagnostics.Eventing.Reader.EventProperty]"
"Se cambi? el paquete KB3006121 correctamente al estado Instalado.";"2";"0";;"0";"0";"0";"-9223372036854775808";"1389";"Microsoft-Windows-Servicing";"bd12f3b8-fc40-4a61-a307-b7a013a069c1";"Setup";"920";"412";"SCTEST04.aitsoporte.local";"S-1-5-18";"12/12/2017 08:06:04 a.m.";;;"e:\sync\scripting\powershell\visoreventos\setup.evtx";"System.UInt32[]";"System.Diagnostics.Eventing.Reader.EventBookmark";"Informaci?n";"Informaci?n";;"System.Collections.ObjectModel.ReadOnlyCollection`1[System.String]";"System.Collections.Generic.List`1[System.Diagnostics.Eventing.Reader.EventProperty]"
"Se cambi? el paquete KB2761217 correctamente al estado Instalado.";"2";"0";;"0";"0";"0";"-9223372036854775808";"1388";"Microsoft-Windows-Servicing";"bd12f3b8-fc40-4a61-a307-b7a013a069c1";"Setup";"920";"412";"SCTEST04.aitsoporte.local";"S-1-5-18";"12/12/2017 08:06:04 a.m.";;;"e:\sync\scripting\powershell\visoreventos\setup.evtx";"System.UInt32[]";"System.Diagnostics.Eventing.Reader.EventBookmark";"Informaci?n";"Informaci?n";;"System.Collections.ObjectModel.ReadOnlyCollection`1[System.String]";"System.Collections.Generic.List`1[System.Diagnostics.Eventing.Reader.EventProperty]"
"Se cambi? el paquete KB2808679 correctamente al estado Instalado.";"2";"0";;"0";"0";"0";"-9223372036854775808";"1387";"Microsoft-Windows-Servicing";"bd12f3b8-fc40-4a61-a307-b7a013a069c1";"Setup";"920";"412";"SCTEST04.aitsoporte.local";"S-1-5-18";"12/12/2017 08:06:04 a.m.";;;"e:\sync\scripting\powershell\visoreventos\setup.evtx";"System.UInt32[]";"System.Diagnostics.Eventing.Reader.EventBookmark";"Informaci?n";"Informaci?n";;"System.Collections.ObjectModel.ReadOnlyCollection`1[System.String]";"System.Collections.Generic.List`1[System.Diagnostics.Eventing.Reader.EventProperty]"
"Se cambi? el paquete KB3140245 correctamente al estado Instalado.";"2";"0";;"0";"0";"0";"-9223372036854775808";"1386";"Microsoft-Windows-Servicing";"bd12f3b8-fc40-4a61-a307-b7a013a069c1";"Setup";"920";"412";"SCTEST04.aitsoporte.local";"S-1-5-18";"12/12/2017 08:06:04 a.m.";;;"e:\sync\scripting\powershell\visoreventos\setup.evtx";"System.UInt32[]";"System.Diagnostics.Eventing.Reader.EventBookmark";"Informaci?n";"Informaci?n";;"System.Collections.ObjectModel.ReadOnlyCollection`1[System.String]";"System.Collections.Generic.List`1[System.Diagnostics.Eventing.Reader.EventProperty]"
"Se cambi? el paquete KB982018 correctamente al estado Instalado.";"2";"0";;"0";"0";"0";"-9223372036854775808";"1385";"Microsoft-Windows-Servicing";"bd12f3b8-fc40-4a61-a307-b7a013a069c1";"Setup";"920";"412";"SCTEST04.aitsoporte.local";"S-1-5-18";"12/12/2017 08:06:04 a.m.";;;"e:\sync\scripting\powershell\visoreventos\setup.evtx";"System.UInt32[]";"System.Diagnostics.Eventing.Reader.EventBookmark";"Informaci?n";"Informaci?n";;"System.Collections.ObjectModel.ReadOnlyCollection`1[System.String]";"System.Collections.Generic.List`1[System.Diagnostics.Eventing.Reader.EventProperty]"
"Se cambi? el paquete KB3138378 correctamente al estado Instalado.";"2";"0";;"0";"0";"0";"-9223372036854775808";"1384";"Microsoft-Windows-Servicing";"bd12f3b8-fc40-4a61-a307-b7a013a069c1";"Setup";"920";"412";"SCTEST04.aitsoporte.local";"S-1-5-18";"12/12/2017 08:06:04 a.m.";;;"e:\sync\scripting\powershell\visoreventos\setup.evtx";"System.UInt32[]";"System.Diagnostics.Eventing.Reader.EventBookmark";"Informaci?n";"Informaci?n";;"System.Collections.ObjectModel.ReadOnlyCollection`1[System.String]";"System.Collections.Generic.List`1[System.Diagnostics.Eventing.Reader.EventProperty]"
"Se cambi? el paquete KB2506928 correctamente al estado Instalado.";"2";"0";;"0";"0";"0";"-9223372036854775808";"1383";"Microsoft-Windows-Servicing";"bd12f3b8-fc40-4a61-a307-b7a013a069c1";"Setup";"920";"412";"SCTEST04.aitsoporte.local";"S-1-5-18";"12/12/2017 08:06:04 a.m.";;;"e:\sync\scripting\powershell\visoreventos\setup.evtx";"System.UInt32[]";"System.Diagnostics.Eventing.Reader.EventBookmark";"Informaci?n";"Informaci?n";;"System.Collections.ObjectModel.ReadOnlyCollection`1[System.String]";"System.Collections.Generic.List`1[System.Diagnostics.Eventing.Reader.EventProperty]"
"Se cambi? el paquete KB2799926 correctamente al estado Instalado.";"2";"0";;"0";"0";"0";"-9223372036854775808";"1382";"Microsoft-Windows-Servicing";"bd12f3b8-fc40-4a61-a307-b7a013a069c1";"Setup";"920";"412";"SCTEST04.aitsoporte.local";"S-1-5-18";"12/12/2017 08:06:02 a.m.";;;"e:\sync\scripting\powershell\visoreventos\setup.evtx";"System.UInt32[]";"System.Diagnostics.Eventing.Reader.EventBookmark";"Informaci?n";"Informaci?n";;"System.Collections.ObjectModel.ReadOnlyCollection`1[System.String]";"System.Collections.Generic.List`1[System.Diagnostics.Eventing.Reader.EventProperty]"
"Se cambi? el paquete KB2840631 correctamente al estado Almacenado provisionalmente.";"2";"0";;"0";"0";"0";"-9223372036854775808";"1381";"Microsoft-Windows-Servicing";"bd12f3b8-fc40-4a61-a307-b7a013a069c1";"Setup";"2936";"2376";"SCTEST04.aitsoporte.local";"S-1-5-18";"12/12/2017 07:43:57 a.m.";;;"e:\sync\scripting\powershell\visoreventos\setup.evtx";"System.UInt32[]";"System.Diagnostics.Eventing.Reader.EventBookmark";"Informaci?n";"Informaci?n";;"System.Collections.ObjectModel.ReadOnlyCollection`1[System.String]";"System.Collections.Generic.List`1[System.Diagnostics.Eventing.Reader.EventProperty]"
"Iniciando cambios para el paquete KB2840631. El estado actual es Instalado. El estado de destino es Almacenado provisionalmente. Identificador de cliente: WindowsUpdateAgent.";"1";"0";;"0";"0";"0";"-9223372036854775808";"1380";"Microsoft-Windows-Servicing";"bd12f3b8-fc40-4a61-a307-b7a013a069c1";"Setup";"2936";"2376";"SCTEST04.aitsoporte.local";"S-1-5-18";"12/12/2017 07:43:55 a.m.";;;"e:\sync\scripting\powershell\visoreventos\setup.evtx";"System.UInt32[]";"System.Diagnostics.Eventing.Reader.EventBookmark";"Informaci?n";"Informaci?n";;"System.Collections.ObjectModel.ReadOnlyCollection`1[System.String]";"System.Collections.Generic.List`1[System.Diagnostics.Eventing.Reader.EventProperty]"
"No se pudo cambiar el paquete KB2952664 al estado Almacenado provisionalmente. Estado: 0x800f0816.";"3";"0";;"0";"0";"0";"-9223372036854775808";"1379";"Microsoft-Windows-Servicing";"bd12f3b8-fc40-4a61-a307-b7a013a069c1";"Setup";"2936";"2376";"SCTEST04.aitsoporte.local";"S-1-5-18";"12/12/2017 07:42:52 a.m.";;;"e:\sync\scripting\powershell\visoreventos\setup.evtx";"System.UInt32[]";"System.Diagnostics.Eventing.Reader.EventBookmark";"Informaci?n";"Informaci?n";;"System.Collections.ObjectModel.ReadOnlyCollection`1[System.String]";"System.Collections.Generic.List`1[System.Diagnostics.Eventing.Reader.EventProperty]"
"Iniciando cambios para el paquete KB2952664. El estado actual es Ausente. El estado de destino es Almacenado provisionalmente. Identificador de cliente: WindowsUpdateAgent.";"1";"0";;"0";"0";"0";"-9223372036854775808";"1378";"Microsoft-Windows-Servicing";"bd12f3b8-fc40-4a61-a307-b7a013a069c1";"Setup";"2936";"2376";"SCTEST04.aitsoporte.local";"S-1-5-18";"12/12/2017 07:42:48 a.m.";;;"e:\sync\scripting\powershell\visoreventos\setup.evtx";"System.UInt32[]";"System.Diagnostics.Eventing.Reader.EventBookmark";"Informaci?n";"Informaci?n";;"System.Collections.ObjectModel.ReadOnlyCollection`1[System.String]";"System.Collections.Generic.List`1[System.Diagnostics.Eventing.Reader.EventProperty]"
"Se debe reiniciar para poder cambiar el paquete KB3147071 al estado Instalado.";"4";"0";;"0";"0";"0";"-9223372036854775808";"1377";"Microsoft-Windows-Servicing";"bd12f3b8-fc40-4a61-a307-b7a013a069c1";"Setup";"2936";"2376";"SCTEST04.aitsoporte.local";"S-1-5-18";"12/12/2017 07:42:48 a.m.";;;"e:\sync\scripting\powershell\visoreventos\setup.evtx";"System.UInt32[]";"System.Diagnostics.Eventing.Reader.EventBookmark";"Informaci?n";"Informaci?n";;"System.Collections.ObjectModel.ReadOnlyCollection`1[System.String]";"System.Collections.Generic.List`1[System.Diagnostics.Eventing.Reader.EventProperty]"
"Iniciando cambios para el paquete KB3147071. El estado actual es Resuelto. El estado de destino es Instalado. Identificador de cliente: WindowsUpdateAgent.";"1";"0";;"0";"0";"0";"-9223372036854775808";"1376";"Microsoft-Windows-Servicing";"bd12f3b8-fc40-4a61-a307-b7a013a069c1";"Setup";"2936";"2376";"SCTEST04.aitsoporte.local";"S-1-5-18";"12/12/2017 07:42:28 a.m.";;;"e:\sync\scripting\powershell\visoreventos\setup.evtx";"System.UInt32[]";"System.Diagnostics.Eventing.Reader.EventBookmark";"Informaci?n";"Informaci?n";;"System.Collections.ObjectModel.ReadOnlyCollection`1[System.String]";"System.Collections.Generic.List`1[System.Diagnostics.Eventing.Reader.EventProperty]"
"Se debe reiniciar para poder cambiar el paquete KB2563227 al estado Instalado.";"4";"0";;"0";"0";"0";"-9223372036854775808";"1375";"Microsoft-Windows-Servicing";"bd12f3b8-fc40-4a61-a307-b7a013a069c1";"Setup";"2936";"2376";"SCTEST04.aitsoporte.local";"S-1-5-18";"12/12/2017 07:42:27 a.m.";;;"e:\sync\scripting\powershell\visoreventos\setup.evtx";"System.UInt32[]";"System.Diagnostics.Eventing.Reader.EventBookmark";"Informaci?n";"Informaci?n";;"System.Collections.ObjectModel.ReadOnlyCollection`1[System.String]";"System.Collections.Generic.List`1[System.Diagnostics.Eventing.Reader.EventProperty]"
"Iniciando cambios para el paquete KB2563227. El estado actual es Resuelto. El estado de destino es Instalado. Identificador de cliente: WindowsUpdateAgent.";"1";"0";;"0";"0";"0";"-9223372036854775808";"1374";"Microsoft-Windows-Servicing";"bd12f3b8-fc40-4a61-a307-b7a013a069c1";"Setup";"2936";"2376";"SCTEST04.aitsoporte.local";"S-1-5-18";"12/12/2017 07:42:16 a.m.";;;"e:\sync\scripting\powershell\visoreventos\setup.evtx";"System.UInt32[]";"System.Diagnostics.Eventing.Reader.EventBookmark";"Informaci?n";"Informaci?n";;"System.Collections.ObjectModel.ReadOnlyCollection`1[System.String]";"System.Collections.Generic.List`1[System.Diagnostics.Eventing.Reader.EventProperty]"
"Se debe reiniciar para poder cambiar el paquete KB2891804 al estado Instalado.";"4";"0";;"0";"0";"0";"-9223372036854775808";"1373";"Microsoft-Windows-Servicing";"bd12f3b8-fc40-4a61-a307-b7a013a069c1";"Setup";"2936";"2376";"SCTEST04.aitsoporte.local";"S-1-5-18";"12/12/2017 07:42:16 a.m.";;;"e:\sync\scripting\powershell\visoreventos\setup.evtx";"System.UInt32[]";"System.Diagnostics.Eventing.Reader.EventBookmark";"Informaci?n";"Informaci?n";;"System.Collections.ObjectModel.ReadOnlyCollection`1[System.String]";"System.Collections.Generic.List`1[System.Diagnostics.Eventing.Reader.EventProperty]"
