"Se debe reiniciar para poder cambiar el paquete KB3004375 al estado Instalado.";"4";"0";;"0";"0";"0";"-9223372036854775808";"355";"Microsoft-Windows-Servicing";"bd12f3b8-fc40-4a61-a307-b7a013a069c1";"Setup";"1352";"2208";"SCTEST04.aitsoporte.local";"S-1-5-18";"09/12/2017 09:46:13 a.m.";;;"e:\sync\scripting\powershell\visoreventos\setup.evtx";"System.UInt32[]";"System.Diagnostics.Eventing.Reader.EventBookmark";"Informaci?n";"Informaci?n";;"System.Collections.ObjectModel.ReadOnlyCollection`1[System.String]";"System.Collections.Generic.List`1[System.Diagnostics.Eventing.Reader.EventProperty]"
"Iniciando cambios para el paquete KB3004375. El estado actual es Instalado. El estado de destino es Instalado. Identificador de cliente: WindowsUpdateAgent.";"1";"0";;"0";"0";"0";"-9223372036854775808";"354";"Microsoft-Windows-Servicing";"bd12f3b8-fc40-4a61-a307-b7a013a069c1";"Setup";"1352";"2208";"SCTEST04.aitsoporte.local";"S-1-5-18";"09/12/2017 09:46:09 a.m.";;;"e:\sync\scripting\powershell\visoreventos\setup.evtx";"System.UInt32[]";"System.Diagnostics.Eventing.Reader.EventBookmark";"Informaci?n";"Informaci?n";;"System.Collections.ObjectModel.ReadOnlyCollection`1[System.String]";"System.Collections.Generic.List`1[System.Diagnostics.Eventing.Reader.EventProperty]"
"Se debe reiniciar para poder cambiar el paquete KB4019990 al estado Instalado.";"4";"0";;"0";"0";"0";"-9223372036854775808";"353";"Microsoft-Windows-Servicing";"bd12f3b8-fc40-4a61-a307-b7a013a069c1";"Setup";"1352";"2208";"SCTEST04.aitsoporte.local";"S-1-5-18";"09/12/2017 09:46:06 a.m.";;;"e:\sync\scripting\powershell\visoreventos\setup.evtx";"System.UInt32[]";"System.Diagnostics.Eventing.Reader.EventBookmark";"Informaci?n";"Informaci?n";;"System.Collections.ObjectModel.ReadOnlyCollection`1[System.String]";"System.Collections.Generic.List`1[System.Diagnostics.Eventing.Reader.EventProperty]"
"Iniciando cambios para el paquete KB4019990. El estado actual es Ausente. El estado de destino es Instalado. Identificador de cliente: WindowsUpdateAgent.";"1";"0";;"0";"0";"0";"-9223372036854775808";"352";"Microsoft-Windows-Servicing";"bd12f3b8-fc40-4a61-a307-b7a013a069c1";"Setup";"1352";"2208";"SCTEST04.aitsoporte.local";"S-1-5-18";"09/12/2017 09:45:55 a.m.";;;"e:\sync\scripting\powershell\visoreventos\setup.evtx";"System.UInt32[]";"System.Diagnostics.Eventing.Reader.EventBookmark";"Informaci?n";"Informaci?n";;"System.Collections.ObjectModel.ReadOnlyCollection`1[System.String]";"System.Collections.Generic.List`1[System.Diagnostics.Eventing.Reader.EventProperty]"
"Se debe reiniciar para poder cambiar el paquete KB4040980 al estado Instalado.";"4";"0";;"0";"0";"0";"-9223372036854775808";"351";"Microsoft-Windows-Servicing";"bd12f3b8-fc40-4a61-a307-b7a013a069c1";"Setup";"1352";"2208";"SCTEST04.aitsoporte.local";"S-1-5-18";"09/12/2017 09:45:54 a.m.";;;"e:\sync\scripting\powershell\visoreventos\setup.evtx";"System.UInt32[]";"System.Diagnostics.Eventing.Reader.EventBookmark";"Informaci?n";"Informaci?n";;"System.Collections.ObjectModel.ReadOnlyCollection`1[System.String]";"System.Collections.Generic.List`1[System.Diagnostics.Eventing.Reader.EventProperty]"
"Iniciando cambios para el paquete KB4040980. El estado actual es Ausente. El estado de destino es Instalado. Identificador de cliente: WindowsUpdateAgent.";"1";"0";;"0";"0";"0";"-9223372036854775808";"350";"Microsoft-Windows-Servicing";"bd12f3b8-fc40-4a61-a307-b7a013a069c1";"Setup";"1352";"2208";"SCTEST04.aitsoporte.local";"S-1-5-18";"09/12/2017 09:45:31 a.m.";;;"e:\sync\scripting\powershell\visoreventos\setup.evtx";"System.UInt32[]";"System.Diagnostics.Eventing.Reader.EventBookmark";"Informaci?n";"Informaci?n";;"System.Collections.ObjectModel.ReadOnlyCollection`1[System.String]";"System.Collections.Generic.List`1[System.Diagnostics.Eventing.Reader.EventProperty]"
"Se debe reiniciar para poder cambiar el paquete KB2491683 al estado Instalado.";"4";"0";;"0";"0";"0";"-9223372036854775808";"349";"Microsoft-Windows-Servicing";"bd12f3b8-fc40-4a61-a307-b7a013a069c1";"Setup";"1352";"2208";"SCTEST04.aitsoporte.local";"S-1-5-18";"09/12/2017 09:40:28 a.m.";;;"e:\sync\scripting\powershell\visoreventos\setup.evtx";"System.UInt32[]";"System.Diagnostics.Eventing.Reader.EventBookmark";"Informaci?n";"Informaci?n";;"System.Collections.ObjectModel.ReadOnlyCollection`1[System.String]";"System.Collections.Generic.List`1[System.Diagnostics.Eventing.Reader.EventProperty]"
"Iniciando cambios para el paquete KB2491683. El estado actual es Resuelto. El estado de destino es Instalado. Identificador de cliente: WindowsUpdateAgent.";"1";"0";;"0";"0";"0";"-9223372036854775808";"348";"Microsoft-Windows-Servicing";"bd12f3b8-fc40-4a61-a307-b7a013a069c1";"Setup";"1352";"2208";"SCTEST04.aitsoporte.local";"S-1-5-18";"09/12/2017 09:40:22 a.m.";;;"e:\sync\scripting\powershell\visoreventos\setup.evtx";"System.UInt32[]";"System.Diagnostics.Eventing.Reader.EventBookmark";"Informaci?n";"Informaci?n";;"System.Collections.ObjectModel.ReadOnlyCollection`1[System.String]";"System.Collections.Generic.List`1[System.Diagnostics.Eventing.Reader.EventProperty]"
"Se debe reiniciar para poder cambiar el paquete KB2654428 al estado Instalado.";"4";"0";;"0";"0";"0";"-9223372036854775808";"347";"Microsoft-Windows-Servicing";"bd12f3b8-fc40-4a61-a307-b7a013a069c1";"Setup";"1352";"2208";"SCTEST04.aitsoporte.local";"S-1-5-18";"09/12/2017 09:40:22 a.m.";;;"e:\sync\scripting\powershell\visoreventos\setup.evtx";"System.UInt32[]";"System.Diagnostics.Eventing.Reader.EventBookmark";"Informaci?n";"Informaci?n";;"System.Collections.ObjectModel.ReadOnlyCollection`1[System.String]";"System.Collections.Generic.List`1[System.Diagnostics.Eventing.Reader.EventProperty]"
"Iniciando cambios para el paquete KB2654428. El estado actual es Resuelto. El estado de destino es Instalado. Identificador de cliente: WindowsUpdateAgent.";"1";"0";;"0";"0";"0";"-9223372036854775808";"346";"Microsoft-Windows-Servicing";"bd12f3b8-fc40-4a61-a307-b7a013a069c1";"Setup";"1352";"2208";"SCTEST04.aitsoporte.local";"S-1-5-18";"09/12/2017 09:40:13 a.m.";;;"e:\sync\scripting\powershell\visoreventos\setup.evtx";"System.UInt32[]";"System.Diagnostics.Eventing.Reader.EventBookmark";"Informaci?n";"Informaci?n";;"System.Collections.ObjectModel.ReadOnlyCollection`1[System.String]";"System.Collections.Generic.List`1[System.Diagnostics.Eventing.Reader.EventProperty]"
"Se debe reiniciar para poder cambiar el paquete KB3004361 al estado Instalado.";"4";"0";;"0";"0";"0";"-9223372036854775808";"345";"Microsoft-Windows-Servicing";"bd12f3b8-fc40-4a61-a307-b7a013a069c1";"Setup";"1352";"2208";"SCTEST04.aitsoporte.local";"S-1-5-18";"09/12/2017 09:40:13 a.m.";;;"e:\sync\scripting\powershell\visoreventos\setup.evtx";"System.UInt32[]";"System.Diagnostics.Eventing.Reader.EventBookmark";"Informaci?n";"Informaci?n";;"System.Collections.ObjectModel.ReadOnlyCollection`1[System.String]";"System.Collections.Generic.List`1[System.Diagnostics.Eventing.Reader.EventProperty]"
"Iniciando cambios para el paquete KB3004361. El estado actual es Resuelto. El estado de destino es Instalado. Identificador de cliente: WindowsUpdateAgent.";"1";"0";;"0";"0";"0";"-9223372036854775808";"344";"Microsoft-Windows-Servicing";"bd12f3b8-fc40-4a61-a307-b7a013a069c1";"Setup";"1352";"2208";"SCTEST04.aitsoporte.local";"S-1-5-18";"09/12/2017 09:40:07 a.m.";;;"e:\sync\scripting\powershell\visoreventos\setup.evtx";"System.UInt32[]";"System.Diagnostics.Eventing.Reader.EventBookmark";"Informaci?n";"Informaci?n";;"System.Collections.ObjectModel.ReadOnlyCollection`1[System.String]";"System.Collections.Generic.List`1[System.Diagnostics.Eventing.Reader.EventProperty]"
"Se debe reiniciar para poder cambiar el paquete KB3108371 al estado Instalado.";"4";"0";;"0";"0";"0";"-9223372036854775808";"343";"Microsoft-Windows-Servicing";"bd12f3b8-fc40-4a61-a307-b7a013a069c1";"Setup";"1352";"2208";"SCTEST04.aitsoporte.local";"S-1-5-18";"09/12/2017 09:40:06 a.m.";;;"e:\sync\scripting\powershell\visoreventos\setup.evtx";"System.UInt32[]";"System.Diagnostics.Eventing.Reader.EventBookmark";"Informaci?n";"Informaci?n";;"System.Collections.ObjectModel.ReadOnlyCollection`1[System.String]";"System.Collections.Generic.List`1[System.Diagnostics.Eventing.Reader.EventProperty]"
"Iniciando cambios para el paquete KB3108371. El estado actual es Resuelto. El estado de destino es Instalado. Identificador de cliente: WindowsUpdateAgent.";"1";"0";;"0";"0";"0";"-9223372036854775808";"342";"Microsoft-Windows-Servicing";"bd12f3b8-fc40-4a61-a307-b7a013a069c1";"Setup";"1352";"2208";"SCTEST04.aitsoporte.local";"S-1-5-18";"09/12/2017 09:40:01 a.m.";;;"e:\sync\scripting\powershell\visoreventos\setup.evtx";"System.UInt32[]";"System.Diagnostics.Eventing.Reader.EventBookmark";"Informaci?n";"Informaci?n";;"System.Collections.ObjectModel.ReadOnlyCollection`1[System.String]";"System.Collections.Generic.List`1[System.Diagnostics.Eventing.Reader.EventProperty]"
"Se debe reiniciar para poder cambiar el paquete KB2813430 al estado Instalado.";"4";"0";;"0";"0";"0";"-9223372036854775808";"341";"Microsoft-Windows-Servicing";"bd12f3b8-fc40-4a61-a307-b7a013a069c1";"Setup";"1352";"2208";"SCTEST04.aitsoporte.local";"S-1-5-18";"09/12/2017 09:40:01 a.m.";;;"e:\sync\scripting\powershell\visoreventos\setup.evtx";"System.UInt32[]";"System.Diagnostics.Eventing.Reader.EventBookmark";"Informaci?n";"Informaci?n";;"System.Collections.ObjectModel.ReadOnlyCollection`1[System.String]";"System.Collections.Generic.List`1[System.Diagnostics.Eventing.Reader.EventProperty]"
"Iniciando cambios para el paquete KB2813430. El estado actual es Resuelto. El estado de destino es Instalado. Identificador de cliente: WindowsUpdateAgent.";"1";"0";;"0";"0";"0";"-9223372036854775808";"340";"Microsoft-Windows-Servicing";"bd12f3b8-fc40-4a61-a307-b7a013a069c1";"Setup";"1352";"2208";"SCTEST04.aitsoporte.local";"S-1-5-18";"09/12/2017 09:39:42 a.m.";;;"e:\sync\scripting\powershell\visoreventos\setup.evtx";"System.UInt32[]";"System.Diagnostics.Eventing.Reader.EventBookmark";"Informaci?n";"Informaci?n";;"System.Collections.ObjectModel.ReadOnlyCollection`1[System.String]";"System.Collections.Generic.List`1[System.Diagnostics.Eventing.Reader.EventProperty]"
"Se debe reiniciar para poder cambiar el paquete KB2892074 al estado Instalado.";"4";"0";;"0";"0";"0";"-9223372036854775808";"339";"Microsoft-Windows-Servicing";"bd12f3b8-fc40-4a61-a307-b7a013a069c1";"Setup";"1352";"2208";"SCTEST04.aitsoporte.local";"S-1-5-18";"09/12/2017 09:39:37 a.m.";;;"e:\sync\scripting\powershell\visoreventos\setup.evtx";"System.UInt32[]";"System.Diagnostics.Eventing.Reader.EventBookmark";"Informaci?n";"Informaci?n";;"System.Collections.ObjectModel.ReadOnlyCollection`1[System.String]";"System.Collections.Generic.List`1[System.Diagnostics.Eventing.Reader.EventProperty]"
"Iniciando cambios para el paquete KB2892074. El estado actual es Resuelto. El estado de destino es Instalado. Identificador de cliente: WindowsUpdateAgent.";"1";"0";;"0";"0";"0";"-9223372036854775808";"338";"Microsoft-Windows-Servicing";"bd12f3b8-fc40-4a61-a307-b7a013a069c1";"Setup";"1352";"2208";"SCTEST04.aitsoporte.local";"S-1-5-18";"09/12/2017 09:39:31 a.m.";;;"e:\sync\scripting\powershell\visoreventos\setup.evtx";"System.UInt32[]";"System.Diagnostics.Eventing.Reader.EventBookmark";"Informaci?n";"Informaci?n";;"System.Collections.ObjectModel.ReadOnlyCollection`1[System.String]";"System.Collections.Generic.List`1[System.Diagnostics.Eventing.Reader.EventProperty]"
"Se debe reiniciar para poder cambiar el paquete KB2973351 al estado Instalado.";"4";"0";;"0";"0";"0";"-9223372036854775808";"337";"Microsoft-Windows-Servicing";"bd12f3b8-fc40-4a61-a307-b7a013a069c1";"Setup";"1352";"2208";"SCTEST04.aitsoporte.local";"S-1-5-18";"09/12/2017 09:39:30 a.m.";;;"e:\sync\scripting\powershell\visoreventos\setup.evtx";"System.UInt32[]";"System.Diagnostics.Eventing.Reader.EventBookmark";"Informaci?n";"Informaci?n";;"System.Collections.ObjectModel.ReadOnlyCollection`1[System.String]";"System.Collections.Generic.List`1[System.Diagnostics.Eventing.Reader.EventProperty]"
"Iniciando cambios para el paquete KB2973351. El estado actual es Resuelto. El estado de destino es Instalado. Identificador de cliente: WindowsUpdateAgent.";"1";"0";;"0";"0";"0";"-9223372036854775808";"336";"Microsoft-Windows-Servicing";"bd12f3b8-fc40-4a61-a307-b7a013a069c1";"Setup";"1352";"2208";"SCTEST04.aitsoporte.local";"S-1-5-18";"09/12/2017 09:39:01 a.m.";;;"e:\sync\scripting\powershell\visoreventos\setup.evtx";"System.UInt32[]";"System.Diagnostics.Eventing.Reader.EventBookmark";"Informaci?n";"Informaci?n";;"System.Collections.ObjectModel.ReadOnlyCollection`1[System.String]";"System.Collections.Generic.List`1[System.Diagnostics.Eventing.Reader.EventProperty]"
"Se debe reiniciar para poder cambiar el paquete KB2564958 al estado Instalado.";"4";"0";;"0";"0";"0";"-9223372036854775808";"335";"Microsoft-Windows-Servicing";"bd12f3b8-fc40-4a61-a307-b7a013a069c1";"Setup";"1352";"2208";"SCTEST04.aitsoporte.local";"S-1-5-18";"09/12/2017 09:39:00 a.m.";;;"e:\sync\scripting\powershell\visoreventos\setup.evtx";"System.UInt32[]";"System.Diagnostics.Eventing.Reader.EventBookmark";"Informaci?n";"Informaci?n";;"System.Collections.ObjectModel.ReadOnlyCollection`1[System.String]";"System.Collections.Generic.List`1[System.Diagnostics.Eventing.Reader.EventProperty]"
"Iniciando cambios para el paquete KB2564958. El estado actual es Resuelto. El estado de destino es Instalado. Identificador de cliente: WindowsUpdateAgent.";"1";"0";;"0";"0";"0";"-9223372036854775808";"334";"Microsoft-Windows-Servicing";"bd12f3b8-fc40-4a61-a307-b7a013a069c1";"Setup";"1352";"2208";"SCTEST04.aitsoporte.local";"S-1-5-18";"09/12/2017 09:38:50 a.m.";;;"e:\sync\scripting\powershell\visoreventos\setup.evtx";"System.UInt32[]";"System.Diagnostics.Eventing.Reader.EventBookmark";"Informaci?n";"Informaci?n";;"System.Collections.ObjectModel.ReadOnlyCollection`1[System.String]";"System.Collections.Generic.List`1[System.Diagnostics.Eventing.Reader.EventProperty]"
"Se debe reiniciar para poder cambiar el paquete KB3045685 al estado Instalado.";"4";"0";;"0";"0";"0";"-9223372036854775808";"333";"Microsoft-Windows-Servicing";"bd12f3b8-fc40-4a61-a307-b7a013a069c1";"Setup";"1352";"2208";"SCTEST04.aitsoporte.local";"S-1-5-18";"09/12/2017 09:38:50 a.m.";;;"e:\sync\scripting\powershell\visoreventos\setup.evtx";"System.UInt32[]";"System.Diagnostics.Eventing.Reader.EventBookmark";"Informaci?n";"Informaci?n";;"System.Collections.ObjectModel.ReadOnlyCollection`1[System.String]";"System.Collections.Generic.List`1[System.Diagnostics.Eventing.Reader.EventProperty]"
"Iniciando cambios para el paquete KB3045685. El estado actual es Resuelto. El estado de destino es Instalado. Identificador de cliente: WindowsUpdateAgent.";"1";"0";;"0";"0";"0";"-9223372036854775808";"332";"Microsoft-Windows-Servicing";"bd12f3b8-fc40-4a61-a307-b7a013a069c1";"Setup";"1352";"2208";"SCTEST04.aitsoporte.local";"S-1-5-18";"09/12/2017 09:38:44 a.m.";;;"e:\sync\scripting\powershell\visoreventos\setup.evtx";"System.UInt32[]";"System.Diagnostics.Eventing.Reader.EventBookmark";"Informaci?n";"Informaci?n";;"System.Collections.ObjectModel.ReadOnlyCollection`1[System.String]";"System.Collections.Generic.List`1[System.Diagnostics.Eventing.Reader.EventProperty]"
"Se debe reiniciar para poder cambiar el paquete KB2836943 al estado Instalado.";"4";"0";;"0";"0";"0";"-9223372036854775808";"331";"Microsoft-Windows-Servicing";"bd12f3b8-fc40-4a61-a307-b7a013a069c1";"Setup";"1352";"2208";"SCTEST04.aitsoporte.local";"S-1-5-18";"09/12/2017 09:38:43 a.m.";;;"e:\sync\scripting\powershell\visoreventos\setup.evtx";"System.UInt32[]";"System.Diagnostics.Eventing.Reader.EventBookmark";"Informaci?n";"Informaci?n";;"System.Collections.ObjectModel.ReadOnlyCollection`1[System.String]";"System.Collections.Generic.List`1[System.Diagnostics.Eventing.Reader.EventProperty]"
"Iniciando cambios para el paquete KB2836943. El estado actual es Resuelto. El estado de destino es Instalado. Identificador de cliente: WindowsUpdateAgent.";"1";"0";;"0";"0";"0";"-9223372036854775808";"330";"Microsoft-Windows-Servicing";"bd12f3b8-fc40-4a61-a307-b7a013a069c1";"Setup";"1352";"2208";"SCTEST04.aitsoporte.local";"S-1-5-18";"09/12/2017 09:38:29 a.m.";;;"e:\sync\scripting\powershell\visoreventos\setup.evtx";"System.UInt32[]";"System.Diagnostics.Eventing.Reader.EventBookmark";"Informaci?n";"Informaci?n";;"System.Collections.ObjectModel.ReadOnlyCollection`1[System.String]";"System.Collections.Generic.List`1[System.Diagnostics.Eventing.Reader.EventProperty]"
"Se debe reiniciar para poder cambiar el paquete KB2698365 al estado Instalado.";"4";"0";;"0";"0";"0";"-9223372036854775808";"329";"Microsoft-Windows-Servicing";"bd12f3b8-fc40-4a61-a307-b7a013a069c1";"Setup";"1352";"2208";"SCTEST04.aitsoporte.local";"S-1-5-18";"09/12/2017 09:38:28 a.m.";;;"e:\sync\scripting\powershell\visoreventos\setup.evtx";"System.UInt32[]";"System.Diagnostics.Eventing.Reader.EventBookmark";"Informaci?n";"Informaci?n";;"System.Collections.ObjectModel.ReadOnlyCollection`1[System.String]";"System.Collections.Generic.List`1[System.Diagnostics.Eventing.Reader.EventProperty]"
"Iniciando cambios para el paquete KB2698365. El estado actual es Resuelto. El estado de destino es Instalado. Identificador de cliente: WindowsUpdateAgent.";"1";"0";;"0";"0";"0";"-9223372036854775808";"328";"Microsoft-Windows-Servicing";"bd12f3b8-fc40-4a61-a307-b7a013a069c1";"Setup";"1352";"2208";"SCTEST04.aitsoporte.local";"S-1-5-18";"09/12/2017 09:38:05 a.m.";;;"e:\sync\scripting\powershell\visoreventos\setup.evtx";"System.UInt32[]";"System.Diagnostics.Eventing.Reader.EventBookmark";"Informaci?n";"Informaci?n";;"System.Collections.ObjectModel.ReadOnlyCollection`1[System.String]";"System.Collections.Generic.List`1[System.Diagnostics.Eventing.Reader.EventProperty]"
"Se debe reiniciar para poder cambiar el paquete KB3004375 al estado Instalado.";"4";"0";;"0";"0";"0";"-9223372036854775808";"327";"Microsoft-Windows-Servicing";"bd12f3b8-fc40-4a61-a307-b7a013a069c1";"Setup";"1352";"2208";"SCTEST04.aitsoporte.local";"S-1-5-18";"09/12/2017 09:38:04 a.m.";;;"e:\sync\scripting\powershell\visoreventos\setup.evtx";"System.UInt32[]";"System.Diagnostics.Eventing.Reader.EventBookmark";"Informaci?n";"Informaci?n";;"System.Collections.ObjectModel.ReadOnlyCollection`1[System.String]";"System.Collections.Generic.List`1[System.Diagnostics.Eventing.Reader.EventProperty]"
"Iniciando cambios para el paquete KB3004375. El estado actual es Resuelto. El estado de destino es Instalado. Identificador de cliente: WindowsUpdateAgent.";"1";"0";;"0";"0";"0";"-9223372036854775808";"326";"Microsoft-Windows-Servicing";"bd12f3b8-fc40-4a61-a307-b7a013a069c1";"Setup";"1352";"2208";"SCTEST04.aitsoporte.local";"S-1-5-18";"09/12/2017 09:37:30 a.m.";;;"e:\sync\scripting\powershell\visoreventos\setup.evtx";"System.UInt32[]";"System.Diagnostics.Eventing.Reader.EventBookmark";"Informaci?n";"Informaci?n";;"System.Collections.ObjectModel.ReadOnlyCollection`1[System.String]";"System.Collections.Generic.List`1[System.Diagnostics.Eventing.Reader.EventProperty]"
"Se debe reiniciar para poder cambiar el paquete KB3031432 al estado Instalado.";"4";"0";;"0";"0";"0";"-9223372036854775808";"325";"Microsoft-Windows-Servicing";"bd12f3b8-fc40-4a61-a307-b7a013a069c1";"Setup";"1352";"2208";"SCTEST04.aitsoporte.local";"S-1-5-18";"09/12/2017 09:37:29 a.m.";;;"e:\sync\scripting\powershell\visoreventos\setup.evtx";"System.UInt32[]";"System.Diagnostics.Eventing.Reader.EventBookmark";"Informaci?n";"Informaci?n";;"System.Collections.ObjectModel.ReadOnlyCollection`1[System.String]";"System.Collections.Generic.List`1[System.Diagnostics.Eventing.Reader.EventProperty]"
"Iniciando cambios para el paquete KB3031432. El estado actual es Resuelto. El estado de destino es Instalado. Identificador de cliente: WindowsUpdateAgent.";"1";"0";;"0";"0";"0";"-9223372036854775808";"324";"Microsoft-Windows-Servicing";"bd12f3b8-fc40-4a61-a307-b7a013a069c1";"Setup";"1352";"2208";"SCTEST04.aitsoporte.local";"S-1-5-18";"09/12/2017 09:37:17 a.m.";;;"e:\sync\scripting\powershell\visoreventos\setup.evtx";"System.UInt32[]";"System.Diagnostics.Eventing.Reader.EventBookmark";"Informaci?n";"Informaci?n";;"System.Collections.ObjectModel.ReadOnlyCollection`1[System.String]";"System.Collections.Generic.List`1[System.Diagnostics.Eventing.Reader.EventProperty]"
"Se debe reiniciar para poder cambiar el paquete KB2736422 al estado Instalado.";"4";"0";;"0";"0";"0";"-9223372036854775808";"323";"Microsoft-Windows-Servicing";"bd12f3b8-fc40-4a61-a307-b7a013a069c1";"Setup";"1352";"2208";"SCTEST04.aitsoporte.local";"S-1-5-18";"09/12/2017 09:37:16 a.m.";;;"e:\sync\scripting\powershell\visoreventos\setup.evtx";"System.UInt32[]";"System.Diagnostics.Eventing.Reader.EventBookmark";"Informaci?n";"Informaci?n";;"System.Collections.ObjectModel.ReadOnlyCollection`1[System.String]";"System.Collections.Generic.List`1[System.Diagnostics.Eventing.Reader.EventProperty]"
"Iniciando cambios para el paquete KB2736422. El estado actual es Resuelto. El estado de destino es Instalado. Identificador de cliente: WindowsUpdateAgent.";"1";"0";;"0";"0";"0";"-9223372036854775808";"322";"Microsoft-Windows-Servicing";"bd12f3b8-fc40-4a61-a307-b7a013a069c1";"Setup";"1352";"2208";"SCTEST04.aitsoporte.local";"S-1-5-18";"09/12/2017 09:37:14 a.m.";;;"e:\sync\scripting\powershell\visoreventos\setup.evtx";"System.UInt32[]";"System.Diagnostics.Eventing.Reader.EventBookmark";"Informaci?n";"Informaci?n";;"System.Collections.ObjectModel.ReadOnlyCollection`1[System.String]";"System.Collections.Generic.List`1[System.Diagnostics.Eventing.Reader.EventProperty]"
"Se debe reiniciar para poder cambiar el paquete KB3156019 al estado Instalado.";"4";"0";;"0";"0";"0";"-9223372036854775808";"321";"Microsoft-Windows-Servicing";"bd12f3b8-fc40-4a61-a307-b7a013a069c1";"Setup";"1352";"2208";"SCTEST04.aitsoporte.local";"S-1-5-18";"09/12/2017 09:37:13 a.m.";;;"e:\sync\scripting\powershell\visoreventos\setup.evtx";"System.UInt32[]";"System.Diagnostics.Eventing.Reader.EventBookmark";"Informaci?n";"Informaci?n";;"System.Collections.ObjectModel.ReadOnlyCollection`1[System.String]";"System.Collections.Generic.List`1[System.Diagnostics.Eventing.Reader.EventProperty]"
"Iniciando cambios para el paquete KB3156019. El estado actual es Resuelto. El estado de destino es Instalado. Identificador de cliente: WindowsUpdateAgent.";"1";"0";;"0";"0";"0";"-9223372036854775808";"320";"Microsoft-Windows-Servicing";"bd12f3b8-fc40-4a61-a307-b7a013a069c1";"Setup";"1352";"2208";"SCTEST04.aitsoporte.local";"S-1-5-18";"09/12/2017 09:37:11 a.m.";;;"e:\sync\scripting\powershell\visoreventos\setup.evtx";"System.UInt32[]";"System.Diagnostics.Eventing.Reader.EventBookmark";"Informaci?n";"Informaci?n";;"System.Collections.ObjectModel.ReadOnlyCollection`1[System.String]";"System.Collections.Generic.List`1[System.Diagnostics.Eventing.Reader.EventProperty]"
"Se debe reiniciar para poder cambiar el paquete KB2862152 al estado Instalado.";"4";"0";;"0";"0";"0";"-9223372036854775808";"319";"Microsoft-Windows-Servicing";"bd12f3b8-fc40-4a61-a307-b7a013a069c1";"Setup";"1352";"2208";"SCTEST04.aitsoporte.local";"S-1-5-18";"09/12/2017 09:37:11 a.m.";;;"e:\sync\scripting\powershell\visoreventos\setup.evtx";"System.UInt32[]";"System.Diagnostics.Eventing.Reader.EventBookmark";"Informaci?n";"Informaci?n";;"System.Collections.ObjectModel.ReadOnlyCollection`1[System.String]";"System.Collections.Generic.List`1[System.Diagnostics.Eventing.Reader.EventProperty]"
"Iniciando cambios para el paquete KB2862152. El estado actual es Resuelto. El estado de destino es Instalado. Identificador de cliente: WindowsUpdateAgent.";"1";"0";;"0";"0";"0";"-9223372036854775808";"318";"Microsoft-Windows-Servicing";"bd12f3b8-fc40-4a61-a307-b7a013a069c1";"Setup";"1352";"2208";"SCTEST04.aitsoporte.local";"S-1-5-18";"09/12/2017 09:37:05 a.m.";;;"e:\sync\scripting\powershell\visoreventos\setup.evtx";"System.UInt32[]";"System.Diagnostics.Eventing.Reader.EventBookmark";"Informaci?n";"Informaci?n";;"System.Collections.ObjectModel.ReadOnlyCollection`1[System.String]";"System.Collections.Generic.List`1[System.Diagnostics.Eventing.Reader.EventProperty]"
"Se cambi? el paquete KB3035126 correctamente al estado Instalado.";"2";"0";;"0";"0";"0";"-9223372036854775808";"317";"Microsoft-Windows-Servicing";"bd12f3b8-fc40-4a61-a307-b7a013a069c1";"Setup";"1352";"2208";"SCTEST04.aitsoporte.local";"S-1-5-18";"09/12/2017 09:37:05 a.m.";;;"e:\sync\scripting\powershell\visoreventos\setup.evtx";"System.UInt32[]";"System.Diagnostics.Eventing.Reader.EventBookmark";"Informaci?n";"Informaci?n";;"System.Collections.ObjectModel.ReadOnlyCollection`1[System.String]";"System.Collections.Generic.List`1[System.Diagnostics.Eventing.Reader.EventProperty]"
"Iniciando cambios para el paquete KB3035126. El estado actual es Resuelto. El estado de destino es Instalado. Identificador de cliente: WindowsUpdateAgent.";"1";"0";;"0";"0";"0";"-9223372036854775808";"316";"Microsoft-Windows-Servicing";"bd12f3b8-fc40-4a61-a307-b7a013a069c1";"Setup";"1352";"2208";"SCTEST04.aitsoporte.local";"S-1-5-18";"09/12/2017 09:37:01 a.m.";;;"e:\sync\scripting\powershell\visoreventos\setup.evtx";"System.UInt32[]";"System.Diagnostics.Eventing.Reader.EventBookmark";"Informaci?n";"Informaci?n";;"System.Collections.ObjectModel.ReadOnlyCollection`1[System.String]";"System.Collections.Generic.List`1[System.Diagnostics.Eventing.Reader.EventProperty]"
"Se cambi? el paquete KB2943357 correctamente al estado Instalado.";"2";"0";;"0";"0";"0";"-9223372036854775808";"315";"Microsoft-Windows-Servicing";"bd12f3b8-fc40-4a61-a307-b7a013a069c1";"Setup";"1352";"2208";"SCTEST04.aitsoporte.local";"S-1-5-18";"09/12/2017 09:36:56 a.m.";;;"e:\sync\scripting\powershell\visoreventos\setup.evtx";"System.UInt32[]";"System.Diagnostics.Eventing.Reader.EventBookmark";"Informaci?n";"Informaci?n";;"System.Collections.ObjectModel.ReadOnlyCollection`1[System.String]";"System.Collections.Generic.List`1[System.Diagnostics.Eventing.Reader.EventProperty]"
"Iniciando cambios para el paquete KB2943357. El estado actual es Ausente. El estado de destino es Instalado. Identificador de cliente: WindowsUpdateAgent.";"1";"0";;"0";"0";"0";"-9223372036854775808";"314";"Microsoft-Windows-Servicing";"bd12f3b8-fc40-4a61-a307-b7a013a069c1";"Setup";"1352";"2208";"SCTEST04.aitsoporte.local";"S-1-5-18";"09/12/2017 09:34:59 a.m.";;;"e:\sync\scripting\powershell\visoreventos\setup.evtx";"System.UInt32[]";"System.Diagnostics.Eventing.Reader.EventBookmark";"Informaci?n";"Informaci?n";;"System.Collections.ObjectModel.ReadOnlyCollection`1[System.String]";"System.Collections.Generic.List`1[System.Diagnostics.Eventing.Reader.EventProperty]"
"Se cambi? el paquete KB3097989 correctamente al estado Instalado.";"2";"0";;"0";"0";"0";"-9223372036854775808";"313";"Microsoft-Windows-Servicing";"bd12f3b8-fc40-4a61-a307-b7a013a069c1";"Setup";"1352";"2208";"SCTEST04.aitsoporte.local";"S-1-5-18";"09/12/2017 09:34:57 a.m.";;;"e:\sync\scripting\powershell\visoreventos\setup.evtx";"System.UInt32[]";"System.Diagnostics.Eventing.Reader.EventBookmark";"Informaci?n";"Informaci?n";;"System.Collections.ObjectModel.ReadOnlyCollection`1[System.String]";"System.Collections.Generic.List`1[System.Diagnostics.Eventing.Reader.EventProperty]"
"Iniciando cambios para el paquete KB3097989. El estado actual es Ausente. El estado de destino es Instalado. Identificador de cliente: WindowsUpdateAgent.";"1";"0";;"0";"0";"0";"-9223372036854775808";"312";"Microsoft-Windows-Servicing";"bd12f3b8-fc40-4a61-a307-b7a013a069c1";"Setup";"1352";"2208";"SCTEST04.aitsoporte.local";"S-1-5-18";"09/12/2017 09:34:41 a.m.";;;"e:\sync\scripting\powershell\visoreventos\setup.evtx";"System.UInt32[]";"System.Diagnostics.Eventing.Reader.EventBookmark";"Informaci?n";"Informaci?n";;"System.Collections.ObjectModel.ReadOnlyCollection`1[System.String]";"System.Collections.Generic.List`1[System.Diagnostics.Eventing.Reader.EventProperty]"
"No se pudo cambiar el paquete KB3003743 al estado Almacenado provisionalmente. Estado: 0x800f0816.";"3";"0";;"0";"0";"0";"-9223372036854775808";"311";"Microsoft-Windows-Servicing";"bd12f3b8-fc40-4a61-a307-b7a013a069c1";"Setup";"1352";"2208";"SCTEST04.aitsoporte.local";"S-1-5-18";"09/12/2017 09:25:51 a.m.";;;"e:\sync\scripting\powershell\visoreventos\setup.evtx";"System.UInt32[]";"System.Diagnostics.Eventing.Reader.EventBookmark";"Informaci?n";"Informaci?n";;"System.Collections.ObjectModel.ReadOnlyCollection`1[System.String]";"System.Collections.Generic.List`1[System.Diagnostics.Eventing.Reader.EventProperty]"
"Iniciando cambios para el paquete KB3003743. El estado actual es Ausente. El estado de destino es Almacenado provisionalmente. Identificador de cliente: WindowsUpdateAgent.";"1";"0";;"0";"0";"0";"-9223372036854775808";"310";"Microsoft-Windows-Servicing";"bd12f3b8-fc40-4a61-a307-b7a013a069c1";"Setup";"1352";"2208";"SCTEST04.aitsoporte.local";"S-1-5-18";"09/12/2017 09:25:42 a.m.";;;"e:\sync\scripting\powershell\visoreventos\setup.evtx";"System.UInt32[]";"System.Diagnostics.Eventing.Reader.EventBookmark";"Informaci?n";"Informaci?n";;"System.Collections.ObjectModel.ReadOnlyCollection`1[System.String]";"System.Collections.Generic.List`1[System.Diagnostics.Eventing.Reader.EventProperty]"
"No se pudo cambiar el paquete KB3075220 al estado Almacenado provisionalmente. Estado: 0x800f0816.";"3";"0";;"0";"0";"0";"-9223372036854775808";"309";"Microsoft-Windows-Servicing";"bd12f3b8-fc40-4a61-a307-b7a013a069c1";"Setup";"1352";"2208";"SCTEST04.aitsoporte.local";"S-1-5-18";"09/12/2017 09:24:28 a.m.";;;"e:\sync\scripting\powershell\visoreventos\setup.evtx";"System.UInt32[]";"System.Diagnostics.Eventing.Reader.EventBookmark";"Informaci?n";"Informaci?n";;"System.Collections.ObjectModel.ReadOnlyCollection`1[System.String]";"System.Collections.Generic.List`1[System.Diagnostics.Eventing.Reader.EventProperty]"
"Iniciando cambios para el paquete KB3075220. El estado actual es Ausente. El estado de destino es Almacenado provisionalmente. Identificador de cliente: WindowsUpdateAgent.";"1";"0";;"0";"0";"0";"-9223372036854775808";"308";"Microsoft-Windows-Servicing";"bd12f3b8-fc40-4a61-a307-b7a013a069c1";"Setup";"1352";"2208";"SCTEST04.aitsoporte.local";"S-1-5-18";"09/12/2017 09:24:25 a.m.";;;"e:\sync\scripting\powershell\visoreventos\setup.evtx";"System.UInt32[]";"System.Diagnostics.Eventing.Reader.EventBookmark";"Informaci?n";"Informaci?n";;"System.Collections.ObjectModel.ReadOnlyCollection`1[System.String]";"System.Collections.Generic.List`1[System.Diagnostics.Eventing.Reader.EventProperty]"
"No se pudo cambiar el paquete KB3139398 al estado Almacenado provisionalmente. Estado: 0x800f0816.";"3";"0";;"0";"0";"0";"-9223372036854775808";"307";"Microsoft-Windows-Servicing";"bd12f3b8-fc40-4a61-a307-b7a013a069c1";"Setup";"1352";"2208";"SCTEST04.aitsoporte.local";"S-1-5-18";"09/12/2017 09:24:12 a.m.";;;"e:\sync\scripting\powershell\visoreventos\setup.evtx";"System.UInt32[]";"System.Diagnostics.Eventing.Reader.EventBookmark";"Informaci?n";"Informaci?n";;"System.Collections.ObjectModel.ReadOnlyCollection`1[System.String]";"System.Collections.Generic.List`1[System.Diagnostics.Eventing.Reader.EventProperty]"
"Iniciando cambios para el paquete KB3139398. El estado actual es Ausente. El estado de destino es Almacenado provisionalmente. Identificador de cliente: WindowsUpdateAgent.";"1";"0";;"0";"0";"0";"-9223372036854775808";"306";"Microsoft-Windows-Servicing";"bd12f3b8-fc40-4a61-a307-b7a013a069c1";"Setup";"1352";"2208";"SCTEST04.aitsoporte.local";"S-1-5-18";"09/12/2017 09:24:12 a.m.";;;"e:\sync\scripting\powershell\visoreventos\setup.evtx";"System.UInt32[]";"System.Diagnostics.Eventing.Reader.EventBookmark";"Informaci?n";"Informaci?n";;"System.Collections.ObjectModel.ReadOnlyCollection`1[System.String]";"System.Collections.Generic.List`1[System.Diagnostics.Eventing.Reader.EventProperty]"
"No se pudo cambiar el paquete KB4048957 al estado Almacenado provisionalmente. Estado: 0x800f0816.";"3";"0";;"0";"0";"0";"-9223372036854775808";"305";"Microsoft-Windows-Servicing";"bd12f3b8-fc40-4a61-a307-b7a013a069c1";"Setup";"1352";"2208";"SCTEST04.aitsoporte.local";"S-1-5-18";"09/12/2017 09:23:19 a.m.";;;"e:\sync\scripting\powershell\visoreventos\setup.evtx";"System.UInt32[]";"System.Diagnostics.Eventing.Reader.EventBookmark";"Informaci?n";"Informaci?n";;"System.Collections.ObjectModel.ReadOnlyCollection`1[System.String]";"System.Collections.Generic.List`1[System.Diagnostics.Eventing.Reader.EventProperty]"
"Iniciando cambios para el paquete KB4048957. El estado actual es Ausente. El estado de destino es Almacenado provisionalmente. Identificador de cliente: WindowsUpdateAgent.";"1";"0";;"0";"0";"0";"-9223372036854775808";"304";"Microsoft-Windows-Servicing";"bd12f3b8-fc40-4a61-a307-b7a013a069c1";"Setup";"1352";"2208";"SCTEST04.aitsoporte.local";"S-1-5-18";"09/12/2017 09:21:52 a.m.";;;"e:\sync\scripting\powershell\visoreventos\setup.evtx";"System.UInt32[]";"System.Diagnostics.Eventing.Reader.EventBookmark";"Informaci?n";"Informaci?n";;"System.Collections.ObjectModel.ReadOnlyCollection`1[System.String]";"System.Collections.Generic.List`1[System.Diagnostics.Eventing.Reader.EventProperty]"
"No se pudo cambiar el paquete KB2861698 al estado Almacenado provisionalmente. Estado: 0x800f0816.";"3";"0";;"0";"0";"0";"-9223372036854775808";"303";"Microsoft-Windows-Servicing";"bd12f3b8-fc40-4a61-a307-b7a013a069c1";"Setup";"1352";"2208";"SCTEST04.aitsoporte.local";"S-1-5-18";"09/12/2017 09:21:37 a.m.";;;"e:\sync\scripting\powershell\visoreventos\setup.evtx";"System.UInt32[]";"System.Diagnostics.Eventing.Reader.EventBookmark";"Informaci?n";"Informaci?n";;"System.Collections.ObjectModel.ReadOnlyCollection`1[System.String]";"System.Collections.Generic.List`1[System.Diagnostics.Eventing.Reader.EventProperty]"
"Iniciando cambios para el paquete KB2861698. El estado actual es Ausente. El estado de destino es Almacenado provisionalmente. Identificador de cliente: WindowsUpdateAgent.";"1";"0";;"0";"0";"0";"-9223372036854775808";"302";"Microsoft-Windows-Servicing";"bd12f3b8-fc40-4a61-a307-b7a013a069c1";"Setup";"1352";"2208";"SCTEST04.aitsoporte.local";"S-1-5-18";"09/12/2017 09:21:34 a.m.";;;"e:\sync\scripting\powershell\visoreventos\setup.evtx";"System.UInt32[]";"System.Diagnostics.Eventing.Reader.EventBookmark";"Informaci?n";"Informaci?n";;"System.Collections.ObjectModel.ReadOnlyCollection`1[System.String]";"System.Collections.Generic.List`1[System.Diagnostics.Eventing.Reader.EventProperty]"
"No se pudo cambiar el paquete KB2758857 al estado Almacenado provisionalmente. Estado: 0x800f0816.";"3";"0";;"0";"0";"0";"-9223372036854775808";"301";"Microsoft-Windows-Servicing";"bd12f3b8-fc40-4a61-a307-b7a013a069c1";"Setup";"1352";"2208";"SCTEST04.aitsoporte.local";"S-1-5-18";"09/12/2017 09:20:41 a.m.";;;"e:\sync\scripting\powershell\visoreventos\setup.evtx";"System.UInt32[]";"System.Diagnostics.Eventing.Reader.EventBookmark";"Informaci?n";"Informaci?n";;"System.Collections.ObjectModel.ReadOnlyCollection`1[System.String]";"System.Collections.Generic.List`1[System.Diagnostics.Eventing.Reader.EventProperty]"
"Iniciando cambios para el paquete KB2758857. El estado actual es Ausente. El estado de destino es Almacenado provisionalmente. Identificador de cliente: WindowsUpdateAgent.";"1";"0";;"0";"0";"0";"-9223372036854775808";"300";"Microsoft-Windows-Servicing";"bd12f3b8-fc40-4a61-a307-b7a013a069c1";"Setup";"1352";"2208";"SCTEST04.aitsoporte.local";"S-1-5-18";"09/12/2017 09:20:29 a.m.";;;"e:\sync\scripting\powershell\visoreventos\setup.evtx";"System.UInt32[]";"System.Diagnostics.Eventing.Reader.EventBookmark";"Informaci?n";"Informaci?n";;"System.Collections.ObjectModel.ReadOnlyCollection`1[System.String]";"System.Collections.Generic.List`1[System.Diagnostics.Eventing.Reader.EventProperty]"
"No se pudo cambiar el paquete KB2973112 al estado Almacenado provisionalmente. Estado: 0x800f0816.";"3";"0";;"0";"0";"0";"-9223372036854775808";"299";"Microsoft-Windows-Servicing";"bd12f3b8-fc40-4a61-a307-b7a013a069c1";"Setup";"1352";"2208";"SCTEST04.aitsoporte.local";"S-1-5-18";"09/12/2017 09:20:22 a.m.";;;"e:\sync\scripting\powershell\visoreventos\setup.evtx";"System.UInt32[]";"System.Diagnostics.Eventing.Reader.EventBookmark";"Informaci?n";"Informaci?n";;"System.Collections.ObjectModel.ReadOnlyCollection`1[System.String]";"System.Collections.Generic.List`1[System.Diagnostics.Eventing.Reader.EventProperty]"
"Iniciando cambios para el paquete KB2973112. El estado actual es Ausente. El estado de destino es Almacenado provisionalmente. Identificador de cliente: WindowsUpdateAgent.";"1";"0";;"0";"0";"0";"-9223372036854775808";"298";"Microsoft-Windows-Servicing";"bd12f3b8-fc40-4a61-a307-b7a013a069c1";"Setup";"1352";"2208";"SCTEST04.aitsoporte.local";"S-1-5-18";"09/12/2017 09:20:10 a.m.";;;"e:\sync\scripting\powershell\visoreventos\setup.evtx";"System.UInt32[]";"System.Diagnostics.Eventing.Reader.EventBookmark";"Informaci?n";"Informaci?n";;"System.Collections.ObjectModel.ReadOnlyCollection`1[System.String]";"System.Collections.Generic.List`1[System.Diagnostics.Eventing.Reader.EventProperty]"
"No se pudo cambiar el paquete KB2789645 al estado Almacenado provisionalmente. Estado: 0x800f0816.";"3";"0";;"0";"0";"0";"-9223372036854775808";"297";"Microsoft-Windows-Servicing";"bd12f3b8-fc40-4a61-a307-b7a013a069c1";"Setup";"1352";"2208";"SCTEST04.aitsoporte.local";"S-1-5-18";"09/12/2017 09:20:07 a.m.";;;"e:\sync\scripting\powershell\visoreventos\setup.evtx";"System.UInt32[]";"System.Diagnostics.Eventing.Reader.EventBookmark";"Informaci?n";"Informaci?n";;"System.Collections.ObjectModel.ReadOnlyCollection`1[System.String]";"System.Collections.Generic.List`1[System.Diagnostics.Eventing.Reader.EventProperty]"
"Iniciando cambios para el paquete KB2789645. El estado actual es Ausente. El estado de destino es Almacenado provisionalmente. Identificador de cliente: WindowsUpdateAgent.";"1";"0";;"0";"0";"0";"-9223372036854775808";"296";"Microsoft-Windows-Servicing";"bd12f3b8-fc40-4a61-a307-b7a013a069c1";"Setup";"1352";"2208";"SCTEST04.aitsoporte.local";"S-1-5-18";"09/12/2017 09:20:05 a.m.";;;"e:\sync\scripting\powershell\visoreventos\setup.evtx";"System.UInt32[]";"System.Diagnostics.Eventing.Reader.EventBookmark";"Informaci?n";"Informaci?n";;"System.Collections.ObjectModel.ReadOnlyCollection`1[System.String]";"System.Collections.Generic.List`1[System.Diagnostics.Eventing.Reader.EventProperty]"
"No se pudo cambiar el paquete KB2992611 al estado Almacenado provisionalmente. Estado: 0x800f0816.";"3";"0";;"0";"0";"0";"-9223372036854775808";"295";"Microsoft-Windows-Servicing";"bd12f3b8-fc40-4a61-a307-b7a013a069c1";"Setup";"1352";"2208";"SCTEST04.aitsoporte.local";"S-1-5-18";"09/12/2017 09:20:03 a.m.";;;"e:\sync\scripting\powershell\visoreventos\setup.evtx";"System.UInt32[]";"System.Diagnostics.Eventing.Reader.EventBookmark";"Informaci?n";"Informaci?n";;"System.Collections.ObjectModel.ReadOnlyCollection`1[System.String]";"System.Collections.Generic.List`1[System.Diagnostics.Eventing.Reader.EventProperty]"
"Iniciando cambios para el paquete KB2992611. El estado actual es Ausente. El estado de destino es Almacenado provisionalmente. Identificador de cliente: WindowsUpdateAgent.";"1";"0";;"0";"0";"0";"-9223372036854775808";"294";"Microsoft-Windows-Servicing";"bd12f3b8-fc40-4a61-a307-b7a013a069c1";"Setup";"1352";"2208";"SCTEST04.aitsoporte.local";"S-1-5-18";"09/12/2017 09:19:55 a.m.";;;"e:\sync\scripting\powershell\visoreventos\setup.evtx";"System.UInt32[]";"System.Diagnostics.Eventing.Reader.EventBookmark";"Informaci?n";"Informaci?n";;"System.Collections.ObjectModel.ReadOnlyCollection`1[System.String]";"System.Collections.Generic.List`1[System.Diagnostics.Eventing.Reader.EventProperty]"
"No se pudo cambiar el paquete KB3035132 al estado Almacenado provisionalmente. Estado: 0x800f0816.";"3";"0";;"0";"0";"0";"-9223372036854775808";"293";"Microsoft-Windows-Servicing";"bd12f3b8-fc40-4a61-a307-b7a013a069c1";"Setup";"1352";"2208";"SCTEST04.aitsoporte.local";"S-1-5-18";"09/12/2017 09:19:53 a.m.";;;"e:\sync\scripting\powershell\visoreventos\setup.evtx";"System.UInt32[]";"System.Diagnostics.Eventing.Reader.EventBookmark";"Informaci?n";"Informaci?n";;"System.Collections.ObjectModel.ReadOnlyCollection`1[System.String]";"System.Collections.Generic.List`1[System.Diagnostics.Eventing.Reader.EventProperty]"
"Iniciando cambios para el paquete KB3035132. El estado actual es Ausente. El estado de destino es Almacenado provisionalmente. Identificador de cliente: WindowsUpdateAgent.";"1";"0";;"0";"0";"0";"-9223372036854775808";"292";"Microsoft-Windows-Servicing";"bd12f3b8-fc40-4a61-a307-b7a013a069c1";"Setup";"1352";"2208";"SCTEST04.aitsoporte.local";"S-1-5-18";"09/12/2017 09:19:52 a.m.";;;"e:\sync\scripting\powershell\visoreventos\setup.evtx";"System.UInt32[]";"System.Diagnostics.Eventing.Reader.EventBookmark";"Informaci?n";"Informaci?n";;"System.Collections.ObjectModel.ReadOnlyCollection`1[System.String]";"System.Collections.Generic.List`1[System.Diagnostics.Eventing.Reader.EventProperty]"
"No se pudo cambiar el paquete KB2984972 al estado Almacenado provisionalmente. Estado: 0x800f0816.";"3";"0";;"0";"0";"0";"-9223372036854775808";"291";"Microsoft-Windows-Servicing";"bd12f3b8-fc40-4a61-a307-b7a013a069c1";"Setup";"1352";"2208";"SCTEST04.aitsoporte.local";"S-1-5-18";"09/12/2017 09:19:49 a.m.";;;"e:\sync\scripting\powershell\visoreventos\setup.evtx";"System.UInt32[]";"System.Diagnostics.Eventing.Reader.EventBookmark";"Informaci?n";"Informaci?n";;"System.Collections.ObjectModel.ReadOnlyCollection`1[System.String]";"System.Collections.Generic.List`1[System.Diagnostics.Eventing.Reader.EventProperty]"
"Iniciando cambios para el paquete KB2984972. El estado actual es Ausente. El estado de destino es Almacenado provisionalmente. Identificador de cliente: WindowsUpdateAgent.";"1";"0";;"0";"0";"0";"-9223372036854775808";"290";"Microsoft-Windows-Servicing";"bd12f3b8-fc40-4a61-a307-b7a013a069c1";"Setup";"1352";"2208";"SCTEST04.aitsoporte.local";"S-1-5-18";"09/12/2017 09:19:34 a.m.";;;"e:\sync\scripting\powershell\visoreventos\setup.evtx";"System.UInt32[]";"System.Diagnostics.Eventing.Reader.EventBookmark";"Informaci?n";"Informaci?n";;"System.Collections.ObjectModel.ReadOnlyCollection`1[System.String]";"System.Collections.Generic.List`1[System.Diagnostics.Eventing.Reader.EventProperty]"
"No se pudo cambiar el paquete KB3071756 al estado Almacenado provisionalmente. Estado: 0x800f0816.";"3";"0";;"0";"0";"0";"-9223372036854775808";"289";"Microsoft-Windows-Servicing";"bd12f3b8-fc40-4a61-a307-b7a013a069c1";"Setup";"1352";"2208";"SCTEST04.aitsoporte.local";"S-1-5-18";"09/12/2017 09:19:19 a.m.";;;"e:\sync\scripting\powershell\visoreventos\setup.evtx";"System.UInt32[]";"System.Diagnostics.Eventing.Reader.EventBookmark";"Informaci?n";"Informaci?n";;"System.Collections.ObjectModel.ReadOnlyCollection`1[System.String]";"System.Collections.Generic.List`1[System.Diagnostics.Eventing.Reader.EventProperty]"
"Iniciando cambios para el paquete KB3071756. El estado actual es Ausente. El estado de destino es Almacenado provisionalmente. Identificador de cliente: WindowsUpdateAgent.";"1";"0";;"0";"0";"0";"-9223372036854775808";"288";"Microsoft-Windows-Servicing";"bd12f3b8-fc40-4a61-a307-b7a013a069c1";"Setup";"1352";"2208";"SCTEST04.aitsoporte.local";"S-1-5-18";"09/12/2017 09:18:56 a.m.";;;"e:\sync\scripting\powershell\visoreventos\setup.evtx";"System.UInt32[]";"System.Diagnostics.Eventing.Reader.EventBookmark";"Informaci?n";"Informaci?n";;"System.Collections.ObjectModel.ReadOnlyCollection`1[System.String]";"System.Collections.Generic.List`1[System.Diagnostics.Eventing.Reader.EventProperty]"
"No se pudo cambiar el paquete KB3060716 al estado Almacenado provisionalmente. Estado: 0x800f0816.";"3";"0";;"0";"0";"0";"-9223372036854775808";"287";"Microsoft-Windows-Servicing";"bd12f3b8-fc40-4a61-a307-b7a013a069c1";"Setup";"1352";"2208";"SCTEST04.aitsoporte.local";"S-1-5-18";"09/12/2017 09:18:41 a.m.";;;"e:\sync\scripting\powershell\visoreventos\setup.evtx";"System.UInt32[]";"System.Diagnostics.Eventing.Reader.EventBookmark";"Informaci?n";"Informaci?n";;"System.Collections.ObjectModel.ReadOnlyCollection`1[System.String]";"System.Collections.Generic.List`1[System.Diagnostics.Eventing.Reader.EventProperty]"
"Iniciando cambios para el paquete KB3060716. El estado actual es Ausente. El estado de destino es Almacenado provisionalmente. Identificador de cliente: WindowsUpdateAgent.";"1";"0";;"0";"0";"0";"-9223372036854775808";"286";"Microsoft-Windows-Servicing";"bd12f3b8-fc40-4a61-a307-b7a013a069c1";"Setup";"1352";"2208";"SCTEST04.aitsoporte.local";"S-1-5-18";"09/12/2017 09:18:21 a.m.";;;"e:\sync\scripting\powershell\visoreventos\setup.evtx";"System.UInt32[]";"System.Diagnostics.Eventing.Reader.EventBookmark";"Informaci?n";"Informaci?n";;"System.Collections.ObjectModel.ReadOnlyCollection`1[System.String]";"System.Collections.Generic.List`1[System.Diagnostics.Eventing.Reader.EventProperty]"
"No se pudo cambiar el paquete KB3139914 al estado Almacenado provisionalmente. Estado: 0x800f0816.";"3";"0";;"0";"0";"0";"-9223372036854775808";"285";"Microsoft-Windows-Servicing";"bd12f3b8-fc40-4a61-a307-b7a013a069c1";"Setup";"1352";"2208";"SCTEST04.aitsoporte.local";"S-1-5-18";"09/12/2017 09:18:16 a.m.";;;"e:\sync\scripting\powershell\visoreventos\setup.evtx";"System.UInt32[]";"System.Diagnostics.Eventing.Reader.EventBookmark";"Informaci?n";"Informaci?n";;"System.Collections.ObjectModel.ReadOnlyCollection`1[System.String]";"System.Collections.Generic.List`1[System.Diagnostics.Eventing.Reader.EventProperty]"
"Iniciando cambios para el paquete KB3139914. El estado actual es Ausente. El estado de destino es Almacenado provisionalmente. Identificador de cliente: WindowsUpdateAgent.";"1";"0";;"0";"0";"0";"-9223372036854775808";"284";"Microsoft-Windows-Servicing";"bd12f3b8-fc40-4a61-a307-b7a013a069c1";"Setup";"1352";"2208";"SCTEST04.aitsoporte.local";"S-1-5-18";"09/12/2017 09:18:16 a.m.";;;"e:\sync\scripting\powershell\visoreventos\setup.evtx";"System.UInt32[]";"System.Diagnostics.Eventing.Reader.EventBookmark";"Informaci?n";"Informaci?n";;"System.Collections.ObjectModel.ReadOnlyCollection`1[System.String]";"System.Collections.Generic.List`1[System.Diagnostics.Eventing.Reader.EventProperty]"
"No se pudo cambiar el paquete KB3126587 al estado Almacenado provisionalmente. Estado: 0x800f0816.";"3";"0";;"0";"0";"0";"-9223372036854775808";"283";"Microsoft-Windows-Servicing";"bd12f3b8-fc40-4a61-a307-b7a013a069c1";"Setup";"1352";"2208";"SCTEST04.aitsoporte.local";"S-1-5-18";"09/12/2017 09:17:54 a.m.";;;"e:\sync\scripting\powershell\visoreventos\setup.evtx";"System.UInt32[]";"System.Diagnostics.Eventing.Reader.EventBookmark";"Informaci?n";"Informaci?n";;"System.Collections.ObjectModel.ReadOnlyCollection`1[System.String]";"System.Collections.Generic.List`1[System.Diagnostics.Eventing.Reader.EventProperty]"
"Iniciando cambios para el paquete KB3126587. El estado actual es Ausente. El estado de destino es Almacenado provisionalmente. Identificador de cliente: WindowsUpdateAgent.";"1";"0";;"0";"0";"0";"-9223372036854775808";"282";"Microsoft-Windows-Servicing";"bd12f3b8-fc40-4a61-a307-b7a013a069c1";"Setup";"1352";"2208";"SCTEST04.aitsoporte.local";"S-1-5-18";"09/12/2017 09:17:21 a.m.";;;"e:\sync\scripting\powershell\visoreventos\setup.evtx";"System.UInt32[]";"System.Diagnostics.Eventing.Reader.EventBookmark";"Informaci?n";"Informaci?n";;"System.Collections.ObjectModel.ReadOnlyCollection`1[System.String]";"System.Collections.Generic.List`1[System.Diagnostics.Eventing.Reader.EventProperty]"
"No se pudo cambiar el paquete KB2604115 al estado Almacenado provisionalmente. Estado: 0x800f0816.";"3";"0";;"0";"0";"0";"-9223372036854775808";"281";"Microsoft-Windows-Servicing";"bd12f3b8-fc40-4a61-a307-b7a013a069c1";"Setup";"1352";"2208";"SCTEST04.aitsoporte.local";"S-1-5-18";"09/12/2017 09:17:11 a.m.";;;"e:\sync\scripting\powershell\visoreventos\setup.evtx";"System.UInt32[]";"System.Diagnostics.Eventing.Reader.EventBookmark";"Informaci?n";"Informaci?n";;"System.Collections.ObjectModel.ReadOnlyCollection`1[System.String]";"System.Collections.Generic.List`1[System.Diagnostics.Eventing.Reader.EventProperty]"
"Iniciando cambios para el paquete KB2604115. El estado actual es Ausente. El estado de destino es Almacenado provisionalmente. Identificador de cliente: WindowsUpdateAgent.";"1";"0";;"0";"0";"0";"-9223372036854775808";"280";"Microsoft-Windows-Servicing";"bd12f3b8-fc40-4a61-a307-b7a013a069c1";"Setup";"1352";"2208";"SCTEST04.aitsoporte.local";"S-1-5-18";"09/12/2017 09:17:04 a.m.";;;"e:\sync\scripting\powershell\visoreventos\setup.evtx";"System.UInt32[]";"System.Diagnostics.Eventing.Reader.EventBookmark";"Informaci?n";"Informaci?n";;"System.Collections.ObjectModel.ReadOnlyCollection`1[System.String]";"System.Collections.Generic.List`1[System.Diagnostics.Eventing.Reader.EventProperty]"
"No se pudo cambiar el paquete KB3000483 al estado Almacenado provisionalmente. Estado: 0x800f0816.";"3";"0";;"0";"0";"0";"-9223372036854775808";"279";"Microsoft-Windows-Servicing";"bd12f3b8-fc40-4a61-a307-b7a013a069c1";"Setup";"1352";"2208";"SCTEST04.aitsoporte.local";"S-1-5-18";"09/12/2017 09:16:59 a.m.";;;"e:\sync\scripting\powershell\visoreventos\setup.evtx";"System.UInt32[]";"System.Diagnostics.Eventing.Reader.EventBookmark";"Informaci?n";"Informaci?n";;"System.Collections.ObjectModel.ReadOnlyCollection`1[System.String]";"System.Collections.Generic.List`1[System.Diagnostics.Eventing.Reader.EventProperty]"
