"Iniciando cambios para el paquete KB3138910. El estado actual es Ausente. El estado de destino es Almacenado provisionalmente. Identificador de cliente: WindowsUpdateAgent.";"1";"0";;"0";"0";"0";"-9223372036854775808";"126";"Microsoft-Windows-Servicing";"bd12f3b8-fc40-4a61-a307-b7a013a069c1";"Setup";"1352";"2208";"SCTEST04.aitsoporte.local";"S-1-5-18";"09/12/2017 09:09:16 a.m.";;;"e:\sync\scripting\powershell\visoreventos\setup.evtx";"System.UInt32[]";"System.Diagnostics.Eventing.Reader.EventBookmark";"Informaci?n";"Informaci?n";;"System.Collections.ObjectModel.ReadOnlyCollection`1[System.String]";"System.Collections.Generic.List`1[System.Diagnostics.Eventing.Reader.EventProperty]"
"No se pudo cambiar el paquete KB2621440 al estado Almacenado provisionalmente. Estado: 0x800f0816.";"3";"0";;"0";"0";"0";"-9223372036854775808";"125";"Microsoft-Windows-Servicing";"bd12f3b8-fc40-4a61-a307-b7a013a069c1";"Setup";"1352";"2208";"SCTEST04.aitsoporte.local";"S-1-5-18";"09/12/2017 09:08:53 a.m.";;;"e:\sync\scripting\powershell\visoreventos\setup.evtx";"System.UInt32[]";"System.Diagnostics.Eventing.Reader.EventBookmark";"Informaci?n";"Informaci?n";;"System.Collections.ObjectModel.ReadOnlyCollection`1[System.String]";"System.Collections.Generic.List`1[System.Diagnostics.Eventing.Reader.EventProperty]"
"Iniciando cambios para el paquete KB2621440. El estado actual es Ausente. El estado de destino es Almacenado provisionalmente. Identificador de cliente: WindowsUpdateAgent.";"1";"0";;"0";"0";"0";"-9223372036854775808";"124";"Microsoft-Windows-Servicing";"bd12f3b8-fc40-4a61-a307-b7a013a069c1";"Setup";"1352";"2208";"SCTEST04.aitsoporte.local";"S-1-5-18";"09/12/2017 09:08:51 a.m.";;;"e:\sync\scripting\powershell\visoreventos\setup.evtx";"System.UInt32[]";"System.Diagnostics.Eventing.Reader.EventBookmark";"Informaci?n";"Informaci?n";;"System.Collections.ObjectModel.ReadOnlyCollection`1[System.String]";"System.Collections.Generic.List`1[System.Diagnostics.Eventing.Reader.EventProperty]"
"No se pudo cambiar el paquete KB3108371 al estado Almacenado provisionalmente. Estado: 0x800f0816.";"3";"0";;"0";"0";"0";"-9223372036854775808";"123";"Microsoft-Windows-Servicing";"bd12f3b8-fc40-4a61-a307-b7a013a069c1";"Setup";"1352";"2208";"SCTEST04.aitsoporte.local";"S-1-5-18";"09/12/2017 09:08:50 a.m.";;;"e:\sync\scripting\powershell\visoreventos\setup.evtx";"System.UInt32[]";"System.Diagnostics.Eventing.Reader.EventBookmark";"Informaci?n";"Informaci?n";;"System.Collections.ObjectModel.ReadOnlyCollection`1[System.String]";"System.Collections.Generic.List`1[System.Diagnostics.Eventing.Reader.EventProperty]"
"Iniciando cambios para el paquete KB3108371. El estado actual es Ausente. El estado de destino es Almacenado provisionalmente. Identificador de cliente: WindowsUpdateAgent.";"1";"0";;"0";"0";"0";"-9223372036854775808";"122";"Microsoft-Windows-Servicing";"bd12f3b8-fc40-4a61-a307-b7a013a069c1";"Setup";"1352";"2208";"SCTEST04.aitsoporte.local";"S-1-5-18";"09/12/2017 09:08:50 a.m.";;;"e:\sync\scripting\powershell\visoreventos\setup.evtx";"System.UInt32[]";"System.Diagnostics.Eventing.Reader.EventBookmark";"Informaci?n";"Informaci?n";;"System.Collections.ObjectModel.ReadOnlyCollection`1[System.String]";"System.Collections.Generic.List`1[System.Diagnostics.Eventing.Reader.EventProperty]"
"No se pudo cambiar el paquete KB2698365 al estado Almacenado provisionalmente. Estado: 0x800f0816.";"3";"0";;"0";"0";"0";"-9223372036854775808";"121";"Microsoft-Windows-Servicing";"bd12f3b8-fc40-4a61-a307-b7a013a069c1";"Setup";"1352";"2208";"SCTEST04.aitsoporte.local";"S-1-5-18";"09/12/2017 09:08:47 a.m.";;;"e:\sync\scripting\powershell\visoreventos\setup.evtx";"System.UInt32[]";"System.Diagnostics.Eventing.Reader.EventBookmark";"Informaci?n";"Informaci?n";;"System.Collections.ObjectModel.ReadOnlyCollection`1[System.String]";"System.Collections.Generic.List`1[System.Diagnostics.Eventing.Reader.EventProperty]"
"Iniciando cambios para el paquete KB2698365. El estado actual es Ausente. El estado de destino es Almacenado provisionalmente. Identificador de cliente: WindowsUpdateAgent.";"1";"0";;"0";"0";"0";"-9223372036854775808";"120";"Microsoft-Windows-Servicing";"bd12f3b8-fc40-4a61-a307-b7a013a069c1";"Setup";"1352";"2208";"SCTEST04.aitsoporte.local";"S-1-5-18";"09/12/2017 09:08:40 a.m.";;;"e:\sync\scripting\powershell\visoreventos\setup.evtx";"System.UInt32[]";"System.Diagnostics.Eventing.Reader.EventBookmark";"Informaci?n";"Informaci?n";;"System.Collections.ObjectModel.ReadOnlyCollection`1[System.String]";"System.Collections.Generic.List`1[System.Diagnostics.Eventing.Reader.EventProperty]"
"No se pudo cambiar el paquete KB3045685 al estado Almacenado provisionalmente. Estado: 0x800f0816.";"3";"0";;"0";"0";"0";"-9223372036854775808";"119";"Microsoft-Windows-Servicing";"bd12f3b8-fc40-4a61-a307-b7a013a069c1";"Setup";"1352";"2208";"SCTEST04.aitsoporte.local";"S-1-5-18";"09/12/2017 09:08:38 a.m.";;;"e:\sync\scripting\powershell\visoreventos\setup.evtx";"System.UInt32[]";"System.Diagnostics.Eventing.Reader.EventBookmark";"Informaci?n";"Informaci?n";;"System.Collections.ObjectModel.ReadOnlyCollection`1[System.String]";"System.Collections.Generic.List`1[System.Diagnostics.Eventing.Reader.EventProperty]"
"Iniciando cambios para el paquete KB3045685. El estado actual es Ausente. El estado de destino es Almacenado provisionalmente. Identificador de cliente: WindowsUpdateAgent.";"1";"0";;"0";"0";"0";"-9223372036854775808";"118";"Microsoft-Windows-Servicing";"bd12f3b8-fc40-4a61-a307-b7a013a069c1";"Setup";"1352";"2208";"SCTEST04.aitsoporte.local";"S-1-5-18";"09/12/2017 09:08:37 a.m.";;;"e:\sync\scripting\powershell\visoreventos\setup.evtx";"System.UInt32[]";"System.Diagnostics.Eventing.Reader.EventBookmark";"Informaci?n";"Informaci?n";;"System.Collections.ObjectModel.ReadOnlyCollection`1[System.String]";"System.Collections.Generic.List`1[System.Diagnostics.Eventing.Reader.EventProperty]"
"No se pudo cambiar el paquete KB2491683 al estado Almacenado provisionalmente. Estado: 0x800f0816.";"3";"0";;"0";"0";"0";"-9223372036854775808";"117";"Microsoft-Windows-Servicing";"bd12f3b8-fc40-4a61-a307-b7a013a069c1";"Setup";"1352";"2208";"SCTEST04.aitsoporte.local";"S-1-5-18";"09/12/2017 09:08:34 a.m.";;;"e:\sync\scripting\powershell\visoreventos\setup.evtx";"System.UInt32[]";"System.Diagnostics.Eventing.Reader.EventBookmark";"Informaci?n";"Informaci?n";;"System.Collections.ObjectModel.ReadOnlyCollection`1[System.String]";"System.Collections.Generic.List`1[System.Diagnostics.Eventing.Reader.EventProperty]"
"Iniciando cambios para el paquete KB2491683. El estado actual es Ausente. El estado de destino es Almacenado provisionalmente. Identificador de cliente: WindowsUpdateAgent.";"1";"0";;"0";"0";"0";"-9223372036854775808";"116";"Microsoft-Windows-Servicing";"bd12f3b8-fc40-4a61-a307-b7a013a069c1";"Setup";"1352";"2208";"SCTEST04.aitsoporte.local";"S-1-5-18";"09/12/2017 09:08:32 a.m.";;;"e:\sync\scripting\powershell\visoreventos\setup.evtx";"System.UInt32[]";"System.Diagnostics.Eventing.Reader.EventBookmark";"Informaci?n";"Informaci?n";;"System.Collections.ObjectModel.ReadOnlyCollection`1[System.String]";"System.Collections.Generic.List`1[System.Diagnostics.Eventing.Reader.EventProperty]"
"No se pudo cambiar el paquete KB2654428 al estado Almacenado provisionalmente. Estado: 0x800f0816.";"3";"0";;"0";"0";"0";"-9223372036854775808";"115";"Microsoft-Windows-Servicing";"bd12f3b8-fc40-4a61-a307-b7a013a069c1";"Setup";"1352";"2208";"SCTEST04.aitsoporte.local";"S-1-5-18";"09/12/2017 09:08:30 a.m.";;;"e:\sync\scripting\powershell\visoreventos\setup.evtx";"System.UInt32[]";"System.Diagnostics.Eventing.Reader.EventBookmark";"Informaci?n";"Informaci?n";;"System.Collections.ObjectModel.ReadOnlyCollection`1[System.String]";"System.Collections.Generic.List`1[System.Diagnostics.Eventing.Reader.EventProperty]"
"Iniciando cambios para el paquete KB2654428. El estado actual es Ausente. El estado de destino es Almacenado provisionalmente. Identificador de cliente: WindowsUpdateAgent.";"1";"0";;"0";"0";"0";"-9223372036854775808";"114";"Microsoft-Windows-Servicing";"bd12f3b8-fc40-4a61-a307-b7a013a069c1";"Setup";"1352";"2208";"SCTEST04.aitsoporte.local";"S-1-5-18";"09/12/2017 09:08:28 a.m.";;;"e:\sync\scripting\powershell\visoreventos\setup.evtx";"System.UInt32[]";"System.Diagnostics.Eventing.Reader.EventBookmark";"Informaci?n";"Informaci?n";;"System.Collections.ObjectModel.ReadOnlyCollection`1[System.String]";"System.Collections.Generic.List`1[System.Diagnostics.Eventing.Reader.EventProperty]"
"No se pudo cambiar el paquete KB3004361 al estado Almacenado provisionalmente. Estado: 0x800f0816.";"3";"0";;"0";"0";"0";"-9223372036854775808";"113";"Microsoft-Windows-Servicing";"bd12f3b8-fc40-4a61-a307-b7a013a069c1";"Setup";"1352";"2208";"SCTEST04.aitsoporte.local";"S-1-5-18";"09/12/2017 09:08:26 a.m.";;;"e:\sync\scripting\powershell\visoreventos\setup.evtx";"System.UInt32[]";"System.Diagnostics.Eventing.Reader.EventBookmark";"Informaci?n";"Informaci?n";;"System.Collections.ObjectModel.ReadOnlyCollection`1[System.String]";"System.Collections.Generic.List`1[System.Diagnostics.Eventing.Reader.EventProperty]"
"Iniciando cambios para el paquete KB3004361. El estado actual es Ausente. El estado de destino es Almacenado provisionalmente. Identificador de cliente: WindowsUpdateAgent.";"1";"0";;"0";"0";"0";"-9223372036854775808";"112";"Microsoft-Windows-Servicing";"bd12f3b8-fc40-4a61-a307-b7a013a069c1";"Setup";"1352";"2208";"SCTEST04.aitsoporte.local";"S-1-5-18";"09/12/2017 09:08:25 a.m.";;;"e:\sync\scripting\powershell\visoreventos\setup.evtx";"System.UInt32[]";"System.Diagnostics.Eventing.Reader.EventBookmark";"Informaci?n";"Informaci?n";;"System.Collections.ObjectModel.ReadOnlyCollection`1[System.String]";"System.Collections.Generic.List`1[System.Diagnostics.Eventing.Reader.EventProperty]"
"No se pudo cambiar el paquete KB3156019 al estado Almacenado provisionalmente. Estado: 0x800f0816.";"3";"0";;"0";"0";"0";"-9223372036854775808";"111";"Microsoft-Windows-Servicing";"bd12f3b8-fc40-4a61-a307-b7a013a069c1";"Setup";"1352";"2208";"SCTEST04.aitsoporte.local";"S-1-5-18";"09/12/2017 09:08:24 a.m.";;;"e:\sync\scripting\powershell\visoreventos\setup.evtx";"System.UInt32[]";"System.Diagnostics.Eventing.Reader.EventBookmark";"Informaci?n";"Informaci?n";;"System.Collections.ObjectModel.ReadOnlyCollection`1[System.String]";"System.Collections.Generic.List`1[System.Diagnostics.Eventing.Reader.EventProperty]"
"Iniciando cambios para el paquete KB3156019. El estado actual es Ausente. El estado de destino es Almacenado provisionalmente. Identificador de cliente: WindowsUpdateAgent.";"1";"0";;"0";"0";"0";"-9223372036854775808";"110";"Microsoft-Windows-Servicing";"bd12f3b8-fc40-4a61-a307-b7a013a069c1";"Setup";"1352";"2208";"SCTEST04.aitsoporte.local";"S-1-5-18";"09/12/2017 09:08:23 a.m.";;;"e:\sync\scripting\powershell\visoreventos\setup.evtx";"System.UInt32[]";"System.Diagnostics.Eventing.Reader.EventBookmark";"Informaci?n";"Informaci?n";;"System.Collections.ObjectModel.ReadOnlyCollection`1[System.String]";"System.Collections.Generic.List`1[System.Diagnostics.Eventing.Reader.EventProperty]"
"No se pudo cambiar el paquete KB2813430 al estado Almacenado provisionalmente. Estado: 0x800f0816.";"3";"0";;"0";"0";"0";"-9223372036854775808";"109";"Microsoft-Windows-Servicing";"bd12f3b8-fc40-4a61-a307-b7a013a069c1";"Setup";"1352";"2208";"SCTEST04.aitsoporte.local";"S-1-5-18";"09/12/2017 09:08:21 a.m.";;;"e:\sync\scripting\powershell\visoreventos\setup.evtx";"System.UInt32[]";"System.Diagnostics.Eventing.Reader.EventBookmark";"Informaci?n";"Informaci?n";;"System.Collections.ObjectModel.ReadOnlyCollection`1[System.String]";"System.Collections.Generic.List`1[System.Diagnostics.Eventing.Reader.EventProperty]"
"Iniciando cambios para el paquete KB2813430. El estado actual es Ausente. El estado de destino es Almacenado provisionalmente. Identificador de cliente: WindowsUpdateAgent.";"1";"0";;"0";"0";"0";"-9223372036854775808";"108";"Microsoft-Windows-Servicing";"bd12f3b8-fc40-4a61-a307-b7a013a069c1";"Setup";"1352";"2208";"SCTEST04.aitsoporte.local";"S-1-5-18";"09/12/2017 09:08:14 a.m.";;;"e:\sync\scripting\powershell\visoreventos\setup.evtx";"System.UInt32[]";"System.Diagnostics.Eventing.Reader.EventBookmark";"Informaci?n";"Informaci?n";;"System.Collections.ObjectModel.ReadOnlyCollection`1[System.String]";"System.Collections.Generic.List`1[System.Diagnostics.Eventing.Reader.EventProperty]"
"No se pudo cambiar el paquete KB2892074 al estado Almacenado provisionalmente. Estado: 0x800f0816.";"3";"0";;"0";"0";"0";"-9223372036854775808";"107";"Microsoft-Windows-Servicing";"bd12f3b8-fc40-4a61-a307-b7a013a069c1";"Setup";"1352";"2208";"SCTEST04.aitsoporte.local";"S-1-5-18";"09/12/2017 09:08:12 a.m.";;;"e:\sync\scripting\powershell\visoreventos\setup.evtx";"System.UInt32[]";"System.Diagnostics.Eventing.Reader.EventBookmark";"Informaci?n";"Informaci?n";;"System.Collections.ObjectModel.ReadOnlyCollection`1[System.String]";"System.Collections.Generic.List`1[System.Diagnostics.Eventing.Reader.EventProperty]"
"Iniciando cambios para el paquete KB2892074. El estado actual es Ausente. El estado de destino es Almacenado provisionalmente. Identificador de cliente: WindowsUpdateAgent.";"1";"0";;"0";"0";"0";"-9223372036854775808";"106";"Microsoft-Windows-Servicing";"bd12f3b8-fc40-4a61-a307-b7a013a069c1";"Setup";"1352";"2208";"SCTEST04.aitsoporte.local";"S-1-5-18";"09/12/2017 09:08:11 a.m.";;;"e:\sync\scripting\powershell\visoreventos\setup.evtx";"System.UInt32[]";"System.Diagnostics.Eventing.Reader.EventBookmark";"Informaci?n";"Informaci?n";;"System.Collections.ObjectModel.ReadOnlyCollection`1[System.String]";"System.Collections.Generic.List`1[System.Diagnostics.Eventing.Reader.EventProperty]"
"No se pudo cambiar el paquete KB2973351 al estado Almacenado provisionalmente. Estado: 0x800f0816.";"3";"0";;"0";"0";"0";"-9223372036854775808";"105";"Microsoft-Windows-Servicing";"bd12f3b8-fc40-4a61-a307-b7a013a069c1";"Setup";"1352";"2208";"SCTEST04.aitsoporte.local";"S-1-5-18";"09/12/2017 09:08:07 a.m.";;;"e:\sync\scripting\powershell\visoreventos\setup.evtx";"System.UInt32[]";"System.Diagnostics.Eventing.Reader.EventBookmark";"Informaci?n";"Informaci?n";;"System.Collections.ObjectModel.ReadOnlyCollection`1[System.String]";"System.Collections.Generic.List`1[System.Diagnostics.Eventing.Reader.EventProperty]"
"Iniciando cambios para el paquete KB2973351. El estado actual es Ausente. El estado de destino es Almacenado provisionalmente. Identificador de cliente: WindowsUpdateAgent.";"1";"0";;"0";"0";"0";"-9223372036854775808";"104";"Microsoft-Windows-Servicing";"bd12f3b8-fc40-4a61-a307-b7a013a069c1";"Setup";"1352";"2208";"SCTEST04.aitsoporte.local";"S-1-5-18";"09/12/2017 09:07:57 a.m.";;;"e:\sync\scripting\powershell\visoreventos\setup.evtx";"System.UInt32[]";"System.Diagnostics.Eventing.Reader.EventBookmark";"Informaci?n";"Informaci?n";;"System.Collections.ObjectModel.ReadOnlyCollection`1[System.String]";"System.Collections.Generic.List`1[System.Diagnostics.Eventing.Reader.EventProperty]"
"No se pudo cambiar el paquete KB2564958 al estado Almacenado provisionalmente. Estado: 0x800f0816.";"3";"0";;"0";"0";"0";"-9223372036854775808";"103";"Microsoft-Windows-Servicing";"bd12f3b8-fc40-4a61-a307-b7a013a069c1";"Setup";"1352";"2208";"SCTEST04.aitsoporte.local";"S-1-5-18";"09/12/2017 09:07:55 a.m.";;;"e:\sync\scripting\powershell\visoreventos\setup.evtx";"System.UInt32[]";"System.Diagnostics.Eventing.Reader.EventBookmark";"Informaci?n";"Informaci?n";;"System.Collections.ObjectModel.ReadOnlyCollection`1[System.String]";"System.Collections.Generic.List`1[System.Diagnostics.Eventing.Reader.EventProperty]"
"Iniciando cambios para el paquete KB2564958. El estado actual es Ausente. El estado de destino es Almacenado provisionalmente. Identificador de cliente: WindowsUpdateAgent.";"1";"0";;"0";"0";"0";"-9223372036854775808";"102";"Microsoft-Windows-Servicing";"bd12f3b8-fc40-4a61-a307-b7a013a069c1";"Setup";"1352";"2208";"SCTEST04.aitsoporte.local";"S-1-5-18";"09/12/2017 09:07:52 a.m.";;;"e:\sync\scripting\powershell\visoreventos\setup.evtx";"System.UInt32[]";"System.Diagnostics.Eventing.Reader.EventBookmark";"Informaci?n";"Informaci?n";;"System.Collections.ObjectModel.ReadOnlyCollection`1[System.String]";"System.Collections.Generic.List`1[System.Diagnostics.Eventing.Reader.EventProperty]"
"No se pudo cambiar el paquete KB3035126 al estado Almacenado provisionalmente. Estado: 0x800f0816.";"3";"0";;"0";"0";"0";"-9223372036854775808";"101";"Microsoft-Windows-Servicing";"bd12f3b8-fc40-4a61-a307-b7a013a069c1";"Setup";"1352";"2208";"SCTEST04.aitsoporte.local";"S-1-5-18";"09/12/2017 09:07:50 a.m.";;;"e:\sync\scripting\powershell\visoreventos\setup.evtx";"System.UInt32[]";"System.Diagnostics.Eventing.Reader.EventBookmark";"Informaci?n";"Informaci?n";;"System.Collections.ObjectModel.ReadOnlyCollection`1[System.String]";"System.Collections.Generic.List`1[System.Diagnostics.Eventing.Reader.EventProperty]"
"Iniciando cambios para el paquete KB3035126. El estado actual es Ausente. El estado de destino es Almacenado provisionalmente. Identificador de cliente: WindowsUpdateAgent.";"1";"0";;"0";"0";"0";"-9223372036854775808";"100";"Microsoft-Windows-Servicing";"bd12f3b8-fc40-4a61-a307-b7a013a069c1";"Setup";"1352";"2208";"SCTEST04.aitsoporte.local";"S-1-5-18";"09/12/2017 09:07:50 a.m.";;;"e:\sync\scripting\powershell\visoreventos\setup.evtx";"System.UInt32[]";"System.Diagnostics.Eventing.Reader.EventBookmark";"Informaci?n";"Informaci?n";;"System.Collections.ObjectModel.ReadOnlyCollection`1[System.String]";"System.Collections.Generic.List`1[System.Diagnostics.Eventing.Reader.EventProperty]"
"No se pudo cambiar el paquete KB2836943 al estado Almacenado provisionalmente. Estado: 0x800f0816.";"3";"0";;"0";"0";"0";"-9223372036854775808";"99";"Microsoft-Windows-Servicing";"bd12f3b8-fc40-4a61-a307-b7a013a069c1";"Setup";"1352";"2208";"SCTEST04.aitsoporte.local";"S-1-5-18";"09/12/2017 09:07:48 a.m.";;;"e:\sync\scripting\powershell\visoreventos\setup.evtx";"System.UInt32[]";"System.Diagnostics.Eventing.Reader.EventBookmark";"Informaci?n";"Informaci?n";;"System.Collections.ObjectModel.ReadOnlyCollection`1[System.String]";"System.Collections.Generic.List`1[System.Diagnostics.Eventing.Reader.EventProperty]"
"Iniciando cambios para el paquete KB2836943. El estado actual es Ausente. El estado de destino es Almacenado provisionalmente. Identificador de cliente: WindowsUpdateAgent.";"1";"0";;"0";"0";"0";"-9223372036854775808";"98";"Microsoft-Windows-Servicing";"bd12f3b8-fc40-4a61-a307-b7a013a069c1";"Setup";"1352";"2208";"SCTEST04.aitsoporte.local";"S-1-5-18";"09/12/2017 09:07:44 a.m.";;;"e:\sync\scripting\powershell\visoreventos\setup.evtx";"System.UInt32[]";"System.Diagnostics.Eventing.Reader.EventBookmark";"Informaci?n";"Informaci?n";;"System.Collections.ObjectModel.ReadOnlyCollection`1[System.String]";"System.Collections.Generic.List`1[System.Diagnostics.Eventing.Reader.EventProperty]"
"No se pudo cambiar el paquete KB2862152 al estado Almacenado provisionalmente. Estado: 0x800f0816.";"3";"0";;"0";"0";"0";"-9223372036854775808";"97";"Microsoft-Windows-Servicing";"bd12f3b8-fc40-4a61-a307-b7a013a069c1";"Setup";"1352";"2208";"SCTEST04.aitsoporte.local";"S-1-5-18";"09/12/2017 09:07:43 a.m.";;;"e:\sync\scripting\powershell\visoreventos\setup.evtx";"System.UInt32[]";"System.Diagnostics.Eventing.Reader.EventBookmark";"Informaci?n";"Informaci?n";;"System.Collections.ObjectModel.ReadOnlyCollection`1[System.String]";"System.Collections.Generic.List`1[System.Diagnostics.Eventing.Reader.EventProperty]"
"Iniciando cambios para el paquete KB2862152. El estado actual es Ausente. El estado de destino es Almacenado provisionalmente. Identificador de cliente: WindowsUpdateAgent.";"1";"0";;"0";"0";"0";"-9223372036854775808";"96";"Microsoft-Windows-Servicing";"bd12f3b8-fc40-4a61-a307-b7a013a069c1";"Setup";"1352";"2208";"SCTEST04.aitsoporte.local";"S-1-5-18";"09/12/2017 09:07:42 a.m.";;;"e:\sync\scripting\powershell\visoreventos\setup.evtx";"System.UInt32[]";"System.Diagnostics.Eventing.Reader.EventBookmark";"Informaci?n";"Informaci?n";;"System.Collections.ObjectModel.ReadOnlyCollection`1[System.String]";"System.Collections.Generic.List`1[System.Diagnostics.Eventing.Reader.EventProperty]"
"No se pudo cambiar el paquete KB3004375 al estado Almacenado provisionalmente. Estado: 0x800f0816.";"3";"0";;"0";"0";"0";"-9223372036854775808";"95";"Microsoft-Windows-Servicing";"bd12f3b8-fc40-4a61-a307-b7a013a069c1";"Setup";"1352";"2208";"SCTEST04.aitsoporte.local";"S-1-5-18";"09/12/2017 09:07:36 a.m.";;;"e:\sync\scripting\powershell\visoreventos\setup.evtx";"System.UInt32[]";"System.Diagnostics.Eventing.Reader.EventBookmark";"Informaci?n";"Informaci?n";;"System.Collections.ObjectModel.ReadOnlyCollection`1[System.String]";"System.Collections.Generic.List`1[System.Diagnostics.Eventing.Reader.EventProperty]"
"Iniciando cambios para el paquete KB3004375. El estado actual es Ausente. El estado de destino es Almacenado provisionalmente. Identificador de cliente: WindowsUpdateAgent.";"1";"0";;"0";"0";"0";"-9223372036854775808";"94";"Microsoft-Windows-Servicing";"bd12f3b8-fc40-4a61-a307-b7a013a069c1";"Setup";"1352";"2208";"SCTEST04.aitsoporte.local";"S-1-5-18";"09/12/2017 09:07:16 a.m.";;;"e:\sync\scripting\powershell\visoreventos\setup.evtx";"System.UInt32[]";"System.Diagnostics.Eventing.Reader.EventBookmark";"Informaci?n";"Informaci?n";;"System.Collections.ObjectModel.ReadOnlyCollection`1[System.String]";"System.Collections.Generic.List`1[System.Diagnostics.Eventing.Reader.EventProperty]"
"No se pudo cambiar el paquete KB3031432 al estado Almacenado provisionalmente. Estado: 0x800f0816.";"3";"0";;"0";"0";"0";"-9223372036854775808";"93";"Microsoft-Windows-Servicing";"bd12f3b8-fc40-4a61-a307-b7a013a069c1";"Setup";"1352";"2208";"SCTEST04.aitsoporte.local";"S-1-5-18";"09/12/2017 09:07:13 a.m.";;;"e:\sync\scripting\powershell\visoreventos\setup.evtx";"System.UInt32[]";"System.Diagnostics.Eventing.Reader.EventBookmark";"Informaci?n";"Informaci?n";;"System.Collections.ObjectModel.ReadOnlyCollection`1[System.String]";"System.Collections.Generic.List`1[System.Diagnostics.Eventing.Reader.EventProperty]"
"Iniciando cambios para el paquete KB3031432. El estado actual es Ausente. El estado de destino es Almacenado provisionalmente. Identificador de cliente: WindowsUpdateAgent.";"1";"0";;"0";"0";"0";"-9223372036854775808";"92";"Microsoft-Windows-Servicing";"bd12f3b8-fc40-4a61-a307-b7a013a069c1";"Setup";"1352";"2208";"SCTEST04.aitsoporte.local";"S-1-5-18";"09/12/2017 09:07:08 a.m.";;;"e:\sync\scripting\powershell\visoreventos\setup.evtx";"System.UInt32[]";"System.Diagnostics.Eventing.Reader.EventBookmark";"Informaci?n";"Informaci?n";;"System.Collections.ObjectModel.ReadOnlyCollection`1[System.String]";"System.Collections.Generic.List`1[System.Diagnostics.Eventing.Reader.EventProperty]"
"No se pudo cambiar el paquete KB2736422 al estado Almacenado provisionalmente. Estado: 0x800f0816.";"3";"0";;"0";"0";"0";"-9223372036854775808";"91";"Microsoft-Windows-Servicing";"bd12f3b8-fc40-4a61-a307-b7a013a069c1";"Setup";"1352";"2208";"SCTEST04.aitsoporte.local";"S-1-5-18";"09/12/2017 09:07:06 a.m.";;;"e:\sync\scripting\powershell\visoreventos\setup.evtx";"System.UInt32[]";"System.Diagnostics.Eventing.Reader.EventBookmark";"Informaci?n";"Informaci?n";;"System.Collections.ObjectModel.ReadOnlyCollection`1[System.String]";"System.Collections.Generic.List`1[System.Diagnostics.Eventing.Reader.EventProperty]"
"Iniciando cambios para el paquete KB2736422. El estado actual es Ausente. El estado de destino es Almacenado provisionalmente. Identificador de cliente: WindowsUpdateAgent.";"1";"0";;"0";"0";"0";"-9223372036854775808";"90";"Microsoft-Windows-Servicing";"bd12f3b8-fc40-4a61-a307-b7a013a069c1";"Setup";"1352";"2208";"SCTEST04.aitsoporte.local";"S-1-5-18";"09/12/2017 09:07:04 a.m.";;;"e:\sync\scripting\powershell\visoreventos\setup.evtx";"System.UInt32[]";"System.Diagnostics.Eventing.Reader.EventBookmark";"Informaci?n";"Informaci?n";;"System.Collections.ObjectModel.ReadOnlyCollection`1[System.String]";"System.Collections.Generic.List`1[System.Diagnostics.Eventing.Reader.EventProperty]"
"No se pudo cambiar el paquete KB3177467 al estado Almacenado provisionalmente. Estado: 0x800f0816.";"3";"0";;"0";"0";"0";"-9223372036854775808";"89";"Microsoft-Windows-Servicing";"bd12f3b8-fc40-4a61-a307-b7a013a069c1";"Setup";"1352";"2208";"SCTEST04.aitsoporte.local";"S-1-5-18";"09/12/2017 09:05:24 a.m.";;;"e:\sync\scripting\powershell\visoreventos\setup.evtx";"System.UInt32[]";"System.Diagnostics.Eventing.Reader.EventBookmark";"Informaci?n";"Informaci?n";;"System.Collections.ObjectModel.ReadOnlyCollection`1[System.String]";"System.Collections.Generic.List`1[System.Diagnostics.Eventing.Reader.EventProperty]"
"Iniciando cambios para el paquete KB3177467. El estado actual es Resuelto. El estado de destino es Almacenado provisionalmente. Identificador de cliente: WindowsUpdateAgent.";"1";"0";;"0";"0";"0";"-9223372036854775808";"88";"Microsoft-Windows-Servicing";"bd12f3b8-fc40-4a61-a307-b7a013a069c1";"Setup";"1352";"2208";"SCTEST04.aitsoporte.local";"S-1-5-18";"09/12/2017 09:05:23 a.m.";;;"e:\sync\scripting\powershell\visoreventos\setup.evtx";"System.UInt32[]";"System.Diagnostics.Eventing.Reader.EventBookmark";"Informaci?n";"Informaci?n";;"System.Collections.ObjectModel.ReadOnlyCollection`1[System.String]";"System.Collections.Generic.List`1[System.Diagnostics.Eventing.Reader.EventProperty]"
"No se pudo cambiar el paquete KB3177467 al estado Almacenado provisionalmente. Estado: 0x800f0816.";"3";"0";;"0";"0";"0";"-9223372036854775808";"87";"Microsoft-Windows-Servicing";"bd12f3b8-fc40-4a61-a307-b7a013a069c1";"Setup";"3064";"1216";"SCTEST04.aitsoporte.local";"S-1-5-18";"08/12/2017 11:09:06 p.m.";;;"e:\sync\scripting\powershell\visoreventos\setup.evtx";"System.UInt32[]";"System.Diagnostics.Eventing.Reader.EventBookmark";"Informaci?n";"Informaci?n";;"System.Collections.ObjectModel.ReadOnlyCollection`1[System.String]";"System.Collections.Generic.List`1[System.Diagnostics.Eventing.Reader.EventProperty]"
"Iniciando cambios para el paquete KB3177467. El estado actual es Ausente. El estado de destino es Almacenado provisionalmente. Identificador de cliente: WindowsUpdateAgent.";"1";"0";;"0";"0";"0";"-9223372036854775808";"86";"Microsoft-Windows-Servicing";"bd12f3b8-fc40-4a61-a307-b7a013a069c1";"Setup";"3064";"1216";"SCTEST04.aitsoporte.local";"S-1-5-18";"08/12/2017 11:08:42 p.m.";;;"e:\sync\scripting\powershell\visoreventos\setup.evtx";"System.UInt32[]";"System.Diagnostics.Eventing.Reader.EventBookmark";"Informaci?n";"Informaci?n";;"System.Collections.ObjectModel.ReadOnlyCollection`1[System.String]";"System.Collections.Generic.List`1[System.Diagnostics.Eventing.Reader.EventProperty]"
"Se cambi? el paquete KBWUClient-SelfUpdate-Aux correctamente al estado Instalado.";"2";"0";;"0";"0";"0";"-9223372036854775808";"85";"Microsoft-Windows-Servicing";"bd12f3b8-fc40-4a61-a307-b7a013a069c1";"Setup";"1768";"896";"SCTEST04.aitsoporte.local";"S-1-5-18";"07/12/2017 10:12:15 p.m.";;;"e:\sync\scripting\powershell\visoreventos\setup.evtx";"System.UInt32[]";"System.Diagnostics.Eventing.Reader.EventBookmark";"Informaci?n";"Informaci?n";;"System.Collections.ObjectModel.ReadOnlyCollection`1[System.String]";"System.Collections.Generic.List`1[System.Diagnostics.Eventing.Reader.EventProperty]"
"Iniciando cambios para el paquete KBWUClient-SelfUpdate-Aux. El estado actual es Almacenado provisionalmente. El estado de destino es Instalado. Identificador de cliente: WindowsUpdateAgent.";"1";"0";;"0";"0";"0";"-9223372036854775808";"84";"Microsoft-Windows-Servicing";"bd12f3b8-fc40-4a61-a307-b7a013a069c1";"Setup";"1768";"896";"SCTEST04.aitsoporte.local";"S-1-5-18";"07/12/2017 10:12:13 p.m.";;;"e:\sync\scripting\powershell\visoreventos\setup.evtx";"System.UInt32[]";"System.Diagnostics.Eventing.Reader.EventBookmark";"Informaci?n";"Informaci?n";;"System.Collections.ObjectModel.ReadOnlyCollection`1[System.String]";"System.Collections.Generic.List`1[System.Diagnostics.Eventing.Reader.EventProperty]"
"Se cambi? el paquete WindowsUpdateClient-SelfUpdate-ActiveX-Package correctamente al estado Instalado.";"2";"0";;"0";"0";"0";"-9223372036854775808";"83";"Microsoft-Windows-Servicing";"bd12f3b8-fc40-4a61-a307-b7a013a069c1";"Setup";"1768";"896";"SCTEST04.aitsoporte.local";"S-1-5-18";"07/12/2017 10:12:13 p.m.";;;"e:\sync\scripting\powershell\visoreventos\setup.evtx";"System.UInt32[]";"System.Diagnostics.Eventing.Reader.EventBookmark";"Informaci?n";"Informaci?n";;"System.Collections.ObjectModel.ReadOnlyCollection`1[System.String]";"System.Collections.Generic.List`1[System.Diagnostics.Eventing.Reader.EventProperty]"
"Iniciando cambios para el paquete WindowsUpdateClient-SelfUpdate-ActiveX-Package. El estado actual es Almacenado provisionalmente. El estado de destino es Instalado. Identificador de cliente: WindowsUpdateAgent.";"1";"0";;"0";"0";"0";"-9223372036854775808";"82";"Microsoft-Windows-Servicing";"bd12f3b8-fc40-4a61-a307-b7a013a069c1";"Setup";"1768";"896";"SCTEST04.aitsoporte.local";"S-1-5-18";"07/12/2017 10:12:12 p.m.";;;"e:\sync\scripting\powershell\visoreventos\setup.evtx";"System.UInt32[]";"System.Diagnostics.Eventing.Reader.EventBookmark";"Informaci?n";"Informaci?n";;"System.Collections.ObjectModel.ReadOnlyCollection`1[System.String]";"System.Collections.Generic.List`1[System.Diagnostics.Eventing.Reader.EventProperty]"
"Se cambi? el paquete KBWUClient-SelfUpdate-Core correctamente al estado Instalado.";"2";"0";;"0";"0";"0";"-9223372036854775808";"81";"Microsoft-Windows-Servicing";"bd12f3b8-fc40-4a61-a307-b7a013a069c1";"Setup";"1768";"896";"SCTEST04.aitsoporte.local";"S-1-5-18";"07/12/2017 10:12:11 p.m.";;;"e:\sync\scripting\powershell\visoreventos\setup.evtx";"System.UInt32[]";"System.Diagnostics.Eventing.Reader.EventBookmark";"Informaci?n";"Informaci?n";;"System.Collections.ObjectModel.ReadOnlyCollection`1[System.String]";"System.Collections.Generic.List`1[System.Diagnostics.Eventing.Reader.EventProperty]"
"Iniciando cambios para el paquete KBWUClient-SelfUpdate-Core. El estado actual es Almacenado provisionalmente. El estado de destino es Instalado. Identificador de cliente: WindowsUpdateAgent.";"1";"0";;"0";"0";"0";"-9223372036854775808";"80";"Microsoft-Windows-Servicing";"bd12f3b8-fc40-4a61-a307-b7a013a069c1";"Setup";"1768";"896";"SCTEST04.aitsoporte.local";"S-1-5-18";"07/12/2017 10:12:08 p.m.";;;"e:\sync\scripting\powershell\visoreventos\setup.evtx";"System.UInt32[]";"System.Diagnostics.Eventing.Reader.EventBookmark";"Informaci?n";"Informaci?n";;"System.Collections.ObjectModel.ReadOnlyCollection`1[System.String]";"System.Collections.Generic.List`1[System.Diagnostics.Eventing.Reader.EventProperty]"
"Se cambi? el paquete KBWUClient-SelfUpdate-Core correctamente al estado Almacenado provisionalmente.";"2";"0";;"0";"0";"0";"-9223372036854775808";"79";"Microsoft-Windows-Servicing";"bd12f3b8-fc40-4a61-a307-b7a013a069c1";"Setup";"1768";"896";"SCTEST04.aitsoporte.local";"S-1-5-18";"07/12/2017 10:12:00 p.m.";;;"e:\sync\scripting\powershell\visoreventos\setup.evtx";"System.UInt32[]";"System.Diagnostics.Eventing.Reader.EventBookmark";"Informaci?n";"Informaci?n";;"System.Collections.ObjectModel.ReadOnlyCollection`1[System.String]";"System.Collections.Generic.List`1[System.Diagnostics.Eventing.Reader.EventProperty]"
"Iniciando cambios para el paquete KBWUClient-SelfUpdate-Core. El estado actual es Ausente. El estado de destino es Almacenado provisionalmente. Identificador de cliente: WindowsUpdateAgent.";"1";"0";;"0";"0";"0";"-9223372036854775808";"78";"Microsoft-Windows-Servicing";"bd12f3b8-fc40-4a61-a307-b7a013a069c1";"Setup";"1768";"896";"SCTEST04.aitsoporte.local";"S-1-5-18";"07/12/2017 10:11:53 p.m.";;;"e:\sync\scripting\powershell\visoreventos\setup.evtx";"System.UInt32[]";"System.Diagnostics.Eventing.Reader.EventBookmark";"Informaci?n";"Informaci?n";;"System.Collections.ObjectModel.ReadOnlyCollection`1[System.String]";"System.Collections.Generic.List`1[System.Diagnostics.Eventing.Reader.EventProperty]"
"Se cambi? el paquete KBWUClient-SelfUpdate-Aux correctamente al estado Almacenado provisionalmente.";"2";"0";;"0";"0";"0";"-9223372036854775808";"77";"Microsoft-Windows-Servicing";"bd12f3b8-fc40-4a61-a307-b7a013a069c1";"Setup";"1768";"896";"SCTEST04.aitsoporte.local";"S-1-5-18";"07/12/2017 10:11:53 p.m.";;;"e:\sync\scripting\powershell\visoreventos\setup.evtx";"System.UInt32[]";"System.Diagnostics.Eventing.Reader.EventBookmark";"Informaci?n";"Informaci?n";;"System.Collections.ObjectModel.ReadOnlyCollection`1[System.String]";"System.Collections.Generic.List`1[System.Diagnostics.Eventing.Reader.EventProperty]"
"Iniciando cambios para el paquete KBWUClient-SelfUpdate-Aux. El estado actual es Ausente. El estado de destino es Almacenado provisionalmente. Identificador de cliente: WindowsUpdateAgent.";"1";"0";;"0";"0";"0";"-9223372036854775808";"76";"Microsoft-Windows-Servicing";"bd12f3b8-fc40-4a61-a307-b7a013a069c1";"Setup";"1768";"896";"SCTEST04.aitsoporte.local";"S-1-5-18";"07/12/2017 10:11:51 p.m.";;;"e:\sync\scripting\powershell\visoreventos\setup.evtx";"System.UInt32[]";"System.Diagnostics.Eventing.Reader.EventBookmark";"Informaci?n";"Informaci?n";;"System.Collections.ObjectModel.ReadOnlyCollection`1[System.String]";"System.Collections.Generic.List`1[System.Diagnostics.Eventing.Reader.EventProperty]"
"Se cambi? el paquete WindowsUpdateClient-SelfUpdate-ActiveX-Package correctamente al estado Almacenado provisionalmente.";"2";"0";;"0";"0";"0";"-9223372036854775808";"75";"Microsoft-Windows-Servicing";"bd12f3b8-fc40-4a61-a307-b7a013a069c1";"Setup";"1768";"896";"SCTEST04.aitsoporte.local";"S-1-5-18";"07/12/2017 10:11:51 p.m.";;;"e:\sync\scripting\powershell\visoreventos\setup.evtx";"System.UInt32[]";"System.Diagnostics.Eventing.Reader.EventBookmark";"Informaci?n";"Informaci?n";;"System.Collections.ObjectModel.ReadOnlyCollection`1[System.String]";"System.Collections.Generic.List`1[System.Diagnostics.Eventing.Reader.EventProperty]"
"Iniciando cambios para el paquete WindowsUpdateClient-SelfUpdate-ActiveX-Package. El estado actual es Ausente. El estado de destino es Almacenado provisionalmente. Identificador de cliente: WindowsUpdateAgent.";"1";"0";;"0";"0";"0";"-9223372036854775808";"74";"Microsoft-Windows-Servicing";"bd12f3b8-fc40-4a61-a307-b7a013a069c1";"Setup";"1768";"896";"SCTEST04.aitsoporte.local";"S-1-5-18";"07/12/2017 10:11:47 p.m.";;;"e:\sync\scripting\powershell\visoreventos\setup.evtx";"System.UInt32[]";"System.Diagnostics.Eventing.Reader.EventBookmark";"Informaci?n";"Informaci?n";;"System.Collections.ObjectModel.ReadOnlyCollection`1[System.String]";"System.Collections.Generic.List`1[System.Diagnostics.Eventing.Reader.EventProperty]"
"La actualizaci?n de Windows  no se pudo instalar debido a un error: 2149842967 """". (L?nea de comandos: ""wusa.exe ""c:\program files\microsoft office\root\integration\windows6.1-kb2999226-x86.msu"" /quiet /norestart"")";"3";"0";;"2";"0";"0";"-9223372036854775808";"73";"Microsoft-Windows-WUSA";"09608c12-c1da-4104-a6fe-b959cf57560a";"Setup";"1412";"1760";"SCTEST04.aitsoporte.local";"S-1-5-18";"07/12/2017 12:03:17 p.m.";;;"e:\sync\scripting\powershell\visoreventos\setup.evtx";"System.UInt32[]";"System.Diagnostics.Eventing.Reader.EventBookmark";"Error";"Informaci?n";;"System.Collections.ObjectModel.ReadOnlyCollection`1[System.String]";"System.Collections.Generic.List`1[System.Diagnostics.Eventing.Reader.EventProperty]"
"La actualizaci?n de Windows  no se pudo instalar debido a un error: 2359302 """". (L?nea de comandos: ""wusa.exe ""c:\program files\microsoft office\root\integration\windows6.1-kb2999226-x64.msu"" /quiet /norestart"")";"3";"0";;"2";"0";"0";"-9223372036854775808";"72";"Microsoft-Windows-WUSA";"09608c12-c1da-4104-a6fe-b959cf57560a";"Setup";"3216";"3836";"SCTEST04.aitsoporte.local";"S-1-5-18";"07/12/2017 12:03:13 p.m.";;;"e:\sync\scripting\powershell\visoreventos\setup.evtx";"System.UInt32[]";"System.Diagnostics.Eventing.Reader.EventBookmark";"Error";"Informaci?n";;"System.Collections.ObjectModel.ReadOnlyCollection`1[System.String]";"System.Collections.Generic.List`1[System.Diagnostics.Eventing.Reader.EventProperty]"
"Se cambi? el paquete KB2999226 correctamente al estado Instalado.";"2";"0";;"0";"0";"0";"-9223372036854775808";"71";"Microsoft-Windows-Servicing";"bd12f3b8-fc40-4a61-a307-b7a013a069c1";"Setup";"912";"324";"SCTEST04.aitsoporte.local";"S-1-5-18";"07/12/2017 11:23:36 a.m.";;;"e:\sync\scripting\powershell\visoreventos\setup.evtx";"System.UInt32[]";"System.Diagnostics.Eventing.Reader.EventBookmark";"Informaci?n";"Informaci?n";;"System.Collections.ObjectModel.ReadOnlyCollection`1[System.String]";"System.Collections.Generic.List`1[System.Diagnostics.Eventing.Reader.EventProperty]"
"La actualizaci?n de Windows  no se pudo instalar debido a un error: 2149842967 """". (L?nea de comandos: ""wusa.exe ""c:\program files\microsoft office\root\integration\windows6.1-kb2999226-x86.msu"" /quiet /norestart"")";"3";"0";;"2";"0";"0";"-9223372036854775808";"70";"Microsoft-Windows-WUSA";"09608c12-c1da-4104-a6fe-b959cf57560a";"Setup";"3292";"3060";"SCTEST04.aitsoporte.local";"S-1-5-18";"07/12/2017 07:57:11 a.m.";;;"e:\sync\scripting\powershell\visoreventos\setup.evtx";"System.UInt32[]";"System.Diagnostics.Eventing.Reader.EventBookmark";"Error";"Informaci?n";;"System.Collections.ObjectModel.ReadOnlyCollection`1[System.String]";"System.Collections.Generic.List`1[System.Diagnostics.Eventing.Reader.EventProperty]"
"La actualizaci?n de Windows ""Actualizaci?n para Windows (KB2999226)"" se instal? correctamente. (L?nea de comandos: ""wusa.exe ""c:\program files\microsoft office\root\integration\windows6.1-kb2999226-x64.msu"" /quiet /norestart"")";"2";"0";;"4";"0";"0";"-9223372036854775808";"69";"Microsoft-Windows-WUSA";"09608c12-c1da-4104-a6fe-b959cf57560a";"Setup";"3852";"3872";"SCTEST04.aitsoporte.local";"S-1-5-18";"07/12/2017 07:57:08 a.m.";;;"e:\sync\scripting\powershell\visoreventos\setup.evtx";"System.UInt32[]";"System.Diagnostics.Eventing.Reader.EventBookmark";"Informaci?n";"Informaci?n";;"System.Collections.ObjectModel.ReadOnlyCollection`1[System.String]";"System.Collections.Generic.List`1[System.Diagnostics.Eventing.Reader.EventProperty]"
"La actualizaci?n de Windows Actualizaci?n para Windows (KB2999226) requiere reiniciar el equipo para completar la instalaci?n. (L?nea de comandos: ""wusa.exe ""c:\program files\microsoft office\root\integration\windows6.1-kb2999226-x64.msu"" /quiet /norestart"")";"4";"0";;"3";"0";"0";"-9223372036854775808";"68";"Microsoft-Windows-WUSA";"09608c12-c1da-4104-a6fe-b959cf57560a";"Setup";"3852";"3492";"SCTEST04.aitsoporte.local";"S-1-5-18";"07/12/2017 07:57:07 a.m.";;;"e:\sync\scripting\powershell\visoreventos\setup.evtx";"System.UInt32[]";"System.Diagnostics.Eventing.Reader.EventBookmark";"Advertencia";"Informaci?n";;"System.Collections.ObjectModel.ReadOnlyCollection`1[System.String]";"System.Collections.Generic.List`1[System.Diagnostics.Eventing.Reader.EventProperty]"
"Se debe reiniciar para poder cambiar el paquete KB2999226 al estado Instalado.";"4";"0";;"0";"0";"0";"-9223372036854775808";"67";"Microsoft-Windows-Servicing";"bd12f3b8-fc40-4a61-a307-b7a013a069c1";"Setup";"4012";"3248";"SCTEST04.aitsoporte.local";"S-1-5-18";"07/12/2017 07:57:06 a.m.";;;"e:\sync\scripting\powershell\visoreventos\setup.evtx";"System.UInt32[]";"System.Diagnostics.Eventing.Reader.EventBookmark";"Informaci?n";"Informaci?n";;"System.Collections.ObjectModel.ReadOnlyCollection`1[System.String]";"System.Collections.Generic.List`1[System.Diagnostics.Eventing.Reader.EventProperty]"
"Iniciando cambios para el paquete KB2999226. El estado actual es Ausente. El estado de destino es Instalado. Identificador de cliente: WindowsUpdateAgent.";"1";"0";;"0";"0";"0";"-9223372036854775808";"66";"Microsoft-Windows-Servicing";"bd12f3b8-fc40-4a61-a307-b7a013a069c1";"Setup";"4012";"3248";"SCTEST04.aitsoporte.local";"S-1-5-18";"07/12/2017 07:56:55 a.m.";;;"e:\sync\scripting\powershell\visoreventos\setup.evtx";"System.UInt32[]";"System.Diagnostics.Eventing.Reader.EventBookmark";"Informaci?n";"Informaci?n";;"System.Collections.ObjectModel.ReadOnlyCollection`1[System.String]";"System.Collections.Generic.List`1[System.Diagnostics.Eventing.Reader.EventProperty]"
"Se cambi? el paquete KB2849697 correctamente al estado Instalado.";"2";"0";;"0";"0";"0";"-9223372036854775808";"65";"Microsoft-Windows-Servicing";"bd12f3b8-fc40-4a61-a307-b7a013a069c1";"Setup";"980";"1036";"SCTEST04.aitsoporte.local";"S-1-5-18";"27/11/2017 10:46:18 a.m.";;;"e:\sync\scripting\powershell\visoreventos\setup.evtx";"System.UInt32[]";"System.Diagnostics.Eventing.Reader.EventBookmark";"Informaci?n";"Informaci?n";;"System.Collections.ObjectModel.ReadOnlyCollection`1[System.String]";"System.Collections.Generic.List`1[System.Diagnostics.Eventing.Reader.EventProperty]"
"Se cambi? el paquete KB2849696 correctamente al estado Instalado.";"2";"0";;"0";"0";"0";"-9223372036854775808";"64";"Microsoft-Windows-Servicing";"bd12f3b8-fc40-4a61-a307-b7a013a069c1";"Setup";"980";"1036";"SCTEST04.aitsoporte.local";"S-1-5-18";"27/11/2017 10:46:18 a.m.";;;"e:\sync\scripting\powershell\visoreventos\setup.evtx";"System.UInt32[]";"System.Diagnostics.Eventing.Reader.EventBookmark";"Informaci?n";"Informaci?n";;"System.Collections.ObjectModel.ReadOnlyCollection`1[System.String]";"System.Collections.Generic.List`1[System.Diagnostics.Eventing.Reader.EventProperty]"
"Se cambi? el paquete KB2849697 correctamente al estado Instalado.";"2";"0";;"0";"0";"0";"-9223372036854775808";"63";"Microsoft-Windows-Servicing";"bd12f3b8-fc40-4a61-a307-b7a013a069c1";"Setup";"980";"1036";"SCTEST04.aitsoporte.local";"S-1-5-18";"27/11/2017 10:46:18 a.m.";;;"e:\sync\scripting\powershell\visoreventos\setup.evtx";"System.UInt32[]";"System.Diagnostics.Eventing.Reader.EventBookmark";"Informaci?n";"Informaci?n";;"System.Collections.ObjectModel.ReadOnlyCollection`1[System.String]";"System.Collections.Generic.List`1[System.Diagnostics.Eventing.Reader.EventProperty]"
"Se cambi? el paquete KB2849696 correctamente al estado Instalado.";"2";"0";;"0";"0";"0";"-9223372036854775808";"62";"Microsoft-Windows-Servicing";"bd12f3b8-fc40-4a61-a307-b7a013a069c1";"Setup";"980";"1036";"SCTEST04.aitsoporte.local";"S-1-5-18";"27/11/2017 10:46:18 a.m.";;;"e:\sync\scripting\powershell\visoreventos\setup.evtx";"System.UInt32[]";"System.Diagnostics.Eventing.Reader.EventBookmark";"Informaci?n";"Informaci?n";;"System.Collections.ObjectModel.ReadOnlyCollection`1[System.String]";"System.Collections.Generic.List`1[System.Diagnostics.Eventing.Reader.EventProperty]"
"Se cambi? el paquete KB2841134 correctamente al estado Instalado.";"2";"0";;"0";"0";"0";"-9223372036854775808";"61";"Microsoft-Windows-Servicing";"bd12f3b8-fc40-4a61-a307-b7a013a069c1";"Setup";"980";"1036";"SCTEST04.aitsoporte.local";"S-1-5-18";"27/11/2017 10:46:18 a.m.";;;"e:\sync\scripting\powershell\visoreventos\setup.evtx";"System.UInt32[]";"System.Diagnostics.Eventing.Reader.EventBookmark";"Informaci?n";"Informaci?n";;"System.Collections.ObjectModel.ReadOnlyCollection`1[System.String]";"System.Collections.Generic.List`1[System.Diagnostics.Eventing.Reader.EventProperty]"
"Se cambi? el paquete KB2841134 correctamente al estado Instalado.";"2";"0";;"0";"0";"0";"-9223372036854775808";"60";"Microsoft-Windows-Servicing";"bd12f3b8-fc40-4a61-a307-b7a013a069c1";"Setup";"980";"1036";"SCTEST04.aitsoporte.local";"S-1-5-18";"27/11/2017 10:46:18 a.m.";;;"e:\sync\scripting\powershell\visoreventos\setup.evtx";"System.UInt32[]";"System.Diagnostics.Eventing.Reader.EventBookmark";"Informaci?n";"Informaci?n";;"System.Collections.ObjectModel.ReadOnlyCollection`1[System.String]";"System.Collections.Generic.List`1[System.Diagnostics.Eventing.Reader.EventProperty]"
"Se cambi? el paquete KB2888049 correctamente al estado Instalado.";"2";"0";;"0";"0";"0";"-9223372036854775808";"59";"Microsoft-Windows-Servicing";"bd12f3b8-fc40-4a61-a307-b7a013a069c1";"Setup";"980";"1036";"SCTEST04.aitsoporte.local";"S-1-5-18";"27/11/2017 10:46:18 a.m.";;;"e:\sync\scripting\powershell\visoreventos\setup.evtx";"System.UInt32[]";"System.Diagnostics.Eventing.Reader.EventBookmark";"Informaci?n";"Informaci?n";;"System.Collections.ObjectModel.ReadOnlyCollection`1[System.String]";"System.Collections.Generic.List`1[System.Diagnostics.Eventing.Reader.EventProperty]"
"Se cambi? el paquete KB2786081 correctamente al estado Instalado.";"2";"0";;"0";"0";"0";"-9223372036854775808";"58";"Microsoft-Windows-Servicing";"bd12f3b8-fc40-4a61-a307-b7a013a069c1";"Setup";"980";"1036";"SCTEST04.aitsoporte.local";"S-1-5-18";"27/11/2017 10:46:18 a.m.";;;"e:\sync\scripting\powershell\visoreventos\setup.evtx";"System.UInt32[]";"System.Diagnostics.Eventing.Reader.EventBookmark";"Informaci?n";"Informaci?n";;"System.Collections.ObjectModel.ReadOnlyCollection`1[System.String]";"System.Collections.Generic.List`1[System.Diagnostics.Eventing.Reader.EventProperty]"
"Se cambi? el paquete KB2729094 correctamente al estado Instalado.";"2";"0";;"0";"0";"0";"-9223372036854775808";"57";"Microsoft-Windows-Servicing";"bd12f3b8-fc40-4a61-a307-b7a013a069c1";"Setup";"980";"1036";"SCTEST04.aitsoporte.local";"S-1-5-18";"27/11/2017 10:46:18 a.m.";;;"e:\sync\scripting\powershell\visoreventos\setup.evtx";"System.UInt32[]";"System.Diagnostics.Eventing.Reader.EventBookmark";"Informaci?n";"Informaci?n";;"System.Collections.ObjectModel.ReadOnlyCollection`1[System.String]";"System.Collections.Generic.List`1[System.Diagnostics.Eventing.Reader.EventProperty]"
"Se cambi? el paquete KB2731771 correctamente al estado Instalado.";"2";"0";;"0";"0";"0";"-9223372036854775808";"56";"Microsoft-Windows-Servicing";"bd12f3b8-fc40-4a61-a307-b7a013a069c1";"Setup";"980";"1036";"SCTEST04.aitsoporte.local";"S-1-5-18";"27/11/2017 10:46:18 a.m.";;;"e:\sync\scripting\powershell\visoreventos\setup.evtx";"System.UInt32[]";"System.Diagnostics.Eventing.Reader.EventBookmark";"Informaci?n";"Informaci?n";;"System.Collections.ObjectModel.ReadOnlyCollection`1[System.String]";"System.Collections.Generic.List`1[System.Diagnostics.Eventing.Reader.EventProperty]"
"Se cambi? el paquete KB2533623 correctamente al estado Instalado.";"2";"0";;"0";"0";"0";"-9223372036854775808";"55";"Microsoft-Windows-Servicing";"bd12f3b8-fc40-4a61-a307-b7a013a069c1";"Setup";"980";"1036";"SCTEST04.aitsoporte.local";"S-1-5-18";"27/11/2017 10:46:18 a.m.";;;"e:\sync\scripting\powershell\visoreventos\setup.evtx";"System.UInt32[]";"System.Diagnostics.Eventing.Reader.EventBookmark";"Informaci?n";"Informaci?n";;"System.Collections.ObjectModel.ReadOnlyCollection`1[System.String]";"System.Collections.Generic.List`1[System.Diagnostics.Eventing.Reader.EventProperty]"
"Se cambi? el paquete KB2639308 correctamente al estado Instalado.";"2";"0";;"0";"0";"0";"-9223372036854775808";"54";"Microsoft-Windows-Servicing";"bd12f3b8-fc40-4a61-a307-b7a013a069c1";"Setup";"980";"1036";"SCTEST04.aitsoporte.local";"S-1-5-18";"27/11/2017 10:46:18 a.m.";;;"e:\sync\scripting\powershell\visoreventos\setup.evtx";"System.UInt32[]";"System.Diagnostics.Eventing.Reader.EventBookmark";"Informaci?n";"Informaci?n";;"System.Collections.ObjectModel.ReadOnlyCollection`1[System.String]";"System.Collections.Generic.List`1[System.Diagnostics.Eventing.Reader.EventProperty]"
"Se cambi? el paquete KB2670838 correctamente al estado Instalado.";"2";"0";;"0";"0";"0";"-9223372036854775808";"53";"Microsoft-Windows-Servicing";"bd12f3b8-fc40-4a61-a307-b7a013a069c1";"Setup";"980";"1036";"SCTEST04.aitsoporte.local";"S-1-5-18";"27/11/2017 10:46:18 a.m.";;;"e:\sync\scripting\powershell\visoreventos\setup.evtx";"System.UInt32[]";"System.Diagnostics.Eventing.Reader.EventBookmark";"Informaci?n";"Informaci?n";;"System.Collections.ObjectModel.ReadOnlyCollection`1[System.String]";"System.Collections.Generic.List`1[System.Diagnostics.Eventing.Reader.EventProperty]"
"Se cambi? el paquete KB2834140 correctamente al estado Instalado.";"2";"0";;"0";"0";"0";"-9223372036854775808";"52";"Microsoft-Windows-Servicing";"bd12f3b8-fc40-4a61-a307-b7a013a069c1";"Setup";"980";"1036";"SCTEST04.aitsoporte.local";"S-1-5-18";"27/11/2017 10:46:18 a.m.";;;"e:\sync\scripting\powershell\visoreventos\setup.evtx";"System.UInt32[]";"System.Diagnostics.Eventing.Reader.EventBookmark";"Informaci?n";"Informaci?n";;"System.Collections.ObjectModel.ReadOnlyCollection`1[System.String]";"System.Collections.Generic.List`1[System.Diagnostics.Eventing.Reader.EventProperty]"
"Se debe reiniciar para poder cambiar el paquete KB2849697 al estado Instalado.";"4";"0";;"0";"0";"0";"-9223372036854775808";"51";"Microsoft-Windows-Servicing";"bd12f3b8-fc40-4a61-a307-b7a013a069c1";"Setup";"3088";"752";"SCTEST04.aitsoporte.local";"S-1-5-18";"27/11/2017 10:41:21 a.m.";;;"e:\sync\scripting\powershell\visoreventos\setup.evtx";"System.UInt32[]";"System.Diagnostics.Eventing.Reader.EventBookmark";"Informaci?n";"Informaci?n";;"System.Collections.ObjectModel.ReadOnlyCollection`1[System.String]";"System.Collections.Generic.List`1[System.Diagnostics.Eventing.Reader.EventProperty]"
"Iniciando cambios para el paquete KB2849697. El estado actual es Ausente. El estado de destino es Instalado. Identificador de cliente: DISM Package Manager Provider.";"1";"0";;"0";"0";"0";"-9223372036854775808";"50";"Microsoft-Windows-Servicing";"bd12f3b8-fc40-4a61-a307-b7a013a069c1";"Setup";"3088";"752";"SCTEST04.aitsoporte.local";"S-1-5-18";"27/11/2017 10:40:46 a.m.";;;"e:\sync\scripting\powershell\visoreventos\setup.evtx";"System.UInt32[]";"System.Diagnostics.Eventing.Reader.EventBookmark";"Informaci?n";"Informaci?n";;"System.Collections.ObjectModel.ReadOnlyCollection`1[System.String]";"System.Collections.Generic.List`1[System.Diagnostics.Eventing.Reader.EventProperty]"
